using /home/riscv/RRF/Reports/2022-05-03_11:26:01.047965/fclass/work/fclass_b1-01.S/Reference-sail_c_simulator.signature for test-signature output.
[Sail] Allocating new block 0x80000000
tohost located at 0x80001000
[Sail] Allocating new block 0x0

Running file ref.elf.
ELF Entry @ 0x80000000
begin_signature: 0x80002210
end_signature: 0x80002320
CSR mstatus <- 0x00000000 (input: 0x00000000)
mem[X,0x00001000] -> 0x0297
mem[X,0x00001002] -> 0x0000
[0] [M]: 0x00001000 (0x00000297) auipc t0, 0
x5 <- 0x00001000


mem[X,0x00001004] -> 0x8593
mem[X,0x00001006] -> 0x0202
[1] [M]: 0x00001004 (0x02028593) addi a1, t0, 32
x11 <- 0x00001020


mem[X,0x00001008] -> 0x2573
mem[X,0x0000100A] -> 0xF140
[2] [M]: 0x00001008 (0xF1402573) csrrs a0, mhartid, zero
CSR mhartid -> 0x00000000
x10 <- 0x00000000


mem[X,0x0000100C] -> 0xA283
mem[X,0x0000100E] -> 0x0182
[3] [M]: 0x0000100C (0x0182A283) lw t0, 24(t0)
mem[R,0x00001018] -> 0x80000000
x5 <- 0x80000000


mem[X,0x00001010] -> 0x8067
mem[X,0x00001012] -> 0x0002
[4] [M]: 0x00001010 (0x00028067) jalr zero, t0, 0


mem[X,0x80000000] -> 0xC0B7
mem[X,0x80000002] -> 0xFEED
[5] [M]: 0x80000000 (0xFEEDC0B7) lui ra, 1044188
x1 <- 0xFEEDC000


mem[X,0x80000004] -> 0x8093
mem[X,0x80000006] -> 0xEAD0
[6] [M]: 0x80000004 (0xEAD08093) addi ra, ra, 3757
x1 <- 0xFEEDBEAD


mem[X,0x80000008] -> 0xE137
mem[X,0x8000000A] -> 0xFF76
[7] [M]: 0x80000008 (0xFF76E137) lui sp, 1046382
x2 <- 0xFF76E000


mem[X,0x8000000C] -> 0x0113
mem[X,0x8000000E] -> 0xF561
[8] [M]: 0x8000000C (0xF5610113) addi sp, sp, 3926
x2 <- 0xFF76DF56


mem[X,0x80000010] -> 0x71B7
mem[X,0x80000012] -> 0x7FBB
[9] [M]: 0x80000010 (0x7FBB71B7) lui gp, 523191
x3 <- 0x7FBB7000


mem[X,0x80000014] -> 0x8193
mem[X,0x80000016] -> 0xFAB1
[10] [M]: 0x80000014 (0xFAB18193) addi gp, gp, 4011
x3 <- 0x7FBB6FAB


mem[X,0x80000018] -> 0xB237
mem[X,0x8000001A] -> 0xBFDD
[11] [M]: 0x80000018 (0xBFDDB237) lui tp, 785883
x4 <- 0xBFDDB000


mem[X,0x8000001C] -> 0x0213
mem[X,0x8000001E] -> 0x7D52
[12] [M]: 0x8000001C (0x7D520213) addi tp, tp, 2005
x4 <- 0xBFDDB7D5


mem[X,0x80000020] -> 0x0297
mem[X,0x80000022] -> 0x0000
[13] [M]: 0x80000020 (0x00000297) auipc t0, 0
x5 <- 0x80000020


mem[X,0x80000024] -> 0x8293
mem[X,0x80000026] -> 0x0D82
[14] [M]: 0x80000024 (0x0D828293) addi t0, t0, 216
x5 <- 0x800000F8


mem[X,0x80000028] -> 0x2317
mem[X,0x8000002A] -> 0x0000
[15] [M]: 0x80000028 (0x00002317) auipc t1, 2
x6 <- 0x80002028


mem[X,0x8000002C] -> 0x0313
mem[X,0x8000002E] -> 0xFD83
[16] [M]: 0x8000002C (0xFD830313) addi t1, t1, 4056
x6 <- 0x80002000


mem[X,0x80000030] -> 0xB3B7
mem[X,0x80000032] -> 0xB7FB
[17] [M]: 0x80000030 (0xB7FBB3B7) lui t2, 753595
x7 <- 0xB7FBB000


mem[X,0x80000034] -> 0x8393
mem[X,0x80000036] -> 0x6FA3
[18] [M]: 0x80000034 (0x6FA38393) addi t2, t2, 1786
x7 <- 0xB7FBB6FA


mem[X,0x80000038] -> 0xE437
mem[X,0x8000003A] -> 0x5BFD
[19] [M]: 0x80000038 (0x5BFDE437) lui fp, 376798
x8 <- 0x5BFDE000


mem[X,0x8000003C] -> 0x0413
mem[X,0x8000003E] -> 0xB7D4
[20] [M]: 0x8000003C (0xB7D40413) addi fp, fp, 2941
x8 <- 0x5BFDDB7D


mem[X,0x80000040] -> 0xF4B7
mem[X,0x80000042] -> 0xADFE
[21] [M]: 0x80000040 (0xADFEF4B7) lui s1, 712687
x9 <- 0xADFEF000


mem[X,0x80000044] -> 0x8493
mem[X,0x80000046] -> 0xDBE4
[22] [M]: 0x80000044 (0xDBE48493) addi s1, s1, 3518
x9 <- 0xADFEEDBE


mem[X,0x80000048] -> 0x7537
mem[X,0x8000004A] -> 0x56FF
[23] [M]: 0x80000048 (0x56FF7537) lui a0, 356343
x10 <- 0x56FF7000


mem[X,0x8000004C] -> 0x0513
mem[X,0x8000004E] -> 0x6DF5
[24] [M]: 0x8000004C (0x6DF50513) addi a0, a0, 1759
x10 <- 0x56FF76DF


mem[X,0x80000050] -> 0xC5B7
mem[X,0x80000052] -> 0xAB7F
[25] [M]: 0x80000050 (0xAB7FC5B7) lui a1, 702460
x11 <- 0xAB7FC000


mem[X,0x80000054] -> 0x8593
mem[X,0x80000056] -> 0xB6F5
[26] [M]: 0x80000054 (0xB6F58593) addi a1, a1, 2927
x11 <- 0xAB7FBB6F


mem[X,0x80000058] -> 0xE637
mem[X,0x8000005A] -> 0xD5BF
[27] [M]: 0x80000058 (0xD5BFE637) lui a2, 875518
x12 <- 0xD5BFE000


mem[X,0x8000005C] -> 0x0613
mem[X,0x8000005E] -> 0xDB76
[28] [M]: 0x8000005C (0xDB760613) addi a2, a2, 3511
x12 <- 0xD5BFDDB7


mem[X,0x80000060] -> 0xF6B7
mem[X,0x80000062] -> 0xEADF
[29] [M]: 0x80000060 (0xEADFF6B7) lui a3, 962047
x13 <- 0xEADFF000


mem[X,0x80000064] -> 0x8693
mem[X,0x80000066] -> 0xEDB6
[30] [M]: 0x80000064 (0xEDB68693) addi a3, a3, 3803
x13 <- 0xEADFEEDB


mem[X,0x80000068] -> 0xF737
mem[X,0x8000006A] -> 0xF56F
[31] [M]: 0x80000068 (0xF56FF737) lui a4, 1005311
x14 <- 0xF56FF000


mem[X,0x8000006C] -> 0x0713
mem[X,0x8000006E] -> 0x76D7
[32] [M]: 0x8000006C (0x76D70713) addi a4, a4, 1901
x14 <- 0xF56FF76D


mem[X,0x80000070] -> 0x07B7
mem[X,0x80000072] -> 0xFAB8
[33] [M]: 0x80000070 (0xFAB807B7) lui a5, 1026944
x15 <- 0xFAB80000


mem[X,0x80000074] -> 0x8793
mem[X,0x80000076] -> 0xBB67
[34] [M]: 0x80000074 (0xBB678793) addi a5, a5, 2998
x15 <- 0xFAB7FBB6


mem[X,0x80000078] -> 0x0837
mem[X,0x8000007A] -> 0x7D5C
[35] [M]: 0x80000078 (0x7D5C0837) lui a6, 513472
x16 <- 0x7D5C0000


mem[X,0x8000007C] -> 0x0813
mem[X,0x8000007E] -> 0xDDB8
[36] [M]: 0x8000007C (0xDDB80813) addi a6, a6, 3547
x16 <- 0x7D5BFDDB


mem[X,0x80000080] -> 0x08B7
mem[X,0x80000082] -> 0xBEAE
[37] [M]: 0x80000080 (0xBEAE08B7) lui a7, 781024
x17 <- 0xBEAE0000


mem[X,0x80000084] -> 0x8893
mem[X,0x80000086] -> 0xEED8
[38] [M]: 0x80000084 (0xEED88893) addi a7, a7, 3821
x17 <- 0xBEADFEED


mem[X,0x80000088] -> 0x0937
mem[X,0x8000008A] -> 0xDF57
[39] [M]: 0x80000088 (0xDF570937) lui s2, 914800
x18 <- 0xDF570000


mem[X,0x8000008C] -> 0x0913
mem[X,0x8000008E] -> 0xF769
[40] [M]: 0x8000008C (0xF7690913) addi s2, s2, 3958
x18 <- 0xDF56FF76


mem[X,0x80000090] -> 0x89B7
mem[X,0x80000092] -> 0x6FAB
[41] [M]: 0x80000090 (0x6FAB89B7) lui s3, 457400
x19 <- 0x6FAB8000


mem[X,0x80000094] -> 0x8993
mem[X,0x80000096] -> 0xFBB9
[42] [M]: 0x80000094 (0xFBB98993) addi s3, s3, 4027
x19 <- 0x6FAB7FBB


mem[X,0x80000098] -> 0xCA37
mem[X,0x8000009A] -> 0xB7D5
[43] [M]: 0x80000098 (0xB7D5CA37) lui s4, 752988
x20 <- 0xB7D5C000


mem[X,0x8000009C] -> 0x0A13
mem[X,0x8000009E] -> 0xFDDA
[44] [M]: 0x8000009C (0xFDDA0A13) addi s4, s4, 4061
x20 <- 0xB7D5BFDD


mem[X,0x800000A0] -> 0xEAB7
mem[X,0x800000A2] -> 0xDBEA
[45] [M]: 0x800000A0 (0xDBEAEAB7) lui s5, 900782
x21 <- 0xDBEAE000


mem[X,0x800000A4] -> 0x8A93
mem[X,0x800000A6] -> 0xFEEA
[46] [M]: 0x800000A4 (0xFEEA8A93) addi s5, s5, 4078
x21 <- 0xDBEADFEE


mem[X,0x800000A8] -> 0x7B37
mem[X,0x800000AA] -> 0x6DF5
[47] [M]: 0x800000A8 (0x6DF57B37) lui s6, 450391
x22 <- 0x6DF57000


mem[X,0x800000AC] -> 0x0B13
mem[X,0x800000AE] -> 0xFF7B
[48] [M]: 0x800000AC (0xFF7B0B13) addi s6, s6, 4087
x22 <- 0x6DF56FF7


mem[X,0x800000B0] -> 0xBBB7
mem[X,0x800000B2] -> 0xB6FA
[49] [M]: 0x800000B0 (0xB6FABBB7) lui s7, 749483
x23 <- 0xB6FAB000


mem[X,0x800000B4] -> 0x8B93
mem[X,0x800000B6] -> 0x7FBB
[50] [M]: 0x800000B4 (0x7FBB8B93) addi s7, s7, 2043
x23 <- 0xB6FAB7FB


mem[X,0x800000B8] -> 0x6C37
mem[X,0x800000BA] -> 0xDB7D
[51] [M]: 0x800000B8 (0xDB7D6C37) lui s8, 899030
x24 <- 0xDB7D6000


mem[X,0x800000BC] -> 0x0C13
mem[X,0x800000BE] -> 0xBFDC
[52] [M]: 0x800000BC (0xBFDC0C13) addi s8, s8, 3069
x24 <- 0xDB7D5BFD


mem[X,0x800000C0] -> 0xBCB7
mem[X,0x800000C2] -> 0xEDBE
[53] [M]: 0x800000C0 (0xEDBEBCB7) lui s9, 973803
x25 <- 0xEDBEB000


mem[X,0x800000C4] -> 0x8C93
mem[X,0x800000C6] -> 0xDFEC
[54] [M]: 0x800000C4 (0xDFEC8C93) addi s9, s9, 3582
x25 <- 0xEDBEADFE


mem[X,0x800000C8] -> 0x5D37
mem[X,0x800000CA] -> 0x76DF
[55] [M]: 0x800000C8 (0x76DF5D37) lui s10, 486901
x26 <- 0x76DF5000


mem[X,0x800000CC] -> 0x0D13
mem[X,0x800000CE] -> 0x6FFD
[56] [M]: 0x800000CC (0x6FFD0D13) addi s10, s10, 1791
x26 <- 0x76DF56FF


mem[X,0x800000D0] -> 0xBDB7
mem[X,0x800000D2] -> 0xBB6F
[57] [M]: 0x800000D0 (0xBB6FBDB7) lui s11, 767739
x27 <- 0xBB6FB000


mem[X,0x800000D4] -> 0x8D93
mem[X,0x800000D6] -> 0xB7FD
[58] [M]: 0x800000D4 (0xB7FD8D93) addi s11, s11, 2943
x27 <- 0xBB6FAB7F


mem[X,0x800000D8] -> 0xDE37
mem[X,0x800000DA] -> 0xDDB7
[59] [M]: 0x800000D8 (0xDDB7DE37) lui t3, 908157
x28 <- 0xDDB7D000


mem[X,0x800000DC] -> 0x0E13
mem[X,0x800000DE] -> 0x5BFE
[60] [M]: 0x800000DC (0x5BFE0E13) addi t3, t3, 1471
x28 <- 0xDDB7D5BF


mem[X,0x800000E0] -> 0xFEB7
mem[X,0x800000E2] -> 0xEEDB
[61] [M]: 0x800000E0 (0xEEDBFEB7) lui t4, 978367
x29 <- 0xEEDBF000


mem[X,0x800000E4] -> 0x8E93
mem[X,0x800000E6] -> 0xADFE
[62] [M]: 0x800000E4 (0xADFE8E93) addi t4, t4, 2783
x29 <- 0xEEDBEADF


mem[X,0x800000E8] -> 0xFF37
mem[X,0x800000EA] -> 0xF76D
[63] [M]: 0x800000E8 (0xF76DFF37) lui t5, 1013471
x30 <- 0xF76DF000


mem[X,0x800000EC] -> 0x0F13
mem[X,0x800000EE] -> 0x56FF
[64] [M]: 0x800000EC (0x56FF0F13) addi t5, t5, 1391
x30 <- 0xF76DF56F


mem[X,0x800000F0] -> 0x0FB7
mem[X,0x800000F2] -> 0xFBB7
[65] [M]: 0x800000F0 (0xFBB70FB7) lui t6, 1031024
x31 <- 0xFBB70000


mem[X,0x800000F4] -> 0x8F93
mem[X,0x800000F6] -> 0xAB7F
[66] [M]: 0x800000F4 (0xAB7F8F93) addi t6, t6, 2743
x31 <- 0xFBB6FAB7


mem[X,0x800000F8] -> 0x2537
mem[X,0x800000FA] -> 0x0000
[67] [M]: 0x800000F8 (0x00002537) lui a0, 2
x10 <- 0x00002000


mem[X,0x800000FC] -> 0x2073
mem[X,0x800000FE] -> 0x3005
[68] [M]: 0x800000FC (0x30052073) csrrs zero, mstatus, a0
CSR mstatus -> 0x00000000
CSR mstatus <- 0x00002000 (input: 0x00002000)


mem[X,0x80000100] -> 0x5073
mem[X,0x80000102] -> 0x0030
[69] [M]: 0x80000100 (0x00305073) csrrwi zero, fcsr, 0
CSR fcsr -> 0x00000000
CSR fcsr <- 0x00000000 (input: 0x00000000)


mem[X,0x80000104] -> 0x2A17
mem[X,0x80000106] -> 0x0000
[70] [M]: 0x80000104 (0x00002A17) auipc s4, 2
x20 <- 0x80002104


mem[X,0x80000108] -> 0x0A13
mem[X,0x8000010A] -> 0xF0CA
[71] [M]: 0x80000108 (0xF0CA0A13) addi s4, s4, 3852
x20 <- 0x80002010


mem[X,0x8000010C] -> 0x2997
mem[X,0x8000010E] -> 0x0000
[72] [M]: 0x8000010C (0x00002997) auipc s3, 2
x19 <- 0x8000210C


mem[X,0x80000110] -> 0x8993
mem[X,0x80000112] -> 0x1049
[73] [M]: 0x80000110 (0x10498993) addi s3, s3, 260
x19 <- 0x80002210


mem[X,0x80000114] -> 0x2A87
mem[X,0x80000116] -> 0x000A
[74] [M]: 0x80000114 (0x000A2A87) flw fs5, 0(s4)
mem[R,0x80002010] -> 0x00000000
f21 <- 0xFFFFFFFF00000000


mem[X,0x80000118] -> 0xD073
mem[X,0x8000011A] -> 0x0020
[75] [M]: 0x80000118 (0x0020D073) csrrwi zero, frm, 1
CSR frm -> 0x00000000
CSR frm <- 0x00000001 (input: 0x00000001)


mem[X,0x8000011C] -> 0x9853
mem[X,0x8000011E] -> 0xE00A
[76] [M]: 0x8000011C (0xE00A9853) fclass.s a6, fs5
x16 <- 0x00000010


mem[X,0x80000120] -> 0x2AF3
mem[X,0x80000122] -> 0x0010
[77] [M]: 0x80000120 (0x00102AF3) csrrs s5, fflags, zero
CSR fflags -> 0x00000000
x21 <- 0x00000000


mem[X,0x80000124] -> 0xA023
mem[X,0x80000126] -> 0x0109
[78] [M]: 0x80000124 (0x0109A023) sw a6, 0(s3)
mem[0x80002210] <- 0x00000010


mem[X,0x80000128] -> 0xA223
mem[X,0x8000012A] -> 0x0159
[79] [M]: 0x80000128 (0x0159A223) sw s5, 4(s3)
mem[0x80002214] <- 0x00000000


mem[X,0x8000012C] -> 0x0833
mem[X,0x8000012E] -> 0x000A
[80] [M]: 0x8000012C (0x000A0833) add a6, s4, zero
x16 <- 0x80002010


mem[X,0x80000130] -> 0x2797
mem[X,0x80000132] -> 0x0000
[81] [M]: 0x80000130 (0x00002797) auipc a5, 2
x15 <- 0x80002130


mem[X,0x80000134] -> 0x8793
mem[X,0x80000136] -> 0x0E87
[82] [M]: 0x80000134 (0x0E878793) addi a5, a5, 232
x15 <- 0x80002218


mem[X,0x80000138] -> 0x2007
mem[X,0x8000013A] -> 0x0048
[83] [M]: 0x80000138 (0x00482007) flw ft0, 4(a6)
mem[R,0x80002014] -> 0xBF800000
f0 <- 0xFFFFFFFFBF800000


mem[X,0x8000013C] -> 0xD073
mem[X,0x8000013E] -> 0x0020
[84] [M]: 0x8000013C (0x0020D073) csrrwi zero, frm, 1
CSR frm -> 0x00000001
CSR frm <- 0x00000001 (input: 0x00000001)


mem[X,0x80000140] -> 0x1A53
mem[X,0x80000142] -> 0xE000
[85] [M]: 0x80000140 (0xE0001A53) fclass.s s4, ft0
x20 <- 0x00000002


mem[X,0x80000144] -> 0x28F3
mem[X,0x80000146] -> 0x0010
[86] [M]: 0x80000144 (0x001028F3) csrrs a7, fflags, zero
CSR fflags -> 0x00000000
x17 <- 0x00000000


mem[X,0x80000148] -> 0xA023
mem[X,0x8000014A] -> 0x0147
[87] [M]: 0x80000148 (0x0147A023) sw s4, 0(a5)
mem[0x80002218] <- 0x00000002


mem[X,0x8000014C] -> 0xA223
mem[X,0x8000014E] -> 0x0117
[88] [M]: 0x8000014C (0x0117A223) sw a7, 4(a5)
mem[0x8000221C] <- 0x00000000


mem[X,0x80000150] -> 0x0A33
mem[X,0x80000152] -> 0x0008
[89] [M]: 0x80000150 (0x00080A33) add s4, a6, zero
x20 <- 0x80002010


mem[X,0x80000154] -> 0x2997
mem[X,0x80000156] -> 0x0000
[90] [M]: 0x80000154 (0x00002997) auipc s3, 2
x19 <- 0x80002154


mem[X,0x80000158] -> 0x8993
mem[X,0x8000015A] -> 0x0CC9
[91] [M]: 0x80000158 (0x0CC98993) addi s3, s3, 204
x19 <- 0x80002220


mem[X,0x8000015C] -> 0x2D07
mem[X,0x8000015E] -> 0x008A
[92] [M]: 0x8000015C (0x008A2D07) flw fs10, 8(s4)
mem[R,0x80002018] -> 0x3F800000
f26 <- 0xFFFFFFFF3F800000


mem[X,0x80000160] -> 0xD073
mem[X,0x80000162] -> 0x0020
[93] [M]: 0x80000160 (0x0020D073) csrrwi zero, frm, 1
CSR frm -> 0x00000001
CSR frm <- 0x00000001 (input: 0x00000001)


mem[X,0x80000164] -> 0x18D3
mem[X,0x80000166] -> 0xE00D
[94] [M]: 0x80000164 (0xE00D18D3) fclass.s a7, fs10
x17 <- 0x00000040


mem[X,0x80000168] -> 0x2AF3
mem[X,0x8000016A] -> 0x0010
[95] [M]: 0x80000168 (0x00102AF3) csrrs s5, fflags, zero
CSR fflags -> 0x00000000
x21 <- 0x00000000


mem[X,0x8000016C] -> 0xA023
mem[X,0x8000016E] -> 0x0119
[96] [M]: 0x8000016C (0x0119A023) sw a7, 0(s3)
mem[0x80002220] <- 0x00000040


mem[X,0x80000170] -> 0xA223
mem[X,0x80000172] -> 0x0159
[97] [M]: 0x80000170 (0x0159A223) sw s5, 4(s3)
mem[0x80002224] <- 0x00000000


mem[X,0x80000174] -> 0x0833
mem[X,0x80000176] -> 0x000A
[98] [M]: 0x80000174 (0x000A0833) add a6, s4, zero
x16 <- 0x80002010


mem[X,0x80000178] -> 0x2797
mem[X,0x8000017A] -> 0x0000
[99] [M]: 0x80000178 (0x00002797) auipc a5, 2
x15 <- 0x80002178


clint::tick mtime <- 0x0000000000000001
 clint timer pending at mtime 0x0000000000000001
htif::tick 0x0000000000000000
mem[X,0x8000017C] -> 0x8793
mem[X,0x8000017E] -> 0x0B07
[100] [M]: 0x8000017C (0x0B078793) addi a5, a5, 176
x15 <- 0x80002228


mem[X,0x80000180] -> 0x2F87
mem[X,0x80000182] -> 0x00C8
[101] [M]: 0x80000180 (0x00C82F87) flw ft11, 12(a6)
mem[R,0x8000201C] -> 0xFFAAAAAA
f31 <- 0xFFFFFFFFFFAAAAAA


mem[X,0x80000184] -> 0xD073
mem[X,0x80000186] -> 0x0020
[102] [M]: 0x80000184 (0x0020D073) csrrwi zero, frm, 1
CSR frm -> 0x00000001
CSR frm <- 0x00000001 (input: 0x00000001)


mem[X,0x80000188] -> 0x9F53
mem[X,0x8000018A] -> 0xE00F
[103] [M]: 0x80000188 (0xE00F9F53) fclass.s t5, ft11
x30 <- 0x00000100


mem[X,0x8000018C] -> 0x28F3
mem[X,0x8000018E] -> 0x0010
[104] [M]: 0x8000018C (0x001028F3) csrrs a7, fflags, zero
CSR fflags -> 0x00000000
x17 <- 0x00000000


mem[X,0x80000190] -> 0xA023
mem[X,0x80000192] -> 0x01E7
[105] [M]: 0x80000190 (0x01E7A023) sw t5, 0(a5)
mem[0x80002228] <- 0x00000100


mem[X,0x80000194] -> 0xA223
mem[X,0x80000196] -> 0x0117
[106] [M]: 0x80000194 (0x0117A223) sw a7, 4(a5)
mem[0x8000222C] <- 0x00000000


mem[X,0x80000198] -> 0x2707
mem[X,0x8000019A] -> 0x0108
[107] [M]: 0x80000198 (0x01082707) flw fa4, 16(a6)
mem[R,0x80002020] -> 0x7F800001
f14 <- 0xFFFFFFFF7F800001


mem[X,0x8000019C] -> 0xD073
mem[X,0x8000019E] -> 0x0020
[108] [M]: 0x8000019C (0x0020D073) csrrwi zero, frm, 1
CSR frm -> 0x00000001
CSR frm <- 0x00000001 (input: 0x00000001)


mem[X,0x800001A0] -> 0x1DD3
mem[X,0x800001A2] -> 0xE007
[109] [M]: 0x800001A0 (0xE0071DD3) fclass.s s11, fa4
x27 <- 0x00000100


mem[X,0x800001A4] -> 0x28F3
mem[X,0x800001A6] -> 0x0010
[110] [M]: 0x800001A4 (0x001028F3) csrrs a7, fflags, zero
CSR fflags -> 0x00000000
x17 <- 0x00000000


mem[X,0x800001A8] -> 0xA423
mem[X,0x800001AA] -> 0x01B7
[111] [M]: 0x800001A8 (0x01B7A423) sw s11, 8(a5)
mem[0x80002230] <- 0x00000100


mem[X,0x800001AC] -> 0xA623
mem[X,0x800001AE] -> 0x0117
[112] [M]: 0x800001AC (0x0117A623) sw a7, 12(a5)
mem[0x80002234] <- 0x00000000


mem[X,0x800001B0] -> 0x2207
mem[X,0x800001B2] -> 0x0148
[113] [M]: 0x800001B0 (0x01482207) flw ft4, 20(a6)
mem[R,0x80002024] -> 0xFFC55555
f4 <- 0xFFFFFFFFFFC55555


mem[X,0x800001B4] -> 0xD073
mem[X,0x800001B6] -> 0x0020
[114] [M]: 0x800001B4 (0x0020D073) csrrwi zero, frm, 1
CSR frm -> 0x00000001
CSR frm <- 0x00000001 (input: 0x00000001)


mem[X,0x800001B8] -> 0x1D53
mem[X,0x800001BA] -> 0xE002
[115] [M]: 0x800001B8 (0xE0021D53) fclass.s s10, ft4
x26 <- 0x00000200


mem[X,0x800001BC] -> 0x28F3
mem[X,0x800001BE] -> 0x0010
[116] [M]: 0x800001BC (0x001028F3) csrrs a7, fflags, zero
CSR fflags -> 0x00000000
x17 <- 0x00000000


mem[X,0x800001C0] -> 0xA823
mem[X,0x800001C2] -> 0x01A7
[117] [M]: 0x800001C0 (0x01A7A823) sw s10, 16(a5)
mem[0x80002238] <- 0x00000200


mem[X,0x800001C4] -> 0xAA23
mem[X,0x800001C6] -> 0x0117
[118] [M]: 0x800001C4 (0x0117AA23) sw a7, 20(a5)
mem[0x8000223C] <- 0x00000000


mem[X,0x800001C8] -> 0x2907
mem[X,0x800001CA] -> 0x0188
[119] [M]: 0x800001C8 (0x01882907) flw fs2, 24(a6)
mem[R,0x80002028] -> 0x7FC00001
f18 <- 0xFFFFFFFF7FC00001


mem[X,0x800001CC] -> 0xD073
mem[X,0x800001CE] -> 0x0020
[120] [M]: 0x800001CC (0x0020D073) csrrwi zero, frm, 1
CSR frm -> 0x00000001
CSR frm <- 0x00000001 (input: 0x00000001)


mem[X,0x800001D0] -> 0x1353
mem[X,0x800001D2] -> 0xE009
[121] [M]: 0x800001D0 (0xE0091353) fclass.s t1, fs2
x6 <- 0x00000200


mem[X,0x800001D4] -> 0x28F3
mem[X,0x800001D6] -> 0x0010
[122] [M]: 0x800001D4 (0x001028F3) csrrs a7, fflags, zero
CSR fflags -> 0x00000000
x17 <- 0x00000000


mem[X,0x800001D8] -> 0xAC23
mem[X,0x800001DA] -> 0x0067
[123] [M]: 0x800001D8 (0x0067AC23) sw t1, 24(a5)
mem[0x80002240] <- 0x00000200


mem[X,0x800001DC] -> 0xAE23
mem[X,0x800001DE] -> 0x0117
[124] [M]: 0x800001DC (0x0117AE23) sw a7, 28(a5)
mem[0x80002244] <- 0x00000000


mem[X,0x800001E0] -> 0x2C07
mem[X,0x800001E2] -> 0x01C8
[125] [M]: 0x800001E0 (0x01C82C07) flw fs8, 28(a6)
mem[R,0x8000202C] -> 0xFFC00000
f24 <- 0xFFFFFFFFFFC00000


mem[X,0x800001E4] -> 0xD073
mem[X,0x800001E6] -> 0x0020
[126] [M]: 0x800001E4 (0x0020D073) csrrwi zero, frm, 1
CSR frm -> 0x00000001
CSR frm <- 0x00000001 (input: 0x00000001)


mem[X,0x800001E8] -> 0x1953
mem[X,0x800001EA] -> 0xE00C
[127] [M]: 0x800001E8 (0xE00C1953) fclass.s s2, fs8
x18 <- 0x00000200


mem[X,0x800001EC] -> 0x28F3
mem[X,0x800001EE] -> 0x0010
[128] [M]: 0x800001EC (0x001028F3) csrrs a7, fflags, zero
CSR fflags -> 0x00000000
x17 <- 0x00000000


mem[X,0x800001F0] -> 0xA023
mem[X,0x800001F2] -> 0x0327
[129] [M]: 0x800001F0 (0x0327A023) sw s2, 32(a5)
mem[0x80002248] <- 0x00000200


mem[X,0x800001F4] -> 0xA223
mem[X,0x800001F6] -> 0x0317
[130] [M]: 0x800001F4 (0x0317A223) sw a7, 36(a5)
mem[0x8000224C] <- 0x00000000


mem[X,0x800001F8] -> 0x2987
mem[X,0x800001FA] -> 0x0208
[131] [M]: 0x800001F8 (0x02082987) flw fs3, 32(a6)
mem[R,0x80002030] -> 0x7FC00000
f19 <- 0xFFFFFFFF7FC00000


mem[X,0x800001FC] -> 0xD073
mem[X,0x800001FE] -> 0x0020
[132] [M]: 0x800001FC (0x0020D073) csrrwi zero, frm, 1
CSR frm -> 0x00000001
CSR frm <- 0x00000001 (input: 0x00000001)


mem[X,0x80000200] -> 0x91D3
mem[X,0x80000202] -> 0xE009
[133] [M]: 0x80000200 (0xE00991D3) fclass.s gp, fs3
x3 <- 0x00000200


mem[X,0x80000204] -> 0x28F3
mem[X,0x80000206] -> 0x0010
[134] [M]: 0x80000204 (0x001028F3) csrrs a7, fflags, zero
CSR fflags -> 0x00000000
x17 <- 0x00000000


mem[X,0x80000208] -> 0xA423
mem[X,0x8000020A] -> 0x0237
[135] [M]: 0x80000208 (0x0237A423) sw gp, 40(a5)
mem[0x80002250] <- 0x00000200


mem[X,0x8000020C] -> 0xA623
mem[X,0x8000020E] -> 0x0317
[136] [M]: 0x8000020C (0x0317A623) sw a7, 44(a5)
mem[0x80002254] <- 0x00000000


mem[X,0x80000210] -> 0x2407
mem[X,0x80000212] -> 0x0248
[137] [M]: 0x80000210 (0x02482407) flw fs0, 36(a6)
mem[R,0x80002034] -> 0xFF800000
f8 <- 0xFFFFFFFFFF800000


mem[X,0x80000214] -> 0xD073
mem[X,0x80000216] -> 0x0020
[138] [M]: 0x80000214 (0x0020D073) csrrwi zero, frm, 1
CSR frm -> 0x00000001
CSR frm <- 0x00000001 (input: 0x00000001)


mem[X,0x80000218] -> 0x1653
mem[X,0x8000021A] -> 0xE004
[139] [M]: 0x80000218 (0xE0041653) fclass.s a2, fs0
x12 <- 0x00000001


mem[X,0x8000021C] -> 0x28F3
mem[X,0x8000021E] -> 0x0010
[140] [M]: 0x8000021C (0x001028F3) csrrs a7, fflags, zero
CSR fflags -> 0x00000000
x17 <- 0x00000000


mem[X,0x80000220] -> 0xA823
mem[X,0x80000222] -> 0x02C7
[141] [M]: 0x80000220 (0x02C7A823) sw a2, 48(a5)
mem[0x80002258] <- 0x00000001


mem[X,0x80000224] -> 0xAA23
mem[X,0x80000226] -> 0x0317
[142] [M]: 0x80000224 (0x0317AA23) sw a7, 52(a5)
mem[0x8000225C] <- 0x00000000


mem[X,0x80000228] -> 0x0A33
mem[X,0x8000022A] -> 0x0008
[143] [M]: 0x80000228 (0x00080A33) add s4, a6, zero
x20 <- 0x80002010


mem[X,0x8000022C] -> 0x2997
mem[X,0x8000022E] -> 0x0000
[144] [M]: 0x8000022C (0x00002997) auipc s3, 2
x19 <- 0x8000222C


mem[X,0x80000230] -> 0x8993
mem[X,0x80000232] -> 0x0349
[145] [M]: 0x80000230 (0x03498993) addi s3, s3, 52
x19 <- 0x80002260


mem[X,0x80000234] -> 0x2087
mem[X,0x80000236] -> 0x028A
[146] [M]: 0x80000234 (0x028A2087) flw ft1, 40(s4)
mem[R,0x80002038] -> 0x7F800000
f1 <- 0xFFFFFFFF7F800000


mem[X,0x80000238] -> 0xD073
mem[X,0x8000023A] -> 0x0020
[147] [M]: 0x80000238 (0x0020D073) csrrwi zero, frm, 1
CSR frm -> 0x00000001
CSR frm <- 0x00000001 (input: 0x00000001)


mem[X,0x8000023C] -> 0x97D3
mem[X,0x8000023E] -> 0xE000
[148] [M]: 0x8000023C (0xE00097D3) fclass.s a5, ft1
x15 <- 0x00000080


mem[X,0x80000240] -> 0x2AF3
mem[X,0x80000242] -> 0x0010
[149] [M]: 0x80000240 (0x00102AF3) csrrs s5, fflags, zero
CSR fflags -> 0x00000000
x21 <- 0x00000000


mem[X,0x80000244] -> 0xA023
mem[X,0x80000246] -> 0x00F9
[150] [M]: 0x80000244 (0x00F9A023) sw a5, 0(s3)
mem[0x80002260] <- 0x00000080


mem[X,0x80000248] -> 0xA223
mem[X,0x8000024A] -> 0x0159
[151] [M]: 0x80000248 (0x0159A223) sw s5, 4(s3)
mem[0x80002264] <- 0x00000000


mem[X,0x8000024C] -> 0x0833
mem[X,0x8000024E] -> 0x000A
[152] [M]: 0x8000024C (0x000A0833) add a6, s4, zero
x16 <- 0x80002010


mem[X,0x80000250] -> 0x2797
mem[X,0x80000252] -> 0x0000
[153] [M]: 0x80000250 (0x00002797) auipc a5, 2
x15 <- 0x80002250


mem[X,0x80000254] -> 0x8793
mem[X,0x80000256] -> 0x0187
[154] [M]: 0x80000254 (0x01878793) addi a5, a5, 24
x15 <- 0x80002268


mem[X,0x80000258] -> 0x2507
mem[X,0x8000025A] -> 0x02C8
[155] [M]: 0x80000258 (0x02C82507) flw fa0, 44(a6)
mem[R,0x8000203C] -> 0xFF7FFFFF
f10 <- 0xFFFFFFFFFF7FFFFF


mem[X,0x8000025C] -> 0xD073
mem[X,0x8000025E] -> 0x0020
[156] [M]: 0x8000025C (0x0020D073) csrrwi zero, frm, 1
CSR frm -> 0x00000001
CSR frm <- 0x00000001 (input: 0x00000001)


mem[X,0x80000260] -> 0x16D3
mem[X,0x80000262] -> 0xE005
[157] [M]: 0x80000260 (0xE00516D3) fclass.s a3, fa0
x13 <- 0x00000002


mem[X,0x80000264] -> 0x28F3
mem[X,0x80000266] -> 0x0010
[158] [M]: 0x80000264 (0x001028F3) csrrs a7, fflags, zero
CSR fflags -> 0x00000000
x17 <- 0x00000000


mem[X,0x80000268] -> 0xA023
mem[X,0x8000026A] -> 0x00D7
[159] [M]: 0x80000268 (0x00D7A023) sw a3, 0(a5)
mem[0x80002268] <- 0x00000002


mem[X,0x8000026C] -> 0xA223
mem[X,0x8000026E] -> 0x0117
[160] [M]: 0x8000026C (0x0117A223) sw a7, 4(a5)
mem[0x8000226C] <- 0x00000000


mem[X,0x80000270] -> 0x2307
mem[X,0x80000272] -> 0x0308
[161] [M]: 0x80000270 (0x03082307) flw ft6, 48(a6)
mem[R,0x80002040] -> 0x7F7FFFFF
f6 <- 0xFFFFFFFF7F7FFFFF


mem[X,0x80000274] -> 0xD073
mem[X,0x80000276] -> 0x0020
[162] [M]: 0x80000274 (0x0020D073) csrrwi zero, frm, 1
CSR frm -> 0x00000001
CSR frm <- 0x00000001 (input: 0x00000001)


mem[X,0x80000278] -> 0x12D3
mem[X,0x8000027A] -> 0xE003
[163] [M]: 0x80000278 (0xE00312D3) fclass.s t0, ft6
x5 <- 0x00000040


mem[X,0x8000027C] -> 0x28F3
mem[X,0x8000027E] -> 0x0010
[164] [M]: 0x8000027C (0x001028F3) csrrs a7, fflags, zero
CSR fflags -> 0x00000000
x17 <- 0x00000000


mem[X,0x80000280] -> 0xA423
mem[X,0x80000282] -> 0x0057
[165] [M]: 0x80000280 (0x0057A423) sw t0, 8(a5)
mem[0x80002270] <- 0x00000040


mem[X,0x80000284] -> 0xA623
mem[X,0x80000286] -> 0x0117
[166] [M]: 0x80000284 (0x0117A623) sw a7, 12(a5)
mem[0x80002274] <- 0x00000000


mem[X,0x80000288] -> 0x2387
mem[X,0x8000028A] -> 0x0348
[167] [M]: 0x80000288 (0x03482387) flw ft7, 52(a6)
mem[R,0x80002044] -> 0x80855555
f7 <- 0xFFFFFFFF80855555


mem[X,0x8000028C] -> 0xD073
mem[X,0x8000028E] -> 0x0020
[168] [M]: 0x8000028C (0x0020D073) csrrwi zero, frm, 1
CSR frm -> 0x00000001
CSR frm <- 0x00000001 (input: 0x00000001)


mem[X,0x80000290] -> 0x9E53
mem[X,0x80000292] -> 0xE003
[169] [M]: 0x80000290 (0xE0039E53) fclass.s t3, ft7
x28 <- 0x00000002


mem[X,0x80000294] -> 0x28F3
mem[X,0x80000296] -> 0x0010
[170] [M]: 0x80000294 (0x001028F3) csrrs a7, fflags, zero
CSR fflags -> 0x00000000
x17 <- 0x00000000


mem[X,0x80000298] -> 0xA823
mem[X,0x8000029A] -> 0x01C7
[171] [M]: 0x80000298 (0x01C7A823) sw t3, 16(a5)
mem[0x80002278] <- 0x00000002


mem[X,0x8000029C] -> 0xAA23
mem[X,0x8000029E] -> 0x0117
[172] [M]: 0x8000029C (0x0117AA23) sw a7, 20(a5)
mem[0x8000227C] <- 0x00000000


mem[X,0x800002A0] -> 0x2A07
mem[X,0x800002A2] -> 0x0388
[173] [M]: 0x800002A0 (0x03882A07) flw fs4, 56(a6)
mem[R,0x80002048] -> 0x00800001
f20 <- 0xFFFFFFFF00800001


mem[X,0x800002A4] -> 0xD073
mem[X,0x800002A6] -> 0x0020
[174] [M]: 0x800002A4 (0x0020D073) csrrwi zero, frm, 1
CSR frm -> 0x00000001
CSR frm <- 0x00000001 (input: 0x00000001)


mem[X,0x800002A8] -> 0x1ED3
mem[X,0x800002AA] -> 0xE00A
[175] [M]: 0x800002A8 (0xE00A1ED3) fclass.s t4, fs4
x29 <- 0x00000040


mem[X,0x800002AC] -> 0x28F3
mem[X,0x800002AE] -> 0x0010
[176] [M]: 0x800002AC (0x001028F3) csrrs a7, fflags, zero
CSR fflags -> 0x00000000
x17 <- 0x00000000


mem[X,0x800002B0] -> 0xAC23
mem[X,0x800002B2] -> 0x01D7
[177] [M]: 0x800002B0 (0x01D7AC23) sw t4, 24(a5)
mem[0x80002280] <- 0x00000040


mem[X,0x800002B4] -> 0xAE23
mem[X,0x800002B6] -> 0x0117
[178] [M]: 0x800002B4 (0x0117AE23) sw a7, 28(a5)
mem[0x80002284] <- 0x00000000


mem[X,0x800002B8] -> 0x2887
mem[X,0x800002BA] -> 0x03C8
[179] [M]: 0x800002B8 (0x03C82887) flw fa7, 60(a6)
mem[R,0x8000204C] -> 0x80800000
f17 <- 0xFFFFFFFF80800000


mem[X,0x800002BC] -> 0xD073
mem[X,0x800002BE] -> 0x0020
[180] [M]: 0x800002BC (0x0020D073) csrrwi zero, frm, 1
CSR frm -> 0x00000001
CSR frm <- 0x00000001 (input: 0x00000001)


mem[X,0x800002C0] -> 0x9FD3
mem[X,0x800002C2] -> 0xE008
[181] [M]: 0x800002C0 (0xE0089FD3) fclass.s t6, fa7
x31 <- 0x00000002


mem[X,0x800002C4] -> 0x28F3
mem[X,0x800002C6] -> 0x0010
[182] [M]: 0x800002C4 (0x001028F3) csrrs a7, fflags, zero
CSR fflags -> 0x00000000
x17 <- 0x00000000


mem[X,0x800002C8] -> 0xA023
mem[X,0x800002CA] -> 0x03F7
[183] [M]: 0x800002C8 (0x03F7A023) sw t6, 32(a5)
mem[0x80002288] <- 0x00000002


mem[X,0x800002CC] -> 0xA223
mem[X,0x800002CE] -> 0x0317
[184] [M]: 0x800002CC (0x0317A223) sw a7, 36(a5)
mem[0x8000228C] <- 0x00000000


mem[X,0x800002D0] -> 0x2687
mem[X,0x800002D2] -> 0x0408
[185] [M]: 0x800002D0 (0x04082687) flw fa3, 64(a6)
mem[R,0x80002050] -> 0x00800000
f13 <- 0xFFFFFFFF00800000


mem[X,0x800002D4] -> 0xD073
mem[X,0x800002D6] -> 0x0020
[186] [M]: 0x800002D4 (0x0020D073) csrrwi zero, frm, 1
CSR frm -> 0x00000001
CSR frm <- 0x00000001 (input: 0x00000001)


mem[X,0x800002D8] -> 0x94D3
mem[X,0x800002DA] -> 0xE006
[187] [M]: 0x800002D8 (0xE00694D3) fclass.s s1, fa3
x9 <- 0x00000040


mem[X,0x800002DC] -> 0x28F3
mem[X,0x800002DE] -> 0x0010
[188] [M]: 0x800002DC (0x001028F3) csrrs a7, fflags, zero
CSR fflags -> 0x00000000
x17 <- 0x00000000


mem[X,0x800002E0] -> 0xA423
mem[X,0x800002E2] -> 0x0297
[189] [M]: 0x800002E0 (0x0297A423) sw s1, 40(a5)
mem[0x80002290] <- 0x00000040


mem[X,0x800002E4] -> 0xA623
mem[X,0x800002E6] -> 0x0317
[190] [M]: 0x800002E4 (0x0317A623) sw a7, 44(a5)
mem[0x80002294] <- 0x00000000


mem[X,0x800002E8] -> 0x2C87
mem[X,0x800002EA] -> 0x0448
[191] [M]: 0x800002E8 (0x04482C87) flw fs9, 68(a6)
mem[R,0x80002054] -> 0x807FFFFF
f25 <- 0xFFFFFFFF807FFFFF


mem[X,0x800002EC] -> 0xD073
mem[X,0x800002EE] -> 0x0020
[192] [M]: 0x800002EC (0x0020D073) csrrwi zero, frm, 1
CSR frm -> 0x00000001
CSR frm <- 0x00000001 (input: 0x00000001)


mem[X,0x800002F0] -> 0x9CD3
mem[X,0x800002F2] -> 0xE00C
[193] [M]: 0x800002F0 (0xE00C9CD3) fclass.s s9, fs9
x25 <- 0x00000004


mem[X,0x800002F4] -> 0x28F3
mem[X,0x800002F6] -> 0x0010
[194] [M]: 0x800002F4 (0x001028F3) csrrs a7, fflags, zero
CSR fflags -> 0x00000000
x17 <- 0x00000000


mem[X,0x800002F8] -> 0xA823
mem[X,0x800002FA] -> 0x0397
[195] [M]: 0x800002F8 (0x0397A823) sw s9, 48(a5)
mem[0x80002298] <- 0x00000004


mem[X,0x800002FC] -> 0xAA23
mem[X,0x800002FE] -> 0x0317
[196] [M]: 0x800002FC (0x0317AA23) sw a7, 52(a5)
mem[0x8000229C] <- 0x00000000


mem[X,0x80000300] -> 0x2D87
mem[X,0x80000302] -> 0x0488
[197] [M]: 0x80000300 (0x04882D87) flw fs11, 72(a6)
mem[R,0x80002058] -> 0x007FFFFF
f27 <- 0xFFFFFFFF007FFFFF


mem[X,0x80000304] -> 0xD073
mem[X,0x80000306] -> 0x0020
[198] [M]: 0x80000304 (0x0020D073) csrrwi zero, frm, 1
CSR frm -> 0x00000001
CSR frm <- 0x00000001 (input: 0x00000001)


mem[X,0x80000308] -> 0x9AD3
mem[X,0x8000030A] -> 0xE00D
[199] [M]: 0x80000308 (0xE00D9AD3) fclass.s s5, fs11
x21 <- 0x00000020


clint::tick mtime <- 0x0000000000000002
 clint timer pending at mtime 0x0000000000000002
htif::tick 0x0000000000000000
mem[X,0x8000030C] -> 0x28F3
mem[X,0x8000030E] -> 0x0010
[200] [M]: 0x8000030C (0x001028F3) csrrs a7, fflags, zero
CSR fflags -> 0x00000000
x17 <- 0x00000000


mem[X,0x80000310] -> 0xAC23
mem[X,0x80000312] -> 0x0357
[201] [M]: 0x80000310 (0x0357AC23) sw s5, 56(a5)
mem[0x800022A0] <- 0x00000020


mem[X,0x80000314] -> 0xAE23
mem[X,0x80000316] -> 0x0317
[202] [M]: 0x80000314 (0x0317AE23) sw a7, 60(a5)
mem[0x800022A4] <- 0x00000000


mem[X,0x80000318] -> 0x2607
mem[X,0x8000031A] -> 0x04C8
[203] [M]: 0x80000318 (0x04C82607) flw fa2, 76(a6)
mem[R,0x8000205C] -> 0x807FFFFE
f12 <- 0xFFFFFFFF807FFFFE


mem[X,0x8000031C] -> 0xD073
mem[X,0x8000031E] -> 0x0020
[204] [M]: 0x8000031C (0x0020D073) csrrwi zero, frm, 1
CSR frm -> 0x00000001
CSR frm <- 0x00000001 (input: 0x00000001)


mem[X,0x80000320] -> 0x19D3
mem[X,0x80000322] -> 0xE006
[205] [M]: 0x80000320 (0xE00619D3) fclass.s s3, fa2
x19 <- 0x00000004


mem[X,0x80000324] -> 0x28F3
mem[X,0x80000326] -> 0x0010
[206] [M]: 0x80000324 (0x001028F3) csrrs a7, fflags, zero
CSR fflags -> 0x00000000
x17 <- 0x00000000


mem[X,0x80000328] -> 0xA023
mem[X,0x8000032A] -> 0x0537
[207] [M]: 0x80000328 (0x0537A023) sw s3, 64(a5)
mem[0x800022A8] <- 0x00000004


mem[X,0x8000032C] -> 0xA223
mem[X,0x8000032E] -> 0x0517
[208] [M]: 0x8000032C (0x0517A223) sw a7, 68(a5)
mem[0x800022AC] <- 0x00000000


mem[X,0x80000330] -> 0x2B87
mem[X,0x80000332] -> 0x0508
[209] [M]: 0x80000330 (0x05082B87) flw fs7, 80(a6)
mem[R,0x80002060] -> 0x00000002
f23 <- 0xFFFFFFFF00000002


mem[X,0x80000334] -> 0xD073
mem[X,0x80000336] -> 0x0020
[210] [M]: 0x80000334 (0x0020D073) csrrwi zero, frm, 1
CSR frm -> 0x00000001
CSR frm <- 0x00000001 (input: 0x00000001)


mem[X,0x80000338] -> 0x9053
mem[X,0x8000033A] -> 0xE00B
[211] [M]: 0x80000338 (0xE00B9053) fclass.s zero, fs7


mem[X,0x8000033C] -> 0x28F3
mem[X,0x8000033E] -> 0x0010
[212] [M]: 0x8000033C (0x001028F3) csrrs a7, fflags, zero
CSR fflags -> 0x00000000
x17 <- 0x00000000


mem[X,0x80000340] -> 0xA423
mem[X,0x80000342] -> 0x0407
[213] [M]: 0x80000340 (0x0407A423) sw zero, 72(a5)
mem[0x800022B0] <- 0x00000000


mem[X,0x80000344] -> 0xA623
mem[X,0x80000346] -> 0x0517
[214] [M]: 0x80000344 (0x0517A623) sw a7, 76(a5)
mem[0x800022B4] <- 0x00000000


mem[X,0x80000348] -> 0x2107
mem[X,0x8000034A] -> 0x0548
[215] [M]: 0x80000348 (0x05482107) flw ft2, 84(a6)
mem[R,0x80002064] -> 0x80000001
f2 <- 0xFFFFFFFF80000001


mem[X,0x8000034C] -> 0xD073
mem[X,0x8000034E] -> 0x0020
[216] [M]: 0x8000034C (0x0020D073) csrrwi zero, frm, 1
CSR frm -> 0x00000001
CSR frm <- 0x00000001 (input: 0x00000001)


mem[X,0x80000350] -> 0x15D3
mem[X,0x80000352] -> 0xE001
[217] [M]: 0x80000350 (0xE00115D3) fclass.s a1, ft2
x11 <- 0x00000004


mem[X,0x80000354] -> 0x28F3
mem[X,0x80000356] -> 0x0010
[218] [M]: 0x80000354 (0x001028F3) csrrs a7, fflags, zero
CSR fflags -> 0x00000000
x17 <- 0x00000000


mem[X,0x80000358] -> 0xA823
mem[X,0x8000035A] -> 0x04B7
[219] [M]: 0x80000358 (0x04B7A823) sw a1, 80(a5)
mem[0x800022B8] <- 0x00000004


mem[X,0x8000035C] -> 0xAA23
mem[X,0x8000035E] -> 0x0517
[220] [M]: 0x8000035C (0x0517AA23) sw a7, 84(a5)
mem[0x800022BC] <- 0x00000000


mem[X,0x80000360] -> 0x2807
mem[X,0x80000362] -> 0x0588
[221] [M]: 0x80000360 (0x05882807) flw fa6, 88(a6)
mem[R,0x80002068] -> 0x00000001
f16 <- 0xFFFFFFFF00000001


mem[X,0x80000364] -> 0xD073
mem[X,0x80000366] -> 0x0020
[222] [M]: 0x80000364 (0x0020D073) csrrwi zero, frm, 1
CSR frm -> 0x00000001
CSR frm <- 0x00000001 (input: 0x00000001)


mem[X,0x80000368] -> 0x1BD3
mem[X,0x8000036A] -> 0xE008
[223] [M]: 0x80000368 (0xE0081BD3) fclass.s s7, fa6
x23 <- 0x00000020


mem[X,0x8000036C] -> 0x28F3
mem[X,0x8000036E] -> 0x0010
[224] [M]: 0x8000036C (0x001028F3) csrrs a7, fflags, zero
CSR fflags -> 0x00000000
x17 <- 0x00000000


mem[X,0x80000370] -> 0xAC23
mem[X,0x80000372] -> 0x0577
[225] [M]: 0x80000370 (0x0577AC23) sw s7, 88(a5)
mem[0x800022C0] <- 0x00000020


mem[X,0x80000374] -> 0xAE23
mem[X,0x80000376] -> 0x0517
[226] [M]: 0x80000374 (0x0517AE23) sw a7, 92(a5)
mem[0x800022C4] <- 0x00000000


mem[X,0x80000378] -> 0x2587
mem[X,0x8000037A] -> 0x05C8
[227] [M]: 0x80000378 (0x05C82587) flw fa1, 92(a6)
mem[R,0x8000206C] -> 0x80000000
f11 <- 0xFFFFFFFF80000000


mem[X,0x8000037C] -> 0xD073
mem[X,0x8000037E] -> 0x0020
[228] [M]: 0x8000037C (0x0020D073) csrrwi zero, frm, 1
CSR frm -> 0x00000001
CSR frm <- 0x00000001 (input: 0x00000001)


mem[X,0x80000380] -> 0x9553
mem[X,0x80000382] -> 0xE005
[229] [M]: 0x80000380 (0xE0059553) fclass.s a0, fa1
x10 <- 0x00000008


mem[X,0x80000384] -> 0x28F3
mem[X,0x80000386] -> 0x0010
[230] [M]: 0x80000384 (0x001028F3) csrrs a7, fflags, zero
CSR fflags -> 0x00000000
x17 <- 0x00000000


mem[X,0x80000388] -> 0xA023
mem[X,0x8000038A] -> 0x06A7
[231] [M]: 0x80000388 (0x06A7A023) sw a0, 96(a5)
mem[0x800022C8] <- 0x00000008


mem[X,0x8000038C] -> 0xA223
mem[X,0x8000038E] -> 0x0717
[232] [M]: 0x8000038C (0x0717A223) sw a7, 100(a5)
mem[0x800022CC] <- 0x00000000


mem[X,0x80000390] -> 0x2E07
mem[X,0x80000392] -> 0x0608
[233] [M]: 0x80000390 (0x06082E07) flw ft8, 96(a6)
mem[R,0x80002070] -> 0x00000000
f28 <- 0xFFFFFFFF00000000


mem[X,0x80000394] -> 0x5073
mem[X,0x80000396] -> 0x0020
[234] [M]: 0x80000394 (0x00205073) csrrwi zero, frm, 0
CSR frm -> 0x00000001
CSR frm <- 0x00000000 (input: 0x00000000)


mem[X,0x80000398] -> 0x10D3
mem[X,0x8000039A] -> 0xE00E
[235] [M]: 0x80000398 (0xE00E10D3) fclass.s ra, ft8
x1 <- 0x00000010


mem[X,0x8000039C] -> 0x28F3
mem[X,0x8000039E] -> 0x0010
[236] [M]: 0x8000039C (0x001028F3) csrrs a7, fflags, zero
CSR fflags -> 0x00000000
x17 <- 0x00000000


mem[X,0x800003A0] -> 0xA423
mem[X,0x800003A2] -> 0x0617
[237] [M]: 0x800003A0 (0x0617A423) sw ra, 104(a5)
mem[0x800022D0] <- 0x00000010


mem[X,0x800003A4] -> 0xA623
mem[X,0x800003A6] -> 0x0717
[238] [M]: 0x800003A4 (0x0717A623) sw a7, 108(a5)
mem[0x800022D4] <- 0x00000000


mem[X,0x800003A8] -> 0x2187
mem[X,0x800003AA] -> 0x0648
[239] [M]: 0x800003A8 (0x06482187) flw ft3, 100(a6)
mem[R,0x80002074] -> 0x00000000
f3 <- 0xFFFFFFFF00000000


mem[X,0x800003AC] -> 0x5073
mem[X,0x800003AE] -> 0x0020
[240] [M]: 0x800003AC (0x00205073) csrrwi zero, frm, 0
CSR frm -> 0x00000000
CSR frm <- 0x00000000 (input: 0x00000000)


mem[X,0x800003B0] -> 0x9B53
mem[X,0x800003B2] -> 0xE001
[241] [M]: 0x800003B0 (0xE0019B53) fclass.s s6, ft3
x22 <- 0x00000010


mem[X,0x800003B4] -> 0x28F3
mem[X,0x800003B6] -> 0x0010
[242] [M]: 0x800003B4 (0x001028F3) csrrs a7, fflags, zero
CSR fflags -> 0x00000000
x17 <- 0x00000000


mem[X,0x800003B8] -> 0xA823
mem[X,0x800003BA] -> 0x0767
[243] [M]: 0x800003B8 (0x0767A823) sw s6, 112(a5)
mem[0x800022D8] <- 0x00000010


mem[X,0x800003BC] -> 0xAA23
mem[X,0x800003BE] -> 0x0717
[244] [M]: 0x800003BC (0x0717AA23) sw a7, 116(a5)
mem[0x800022DC] <- 0x00000000


mem[X,0x800003C0] -> 0x2E87
mem[X,0x800003C2] -> 0x0688
[245] [M]: 0x800003C0 (0x06882E87) flw ft9, 104(a6)
mem[R,0x80002078] -> 0x00000000
f29 <- 0xFFFFFFFF00000000


mem[X,0x800003C4] -> 0x5073
mem[X,0x800003C6] -> 0x0020
[246] [M]: 0x800003C4 (0x00205073) csrrwi zero, frm, 0
CSR frm -> 0x00000000
CSR frm <- 0x00000000 (input: 0x00000000)


mem[X,0x800003C8] -> 0x93D3
mem[X,0x800003CA] -> 0xE00E
[247] [M]: 0x800003C8 (0xE00E93D3) fclass.s t2, ft9
x7 <- 0x00000010


mem[X,0x800003CC] -> 0x28F3
mem[X,0x800003CE] -> 0x0010
[248] [M]: 0x800003CC (0x001028F3) csrrs a7, fflags, zero
CSR fflags -> 0x00000000
x17 <- 0x00000000


mem[X,0x800003D0] -> 0xAC23
mem[X,0x800003D2] -> 0x0677
[249] [M]: 0x800003D0 (0x0677AC23) sw t2, 120(a5)
mem[0x800022E0] <- 0x00000010


mem[X,0x800003D4] -> 0xAE23
mem[X,0x800003D6] -> 0x0717
[250] [M]: 0x800003D4 (0x0717AE23) sw a7, 124(a5)
mem[0x800022E4] <- 0x00000000


mem[X,0x800003D8] -> 0x2787
mem[X,0x800003DA] -> 0x06C8
[251] [M]: 0x800003D8 (0x06C82787) flw fa5, 108(a6)
mem[R,0x8000207C] -> 0x00000000
f15 <- 0xFFFFFFFF00000000


mem[X,0x800003DC] -> 0x5073
mem[X,0x800003DE] -> 0x0020
[252] [M]: 0x800003DC (0x00205073) csrrwi zero, frm, 0
CSR frm -> 0x00000000
CSR frm <- 0x00000000 (input: 0x00000000)


mem[X,0x800003E0] -> 0x9153
mem[X,0x800003E2] -> 0xE007
[253] [M]: 0x800003E0 (0xE0079153) fclass.s sp, fa5
x2 <- 0x00000010


mem[X,0x800003E4] -> 0x28F3
mem[X,0x800003E6] -> 0x0010
[254] [M]: 0x800003E4 (0x001028F3) csrrs a7, fflags, zero
CSR fflags -> 0x00000000
x17 <- 0x00000000


mem[X,0x800003E8] -> 0xA023
mem[X,0x800003EA] -> 0x0827
[255] [M]: 0x800003E8 (0x0827A023) sw sp, 128(a5)
mem[0x800022E8] <- 0x00000010


mem[X,0x800003EC] -> 0xA223
mem[X,0x800003EE] -> 0x0917
[256] [M]: 0x800003EC (0x0917A223) sw a7, 132(a5)
mem[0x800022EC] <- 0x00000000


mem[X,0x800003F0] -> 0x2287
mem[X,0x800003F2] -> 0x0708
[257] [M]: 0x800003F0 (0x07082287) flw ft5, 112(a6)
mem[R,0x80002080] -> 0x00000000
f5 <- 0xFFFFFFFF00000000


mem[X,0x800003F4] -> 0x5073
mem[X,0x800003F6] -> 0x0020
[258] [M]: 0x800003F4 (0x00205073) csrrwi zero, frm, 0
CSR frm -> 0x00000000
CSR frm <- 0x00000000 (input: 0x00000000)


mem[X,0x800003F8] -> 0x9753
mem[X,0x800003FA] -> 0xE002
[259] [M]: 0x800003F8 (0xE0029753) fclass.s a4, ft5
x14 <- 0x00000010


mem[X,0x800003FC] -> 0x28F3
mem[X,0x800003FE] -> 0x0010
[260] [M]: 0x800003FC (0x001028F3) csrrs a7, fflags, zero
CSR fflags -> 0x00000000
x17 <- 0x00000000


mem[X,0x80000400] -> 0xA423
mem[X,0x80000402] -> 0x08E7
[261] [M]: 0x80000400 (0x08E7A423) sw a4, 136(a5)
mem[0x800022F0] <- 0x00000010


mem[X,0x80000404] -> 0xA623
mem[X,0x80000406] -> 0x0917
[262] [M]: 0x80000404 (0x0917A623) sw a7, 140(a5)
mem[0x800022F4] <- 0x00000000


mem[X,0x80000408] -> 0x2F07
mem[X,0x8000040A] -> 0x0748
[263] [M]: 0x80000408 (0x07482F07) flw ft10, 116(a6)
mem[R,0x80002084] -> 0x00000000
f30 <- 0xFFFFFFFF00000000


mem[X,0x8000040C] -> 0x5073
mem[X,0x8000040E] -> 0x0020
[264] [M]: 0x8000040C (0x00205073) csrrwi zero, frm, 0
CSR frm -> 0x00000000
CSR frm <- 0x00000000 (input: 0x00000000)


mem[X,0x80000410] -> 0x1453
mem[X,0x80000412] -> 0xE00F
[265] [M]: 0x80000410 (0xE00F1453) fclass.s fp, ft10
x8 <- 0x00000010


mem[X,0x80000414] -> 0x28F3
mem[X,0x80000416] -> 0x0010
[266] [M]: 0x80000414 (0x001028F3) csrrs a7, fflags, zero
CSR fflags -> 0x00000000
x17 <- 0x00000000


mem[X,0x80000418] -> 0xA823
mem[X,0x8000041A] -> 0x0887
[267] [M]: 0x80000418 (0x0887A823) sw fp, 144(a5)
mem[0x800022F8] <- 0x00000010


mem[X,0x8000041C] -> 0xAA23
mem[X,0x8000041E] -> 0x0917
[268] [M]: 0x8000041C (0x0917AA23) sw a7, 148(a5)
mem[0x800022FC] <- 0x00000000


mem[X,0x80000420] -> 0x2B07
mem[X,0x80000422] -> 0x0788
[269] [M]: 0x80000420 (0x07882B07) flw fs6, 120(a6)
mem[R,0x80002088] -> 0x00000000
f22 <- 0xFFFFFFFF00000000


mem[X,0x80000424] -> 0x5073
mem[X,0x80000426] -> 0x0020
[270] [M]: 0x80000424 (0x00205073) csrrwi zero, frm, 0
CSR frm -> 0x00000000
CSR frm <- 0x00000000 (input: 0x00000000)


mem[X,0x80000428] -> 0x1253
mem[X,0x8000042A] -> 0xE00B
[271] [M]: 0x80000428 (0xE00B1253) fclass.s tp, fs6
x4 <- 0x00000010


mem[X,0x8000042C] -> 0x28F3
mem[X,0x8000042E] -> 0x0010
[272] [M]: 0x8000042C (0x001028F3) csrrs a7, fflags, zero
CSR fflags -> 0x00000000
x17 <- 0x00000000


mem[X,0x80000430] -> 0xAC23
mem[X,0x80000432] -> 0x0847
[273] [M]: 0x80000430 (0x0847AC23) sw tp, 152(a5)
mem[0x80002300] <- 0x00000010


mem[X,0x80000434] -> 0xAE23
mem[X,0x80000436] -> 0x0917
[274] [M]: 0x80000434 (0x0917AE23) sw a7, 156(a5)
mem[0x80002304] <- 0x00000000


mem[X,0x80000438] -> 0x2487
mem[X,0x8000043A] -> 0x07C8
[275] [M]: 0x80000438 (0x07C82487) flw fs1, 124(a6)
mem[R,0x8000208C] -> 0x00000000
f9 <- 0xFFFFFFFF00000000


mem[X,0x8000043C] -> 0x5073
mem[X,0x8000043E] -> 0x0020
[276] [M]: 0x8000043C (0x00205073) csrrwi zero, frm, 0
CSR frm -> 0x00000000
CSR frm <- 0x00000000 (input: 0x00000000)


mem[X,0x80000440] -> 0x9C53
mem[X,0x80000442] -> 0xE004
[277] [M]: 0x80000440 (0xE0049C53) fclass.s s8, fs1
x24 <- 0x00000010


mem[X,0x80000444] -> 0x28F3
mem[X,0x80000446] -> 0x0010
[278] [M]: 0x80000444 (0x001028F3) csrrs a7, fflags, zero
CSR fflags -> 0x00000000
x17 <- 0x00000000


mem[X,0x80000448] -> 0xA023
mem[X,0x8000044A] -> 0x0B87
[279] [M]: 0x80000448 (0x0B87A023) sw s8, 160(a5)
mem[0x80002308] <- 0x00000010


mem[X,0x8000044C] -> 0xA223
mem[X,0x8000044E] -> 0x0B17
[280] [M]: 0x8000044C (0x0B17A223) sw a7, 164(a5)
mem[0x8000230C] <- 0x00000000


mem[X,0x80000450] -> 0x2F87
mem[X,0x80000452] -> 0x0808
[281] [M]: 0x80000450 (0x08082F87) flw ft11, 128(a6)
mem[R,0x80002090] -> 0x00000002
f31 <- 0xFFFFFFFF00000002


mem[X,0x80000454] -> 0xD073
mem[X,0x80000456] -> 0x0020
[282] [M]: 0x80000454 (0x0020D073) csrrwi zero, frm, 1
CSR frm -> 0x00000000
CSR frm <- 0x00000001 (input: 0x00000001)


mem[X,0x80000458] -> 0x9FD3
mem[X,0x8000045A] -> 0xE00F
[283] [M]: 0x80000458 (0xE00F9FD3) fclass.s t6, ft11
x31 <- 0x00000020


mem[X,0x8000045C] -> 0x28F3
mem[X,0x8000045E] -> 0x0010
[284] [M]: 0x8000045C (0x001028F3) csrrs a7, fflags, zero
CSR fflags -> 0x00000000
x17 <- 0x00000000


mem[X,0x80000460] -> 0xA423
mem[X,0x80000462] -> 0x0BF7
[285] [M]: 0x80000460 (0x0BF7A423) sw t6, 168(a5)
mem[0x80002310] <- 0x00000020


mem[X,0x80000464] -> 0xA623
mem[X,0x80000466] -> 0x0B17
[286] [M]: 0x80000464 (0x0B17A623) sw a7, 172(a5)
mem[0x80002314] <- 0x00000000


mem[X,0x80000468] -> 0x0013
mem[X,0x8000046A] -> 0x0000
[287] [M]: 0x80000468 (0x00000013) addi zero, zero, 0


mem[X,0x8000046C] -> 0x0013
mem[X,0x8000046E] -> 0x0000
[288] [M]: 0x8000046C (0x00000013) addi zero, zero, 0


mem[X,0x80000470] -> 0x0093
mem[X,0x80000472] -> 0x0010
[289] [M]: 0x80000470 (0x00100093) addi ra, zero, 1
x1 <- 0x00000001


mem[X,0x80000474] -> 0x1F17
mem[X,0x80000476] -> 0x0000
[290] [M]: 0x80000474 (0x00001F17) auipc t5, 1
x30 <- 0x80001474


mem[X,0x80000478] -> 0x2623
mem[X,0x8000047A] -> 0xB81F
[291] [M]: 0x80000478 (0xB81F2623) sw ra, 2956(t5)
htif[0x80001000] <- 0x00000001


mem[X,0x8000047C] -> 0xF06F
mem[X,0x8000047E] -> 0xFF9F
[292] [M]: 0x8000047C (0xFF9FF06F) jal zero, 2097144


mem[X,0x80000474] -> 0x1F17
mem[X,0x80000476] -> 0x0000
[293] [M]: 0x80000474 (0x00001F17) auipc t5, 1
x30 <- 0x80001474


mem[X,0x80000478] -> 0x2623
mem[X,0x8000047A] -> 0xB81F
[294] [M]: 0x80000478 (0xB81F2623) sw ra, 2956(t5)
htif[0x80001000] <- 0x00000001


mem[X,0x8000047C] -> 0xF06F
mem[X,0x8000047E] -> 0xFF9F
[295] [M]: 0x8000047C (0xFF9FF06F) jal zero, 2097144


mem[X,0x80000474] -> 0x1F17
mem[X,0x80000476] -> 0x0000
[296] [M]: 0x80000474 (0x00001F17) auipc t5, 1
x30 <- 0x80001474


mem[X,0x80000478] -> 0x2623
mem[X,0x8000047A] -> 0xB81F
[297] [M]: 0x80000478 (0xB81F2623) sw ra, 2956(t5)
htif[0x80001000] <- 0x00000001
htif-syscall-proxy cmd: 0x000000000001

SUCCESS
