using /home/riscv/RRF/Reports/2022-05-02_18:12:27.900907/fclass/work/fclass_b1-01.S/Reference-sail_c_simulator.signature for test-signature output.
[Sail] Allocating new block 0x80000000
tohost located at 0x80001000
[Sail] Allocating new block 0x0

Running file ref.elf.
ELF Entry @ 0x80000000
begin_signature: 0x80002210
end_signature: 0x80002320
CSR mstatus <- 0x00000000 (input: 0x00000000)
mem[X,0x00001000] -> 0x0297
mem[X,0x00001002] -> 0x0000
[0] [M]: 0x00001000 (0x00000297) auipc t0, 0
x5 <- 0x00001000


mem[X,0x00001004] -> 0x8593
mem[X,0x00001006] -> 0x0202
[1] [M]: 0x00001004 (0x02028593) addi a1, t0, 32
x11 <- 0x00001020


mem[X,0x00001008] -> 0x2573
mem[X,0x0000100A] -> 0xF140
[2] [M]: 0x00001008 (0xF1402573) csrrs a0, mhartid, zero
CSR mhartid -> 0x00000000
x10 <- 0x00000000


mem[X,0x0000100C] -> 0xA283
mem[X,0x0000100E] -> 0x0182
[3] [M]: 0x0000100C (0x0182A283) lw t0, 24(t0)
mem[R,0x00001018] -> 0x80000000
x5 <- 0x80000000


mem[X,0x00001010] -> 0x8067
mem[X,0x00001012] -> 0x0002
[4] [M]: 0x00001010 (0x00028067) jalr zero, t0, 0


mem[X,0x80000000] -> 0xC0B7
mem[X,0x80000002] -> 0xFEED
[5] [M]: 0x80000000 (0xFEEDC0B7) lui ra, 1044188
x1 <- 0xFEEDC000


mem[X,0x80000004] -> 0x8093
mem[X,0x80000006] -> 0xEAD0
[6] [M]: 0x80000004 (0xEAD08093) addi ra, ra, 3757
x1 <- 0xFEEDBEAD


mem[X,0x80000008] -> 0xE137
mem[X,0x8000000A] -> 0xFF76
[7] [M]: 0x80000008 (0xFF76E137) lui sp, 1046382
x2 <- 0xFF76E000


mem[X,0x8000000C] -> 0x0113
mem[X,0x8000000E] -> 0xF561
[8] [M]: 0x8000000C (0xF5610113) addi sp, sp, 3926
x2 <- 0xFF76DF56


mem[X,0x80000010] -> 0x71B7
mem[X,0x80000012] -> 0x7FBB
[9] [M]: 0x80000010 (0x7FBB71B7) lui gp, 523191
x3 <- 0x7FBB7000


mem[X,0x80000014] -> 0x8193
mem[X,0x80000016] -> 0xFAB1
[10] [M]: 0x80000014 (0xFAB18193) addi gp, gp, 4011
x3 <- 0x7FBB6FAB


mem[X,0x80000018] -> 0xB237
mem[X,0x8000001A] -> 0xBFDD
[11] [M]: 0x80000018 (0xBFDDB237) lui tp, 785883
x4 <- 0xBFDDB000


mem[X,0x8000001C] -> 0x0213
mem[X,0x8000001E] -> 0x7D52
[12] [M]: 0x8000001C (0x7D520213) addi tp, tp, 2005
x4 <- 0xBFDDB7D5


mem[X,0x80000020] -> 0x0297
mem[X,0x80000022] -> 0x0000
[13] [M]: 0x80000020 (0x00000297) auipc t0, 0
x5 <- 0x80000020


mem[X,0x80000024] -> 0x8293
mem[X,0x80000026] -> 0x0D82
[14] [M]: 0x80000024 (0x0D828293) addi t0, t0, 216
x5 <- 0x800000F8


mem[X,0x80000028] -> 0x2317
mem[X,0x8000002A] -> 0x0000
[15] [M]: 0x80000028 (0x00002317) auipc t1, 2
x6 <- 0x80002028


mem[X,0x8000002C] -> 0x0313
mem[X,0x8000002E] -> 0xFD83
[16] [M]: 0x8000002C (0xFD830313) addi t1, t1, 4056
x6 <- 0x80002000


mem[X,0x80000030] -> 0xB3B7
mem[X,0x80000032] -> 0xB7FB
[17] [M]: 0x80000030 (0xB7FBB3B7) lui t2, 753595
x7 <- 0xB7FBB000


mem[X,0x80000034] -> 0x8393
mem[X,0x80000036] -> 0x6FA3
[18] [M]: 0x80000034 (0x6FA38393) addi t2, t2, 1786
x7 <- 0xB7FBB6FA


mem[X,0x80000038] -> 0xE437
mem[X,0x8000003A] -> 0x5BFD
[19] [M]: 0x80000038 (0x5BFDE437) lui fp, 376798
x8 <- 0x5BFDE000


mem[X,0x8000003C] -> 0x0413
mem[X,0x8000003E] -> 0xB7D4
[20] [M]: 0x8000003C (0xB7D40413) addi fp, fp, 2941
x8 <- 0x5BFDDB7D


mem[X,0x80000040] -> 0xF4B7
mem[X,0x80000042] -> 0xADFE
[21] [M]: 0x80000040 (0xADFEF4B7) lui s1, 712687
x9 <- 0xADFEF000


mem[X,0x80000044] -> 0x8493
mem[X,0x80000046] -> 0xDBE4
[22] [M]: 0x80000044 (0xDBE48493) addi s1, s1, 3518
x9 <- 0xADFEEDBE


mem[X,0x80000048] -> 0x7537
mem[X,0x8000004A] -> 0x56FF
[23] [M]: 0x80000048 (0x56FF7537) lui a0, 356343
x10 <- 0x56FF7000


mem[X,0x8000004C] -> 0x0513
mem[X,0x8000004E] -> 0x6DF5
[24] [M]: 0x8000004C (0x6DF50513) addi a0, a0, 1759
x10 <- 0x56FF76DF


mem[X,0x80000050] -> 0xC5B7
mem[X,0x80000052] -> 0xAB7F
[25] [M]: 0x80000050 (0xAB7FC5B7) lui a1, 702460
x11 <- 0xAB7FC000


mem[X,0x80000054] -> 0x8593
mem[X,0x80000056] -> 0xB6F5
[26] [M]: 0x80000054 (0xB6F58593) addi a1, a1, 2927
x11 <- 0xAB7FBB6F


mem[X,0x80000058] -> 0xE637
mem[X,0x8000005A] -> 0xD5BF
[27] [M]: 0x80000058 (0xD5BFE637) lui a2, 875518
x12 <- 0xD5BFE000


mem[X,0x8000005C] -> 0x0613
mem[X,0x8000005E] -> 0xDB76
[28] [M]: 0x8000005C (0xDB760613) addi a2, a2, 3511
x12 <- 0xD5BFDDB7


mem[X,0x80000060] -> 0xF6B7
mem[X,0x80000062] -> 0xEADF
[29] [M]: 0x80000060 (0xEADFF6B7) lui a3, 962047
x13 <- 0xEADFF000


mem[X,0x80000064] -> 0x8693
mem[X,0x80000066] -> 0xEDB6
[30] [M]: 0x80000064 (0xEDB68693) addi a3, a3, 3803
x13 <- 0xEADFEEDB


mem[X,0x80000068] -> 0xF737
mem[X,0x8000006A] -> 0xF56F
[31] [M]: 0x80000068 (0xF56FF737) lui a4, 1005311
x14 <- 0xF56FF000


mem[X,0x8000006C] -> 0x0713
mem[X,0x8000006E] -> 0x76D7
[32] [M]: 0x8000006C (0x76D70713) addi a4, a4, 1901
x14 <- 0xF56FF76D


mem[X,0x80000070] -> 0x07B7
mem[X,0x80000072] -> 0xFAB8
[33] [M]: 0x80000070 (0xFAB807B7) lui a5, 1026944
x15 <- 0xFAB80000


mem[X,0x80000074] -> 0x8793
mem[X,0x80000076] -> 0xBB67
[34] [M]: 0x80000074 (0xBB678793) addi a5, a5, 2998
x15 <- 0xFAB7FBB6


mem[X,0x80000078] -> 0x0837
mem[X,0x8000007A] -> 0x7D5C
[35] [M]: 0x80000078 (0x7D5C0837) lui a6, 513472
x16 <- 0x7D5C0000


mem[X,0x8000007C] -> 0x0813
mem[X,0x8000007E] -> 0xDDB8
[36] [M]: 0x8000007C (0xDDB80813) addi a6, a6, 3547
x16 <- 0x7D5BFDDB


mem[X,0x80000080] -> 0x08B7
mem[X,0x80000082] -> 0xBEAE
[37] [M]: 0x80000080 (0xBEAE08B7) lui a7, 781024
x17 <- 0xBEAE0000


mem[X,0x80000084] -> 0x8893
mem[X,0x80000086] -> 0xEED8
[38] [M]: 0x80000084 (0xEED88893) addi a7, a7, 3821
x17 <- 0xBEADFEED


mem[X,0x80000088] -> 0x0937
mem[X,0x8000008A] -> 0xDF57
[39] [M]: 0x80000088 (0xDF570937) lui s2, 914800
x18 <- 0xDF570000


mem[X,0x8000008C] -> 0x0913
mem[X,0x8000008E] -> 0xF769
[40] [M]: 0x8000008C (0xF7690913) addi s2, s2, 3958
x18 <- 0xDF56FF76


mem[X,0x80000090] -> 0x89B7
mem[X,0x80000092] -> 0x6FAB
[41] [M]: 0x80000090 (0x6FAB89B7) lui s3, 457400
x19 <- 0x6FAB8000


mem[X,0x80000094] -> 0x8993
mem[X,0x80000096] -> 0xFBB9
[42] [M]: 0x80000094 (0xFBB98993) addi s3, s3, 4027
x19 <- 0x6FAB7FBB


mem[X,0x80000098] -> 0xCA37
mem[X,0x8000009A] -> 0xB7D5
[43] [M]: 0x80000098 (0xB7D5CA37) lui s4, 752988
x20 <- 0xB7D5C000


mem[X,0x8000009C] -> 0x0A13
mem[X,0x8000009E] -> 0xFDDA
[44] [M]: 0x8000009C (0xFDDA0A13) addi s4, s4, 4061
x20 <- 0xB7D5BFDD


mem[X,0x800000A0] -> 0xEAB7
mem[X,0x800000A2] -> 0xDBEA
[45] [M]: 0x800000A0 (0xDBEAEAB7) lui s5, 900782
x21 <- 0xDBEAE000


mem[X,0x800000A4] -> 0x8A93
mem[X,0x800000A6] -> 0xFEEA
[46] [M]: 0x800000A4 (0xFEEA8A93) addi s5, s5, 4078
x21 <- 0xDBEADFEE


mem[X,0x800000A8] -> 0x7B37
mem[X,0x800000AA] -> 0x6DF5
[47] [M]: 0x800000A8 (0x6DF57B37) lui s6, 450391
x22 <- 0x6DF57000


mem[X,0x800000AC] -> 0x0B13
mem[X,0x800000AE] -> 0xFF7B
[48] [M]: 0x800000AC (0xFF7B0B13) addi s6, s6, 4087
x22 <- 0x6DF56FF7


mem[X,0x800000B0] -> 0xBBB7
mem[X,0x800000B2] -> 0xB6FA
[49] [M]: 0x800000B0 (0xB6FABBB7) lui s7, 749483
x23 <- 0xB6FAB000


mem[X,0x800000B4] -> 0x8B93
mem[X,0x800000B6] -> 0x7FBB
[50] [M]: 0x800000B4 (0x7FBB8B93) addi s7, s7, 2043
x23 <- 0xB6FAB7FB


mem[X,0x800000B8] -> 0x6C37
mem[X,0x800000BA] -> 0xDB7D
[51] [M]: 0x800000B8 (0xDB7D6C37) lui s8, 899030
x24 <- 0xDB7D6000


mem[X,0x800000BC] -> 0x0C13
mem[X,0x800000BE] -> 0xBFDC
[52] [M]: 0x800000BC (0xBFDC0C13) addi s8, s8, 3069
x24 <- 0xDB7D5BFD


mem[X,0x800000C0] -> 0xBCB7
mem[X,0x800000C2] -> 0xEDBE
[53] [M]: 0x800000C0 (0xEDBEBCB7) lui s9, 973803
x25 <- 0xEDBEB000


mem[X,0x800000C4] -> 0x8C93
mem[X,0x800000C6] -> 0xDFEC
[54] [M]: 0x800000C4 (0xDFEC8C93) addi s9, s9, 3582
x25 <- 0xEDBEADFE


mem[X,0x800000C8] -> 0x5D37
mem[X,0x800000CA] -> 0x76DF
[55] [M]: 0x800000C8 (0x76DF5D37) lui s10, 486901
x26 <- 0x76DF5000


mem[X,0x800000CC] -> 0x0D13
mem[X,0x800000CE] -> 0x6FFD
[56] [M]: 0x800000CC (0x6FFD0D13) addi s10, s10, 1791
x26 <- 0x76DF56FF


mem[X,0x800000D0] -> 0xBDB7
mem[X,0x800000D2] -> 0xBB6F
[57] [M]: 0x800000D0 (0xBB6FBDB7) lui s11, 767739
x27 <- 0xBB6FB000


mem[X,0x800000D4] -> 0x8D93
mem[X,0x800000D6] -> 0xB7FD
[58] [M]: 0x800000D4 (0xB7FD8D93) addi s11, s11, 2943
x27 <- 0xBB6FAB7F


mem[X,0x800000D8] -> 0xDE37
mem[X,0x800000DA] -> 0xDDB7
[59] [M]: 0x800000D8 (0xDDB7DE37) lui t3, 908157
x28 <- 0xDDB7D000


mem[X,0x800000DC] -> 0x0E13
mem[X,0x800000DE] -> 0x5BFE
[60] [M]: 0x800000DC (0x5BFE0E13) addi t3, t3, 1471
x28 <- 0xDDB7D5BF


mem[X,0x800000E0] -> 0xFEB7
mem[X,0x800000E2] -> 0xEEDB
[61] [M]: 0x800000E0 (0xEEDBFEB7) lui t4, 978367
x29 <- 0xEEDBF000


mem[X,0x800000E4] -> 0x8E93
mem[X,0x800000E6] -> 0xADFE
[62] [M]: 0x800000E4 (0xADFE8E93) addi t4, t4, 2783
x29 <- 0xEEDBEADF


mem[X,0x800000E8] -> 0xFF37
mem[X,0x800000EA] -> 0xF76D
[63] [M]: 0x800000E8 (0xF76DFF37) lui t5, 1013471
x30 <- 0xF76DF000


mem[X,0x800000EC] -> 0x0F13
mem[X,0x800000EE] -> 0x56FF
[64] [M]: 0x800000EC (0x56FF0F13) addi t5, t5, 1391
x30 <- 0xF76DF56F


mem[X,0x800000F0] -> 0x0FB7
mem[X,0x800000F2] -> 0xFBB7
[65] [M]: 0x800000F0 (0xFBB70FB7) lui t6, 1031024
x31 <- 0xFBB70000


mem[X,0x800000F4] -> 0x8F93
mem[X,0x800000F6] -> 0xAB7F
[66] [M]: 0x800000F4 (0xAB7F8F93) addi t6, t6, 2743
x31 <- 0xFBB6FAB7


mem[X,0x800000F8] -> 0x2537
mem[X,0x800000FA] -> 0x0000
[67] [M]: 0x800000F8 (0x00002537) lui a0, 2
x10 <- 0x00002000


mem[X,0x800000FC] -> 0x2073
mem[X,0x800000FE] -> 0x3005
[68] [M]: 0x800000FC (0x30052073) csrrs zero, mstatus, a0
CSR mstatus -> 0x00000000
CSR mstatus <- 0x00002000 (input: 0x00002000)


mem[X,0x80000100] -> 0x5073
mem[X,0x80000102] -> 0x0030
[69] [M]: 0x80000100 (0x00305073) csrrwi zero, fcsr, 0
CSR fcsr -> 0x00000000
CSR fcsr <- 0x00000000 (input: 0x00000000)


mem[X,0x80000104] -> 0x2817
mem[X,0x80000106] -> 0x0000
[70] [M]: 0x80000104 (0x00002817) auipc a6, 2
x16 <- 0x80002104


mem[X,0x80000108] -> 0x0813
mem[X,0x8000010A] -> 0xF0C8
[71] [M]: 0x80000108 (0xF0C80813) addi a6, a6, 3852
x16 <- 0x80002010


mem[X,0x8000010C] -> 0x2797
mem[X,0x8000010E] -> 0x0000
[72] [M]: 0x8000010C (0x00002797) auipc a5, 2
x15 <- 0x8000210C


mem[X,0x80000110] -> 0x8793
mem[X,0x80000112] -> 0x1047
[73] [M]: 0x80000110 (0x10478793) addi a5, a5, 260
x15 <- 0x80002210


mem[X,0x80000114] -> 0x2387
mem[X,0x80000116] -> 0x0008
[74] [M]: 0x80000114 (0x00082387) flw ft7, 0(a6)
mem[R,0x80002010] -> 0x00000000
f7 <- 0xFFFFFFFF00000000


mem[X,0x80000118] -> 0xD073
mem[X,0x8000011A] -> 0x0020
[75] [M]: 0x80000118 (0x0020D073) csrrwi zero, frm, 1
CSR frm -> 0x00000000
CSR frm <- 0x00000001 (input: 0x00000001)


mem[X,0x8000011C] -> 0x92D3
mem[X,0x8000011E] -> 0xE003
[76] [M]: 0x8000011C (0xE00392D3) fclass.s t0, ft7
x5 <- 0x00000010


mem[X,0x80000120] -> 0x28F3
mem[X,0x80000122] -> 0x0010
[77] [M]: 0x80000120 (0x001028F3) csrrs a7, fflags, zero
CSR fflags -> 0x00000000
x17 <- 0x00000000


mem[X,0x80000124] -> 0xA023
mem[X,0x80000126] -> 0x0057
[78] [M]: 0x80000124 (0x0057A023) sw t0, 0(a5)
mem[0x80002210] <- 0x00000010


mem[X,0x80000128] -> 0xA223
mem[X,0x8000012A] -> 0x0117
[79] [M]: 0x80000128 (0x0117A223) sw a7, 4(a5)
mem[0x80002214] <- 0x00000000


mem[X,0x8000012C] -> 0x2A87
mem[X,0x8000012E] -> 0x0048
[80] [M]: 0x8000012C (0x00482A87) flw fs5, 4(a6)
mem[R,0x80002014] -> 0xBF800000
f21 <- 0xFFFFFFFFBF800000


mem[X,0x80000130] -> 0xD073
mem[X,0x80000132] -> 0x0020
[81] [M]: 0x80000130 (0x0020D073) csrrwi zero, frm, 1
CSR frm -> 0x00000001
CSR frm <- 0x00000001 (input: 0x00000001)


mem[X,0x80000134] -> 0x99D3
mem[X,0x80000136] -> 0xE00A
[82] [M]: 0x80000134 (0xE00A99D3) fclass.s s3, fs5
x19 <- 0x00000002


mem[X,0x80000138] -> 0x28F3
mem[X,0x8000013A] -> 0x0010
[83] [M]: 0x80000138 (0x001028F3) csrrs a7, fflags, zero
CSR fflags -> 0x00000000
x17 <- 0x00000000


mem[X,0x8000013C] -> 0xA423
mem[X,0x8000013E] -> 0x0137
[84] [M]: 0x8000013C (0x0137A423) sw s3, 8(a5)
mem[0x80002218] <- 0x00000002


mem[X,0x80000140] -> 0xA623
mem[X,0x80000142] -> 0x0117
[85] [M]: 0x80000140 (0x0117A623) sw a7, 12(a5)
mem[0x8000221C] <- 0x00000000


mem[X,0x80000144] -> 0x2907
mem[X,0x80000146] -> 0x0088
[86] [M]: 0x80000144 (0x00882907) flw fs2, 8(a6)
mem[R,0x80002018] -> 0x3F800000
f18 <- 0xFFFFFFFF3F800000


mem[X,0x80000148] -> 0xD073
mem[X,0x8000014A] -> 0x0020
[87] [M]: 0x80000148 (0x0020D073) csrrwi zero, frm, 1
CSR frm -> 0x00000001
CSR frm <- 0x00000001 (input: 0x00000001)


mem[X,0x8000014C] -> 0x1BD3
mem[X,0x8000014E] -> 0xE009
[88] [M]: 0x8000014C (0xE0091BD3) fclass.s s7, fs2
x23 <- 0x00000040


mem[X,0x80000150] -> 0x28F3
mem[X,0x80000152] -> 0x0010
[89] [M]: 0x80000150 (0x001028F3) csrrs a7, fflags, zero
CSR fflags -> 0x00000000
x17 <- 0x00000000


mem[X,0x80000154] -> 0xA823
mem[X,0x80000156] -> 0x0177
[90] [M]: 0x80000154 (0x0177A823) sw s7, 16(a5)
mem[0x80002220] <- 0x00000040


mem[X,0x80000158] -> 0xAA23
mem[X,0x8000015A] -> 0x0117
[91] [M]: 0x80000158 (0x0117AA23) sw a7, 20(a5)
mem[0x80002224] <- 0x00000000


mem[X,0x8000015C] -> 0x2107
mem[X,0x8000015E] -> 0x00C8
[92] [M]: 0x8000015C (0x00C82107) flw ft2, 12(a6)
mem[R,0x8000201C] -> 0xFFAAAAAA
f2 <- 0xFFFFFFFFFFAAAAAA


mem[X,0x80000160] -> 0xD073
mem[X,0x80000162] -> 0x0020
[93] [M]: 0x80000160 (0x0020D073) csrrwi zero, frm, 1
CSR frm -> 0x00000001
CSR frm <- 0x00000001 (input: 0x00000001)


mem[X,0x80000164] -> 0x1A53
mem[X,0x80000166] -> 0xE001
[94] [M]: 0x80000164 (0xE0011A53) fclass.s s4, ft2
x20 <- 0x00000100


mem[X,0x80000168] -> 0x28F3
mem[X,0x8000016A] -> 0x0010
[95] [M]: 0x80000168 (0x001028F3) csrrs a7, fflags, zero
CSR fflags -> 0x00000000
x17 <- 0x00000000


mem[X,0x8000016C] -> 0xAC23
mem[X,0x8000016E] -> 0x0147
[96] [M]: 0x8000016C (0x0147AC23) sw s4, 24(a5)
mem[0x80002228] <- 0x00000100


mem[X,0x80000170] -> 0xAE23
mem[X,0x80000172] -> 0x0117
[97] [M]: 0x80000170 (0x0117AE23) sw a7, 28(a5)
mem[0x8000222C] <- 0x00000000


mem[X,0x80000174] -> 0x2707
mem[X,0x80000176] -> 0x0108
[98] [M]: 0x80000174 (0x01082707) flw fa4, 16(a6)
mem[R,0x80002020] -> 0x7F800001
f14 <- 0xFFFFFFFF7F800001


mem[X,0x80000178] -> 0xD073
mem[X,0x8000017A] -> 0x0020
[99] [M]: 0x80000178 (0x0020D073) csrrwi zero, frm, 1
CSR frm -> 0x00000001
CSR frm <- 0x00000001 (input: 0x00000001)


clint::tick mtime <- 0x0000000000000001
 clint timer pending at mtime 0x0000000000000001
htif::tick 0x0000000000000000
mem[X,0x8000017C] -> 0x1DD3
mem[X,0x8000017E] -> 0xE007
[100] [M]: 0x8000017C (0xE0071DD3) fclass.s s11, fa4
x27 <- 0x00000100


mem[X,0x80000180] -> 0x28F3
mem[X,0x80000182] -> 0x0010
[101] [M]: 0x80000180 (0x001028F3) csrrs a7, fflags, zero
CSR fflags -> 0x00000000
x17 <- 0x00000000


mem[X,0x80000184] -> 0xA023
mem[X,0x80000186] -> 0x03B7
[102] [M]: 0x80000184 (0x03B7A023) sw s11, 32(a5)
mem[0x80002230] <- 0x00000100


mem[X,0x80000188] -> 0xA223
mem[X,0x8000018A] -> 0x0317
[103] [M]: 0x80000188 (0x0317A223) sw a7, 36(a5)
mem[0x80002234] <- 0x00000000


mem[X,0x8000018C] -> 0x2807
mem[X,0x8000018E] -> 0x0148
[104] [M]: 0x8000018C (0x01482807) flw fa6, 20(a6)
mem[R,0x80002024] -> 0xFFC55555
f16 <- 0xFFFFFFFFFFC55555


mem[X,0x80000190] -> 0xD073
mem[X,0x80000192] -> 0x0020
[105] [M]: 0x80000190 (0x0020D073) csrrwi zero, frm, 1
CSR frm -> 0x00000001
CSR frm <- 0x00000001 (input: 0x00000001)


mem[X,0x80000194] -> 0x1C53
mem[X,0x80000196] -> 0xE008
[106] [M]: 0x80000194 (0xE0081C53) fclass.s s8, fa6
x24 <- 0x00000200


mem[X,0x80000198] -> 0x28F3
mem[X,0x8000019A] -> 0x0010
[107] [M]: 0x80000198 (0x001028F3) csrrs a7, fflags, zero
CSR fflags -> 0x00000000
x17 <- 0x00000000


mem[X,0x8000019C] -> 0xA423
mem[X,0x8000019E] -> 0x0387
[108] [M]: 0x8000019C (0x0387A423) sw s8, 40(a5)
mem[0x80002238] <- 0x00000200


mem[X,0x800001A0] -> 0xA623
mem[X,0x800001A2] -> 0x0317
[109] [M]: 0x800001A0 (0x0317A623) sw a7, 44(a5)
mem[0x8000223C] <- 0x00000000


mem[X,0x800001A4] -> 0x2687
mem[X,0x800001A6] -> 0x0188
[110] [M]: 0x800001A4 (0x01882687) flw fa3, 24(a6)
mem[R,0x80002028] -> 0x7FC00001
f13 <- 0xFFFFFFFF7FC00001


mem[X,0x800001A8] -> 0xD073
mem[X,0x800001AA] -> 0x0020
[111] [M]: 0x800001A8 (0x0020D073) csrrwi zero, frm, 1
CSR frm -> 0x00000001
CSR frm <- 0x00000001 (input: 0x00000001)


mem[X,0x800001AC] -> 0x9753
mem[X,0x800001AE] -> 0xE006
[112] [M]: 0x800001AC (0xE0069753) fclass.s a4, fa3
x14 <- 0x00000200


mem[X,0x800001B0] -> 0x28F3
mem[X,0x800001B2] -> 0x0010
[113] [M]: 0x800001B0 (0x001028F3) csrrs a7, fflags, zero
CSR fflags -> 0x00000000
x17 <- 0x00000000


mem[X,0x800001B4] -> 0xA823
mem[X,0x800001B6] -> 0x02E7
[114] [M]: 0x800001B4 (0x02E7A823) sw a4, 48(a5)
mem[0x80002240] <- 0x00000200


mem[X,0x800001B8] -> 0xAA23
mem[X,0x800001BA] -> 0x0317
[115] [M]: 0x800001B8 (0x0317AA23) sw a7, 52(a5)
mem[0x80002244] <- 0x00000000


mem[X,0x800001BC] -> 0x0A33
mem[X,0x800001BE] -> 0x0008
[116] [M]: 0x800001BC (0x00080A33) add s4, a6, zero
x20 <- 0x80002010


mem[X,0x800001C0] -> 0x2997
mem[X,0x800001C2] -> 0x0000
[117] [M]: 0x800001C0 (0x00002997) auipc s3, 2
x19 <- 0x800021C0


mem[X,0x800001C4] -> 0x8993
mem[X,0x800001C6] -> 0x0889
[118] [M]: 0x800001C4 (0x08898993) addi s3, s3, 136
x19 <- 0x80002248


mem[X,0x800001C8] -> 0x2B87
mem[X,0x800001CA] -> 0x01CA
[119] [M]: 0x800001C8 (0x01CA2B87) flw fs7, 28(s4)
mem[R,0x8000202C] -> 0xFFC00000
f23 <- 0xFFFFFFFFFFC00000


mem[X,0x800001CC] -> 0xD073
mem[X,0x800001CE] -> 0x0020
[120] [M]: 0x800001CC (0x0020D073) csrrwi zero, frm, 1
CSR frm -> 0x00000001
CSR frm <- 0x00000001 (input: 0x00000001)


mem[X,0x800001D0] -> 0x9853
mem[X,0x800001D2] -> 0xE00B
[121] [M]: 0x800001D0 (0xE00B9853) fclass.s a6, fs7
x16 <- 0x00000200


mem[X,0x800001D4] -> 0x2AF3
mem[X,0x800001D6] -> 0x0010
[122] [M]: 0x800001D4 (0x00102AF3) csrrs s5, fflags, zero
CSR fflags -> 0x00000000
x21 <- 0x00000000


mem[X,0x800001D8] -> 0xA023
mem[X,0x800001DA] -> 0x0109
[123] [M]: 0x800001D8 (0x0109A023) sw a6, 0(s3)
mem[0x80002248] <- 0x00000200


mem[X,0x800001DC] -> 0xA223
mem[X,0x800001DE] -> 0x0159
[124] [M]: 0x800001DC (0x0159A223) sw s5, 4(s3)
mem[0x8000224C] <- 0x00000000


mem[X,0x800001E0] -> 0x2307
mem[X,0x800001E2] -> 0x020A
[125] [M]: 0x800001E0 (0x020A2307) flw ft6, 32(s4)
mem[R,0x80002030] -> 0x7FC00000
f6 <- 0xFFFFFFFF7FC00000


mem[X,0x800001E4] -> 0xD073
mem[X,0x800001E6] -> 0x0020
[126] [M]: 0x800001E4 (0x0020D073) csrrwi zero, frm, 1
CSR frm -> 0x00000001
CSR frm <- 0x00000001 (input: 0x00000001)


mem[X,0x800001E8] -> 0x18D3
mem[X,0x800001EA] -> 0xE003
[127] [M]: 0x800001E8 (0xE00318D3) fclass.s a7, ft6
x17 <- 0x00000200


mem[X,0x800001EC] -> 0x2AF3
mem[X,0x800001EE] -> 0x0010
[128] [M]: 0x800001EC (0x00102AF3) csrrs s5, fflags, zero
CSR fflags -> 0x00000000
x21 <- 0x00000000


mem[X,0x800001F0] -> 0xA423
mem[X,0x800001F2] -> 0x0119
[129] [M]: 0x800001F0 (0x0119A423) sw a7, 8(s3)
mem[0x80002250] <- 0x00000200


mem[X,0x800001F4] -> 0xA623
mem[X,0x800001F6] -> 0x0159
[130] [M]: 0x800001F4 (0x0159A623) sw s5, 12(s3)
mem[0x80002254] <- 0x00000000


mem[X,0x800001F8] -> 0x0833
mem[X,0x800001FA] -> 0x000A
[131] [M]: 0x800001F8 (0x000A0833) add a6, s4, zero
x16 <- 0x80002010


mem[X,0x800001FC] -> 0x2797
mem[X,0x800001FE] -> 0x0000
[132] [M]: 0x800001FC (0x00002797) auipc a5, 2
x15 <- 0x800021FC


mem[X,0x80000200] -> 0x8793
mem[X,0x80000202] -> 0x05C7
[133] [M]: 0x80000200 (0x05C78793) addi a5, a5, 92
x15 <- 0x80002258


mem[X,0x80000204] -> 0x2587
mem[X,0x80000206] -> 0x0248
[134] [M]: 0x80000204 (0x02482587) flw fa1, 36(a6)
mem[R,0x80002034] -> 0xFF800000
f11 <- 0xFFFFFFFFFF800000


mem[X,0x80000208] -> 0xD073
mem[X,0x8000020A] -> 0x0020
[135] [M]: 0x80000208 (0x0020D073) csrrwi zero, frm, 1
CSR frm -> 0x00000001
CSR frm <- 0x00000001 (input: 0x00000001)


mem[X,0x8000020C] -> 0x90D3
mem[X,0x8000020E] -> 0xE005
[136] [M]: 0x8000020C (0xE00590D3) fclass.s ra, fa1
x1 <- 0x00000001


mem[X,0x80000210] -> 0x28F3
mem[X,0x80000212] -> 0x0010
[137] [M]: 0x80000210 (0x001028F3) csrrs a7, fflags, zero
CSR fflags -> 0x00000000
x17 <- 0x00000000


mem[X,0x80000214] -> 0xA023
mem[X,0x80000216] -> 0x0017
[138] [M]: 0x80000214 (0x0017A023) sw ra, 0(a5)
mem[0x80002258] <- 0x00000001


mem[X,0x80000218] -> 0xA223
mem[X,0x8000021A] -> 0x0117
[139] [M]: 0x80000218 (0x0117A223) sw a7, 4(a5)
mem[0x8000225C] <- 0x00000000


mem[X,0x8000021C] -> 0x2487
mem[X,0x8000021E] -> 0x0288
[140] [M]: 0x8000021C (0x02882487) flw fs1, 40(a6)
mem[R,0x80002038] -> 0x7F800000
f9 <- 0xFFFFFFFF7F800000


mem[X,0x80000220] -> 0xD073
mem[X,0x80000222] -> 0x0020
[141] [M]: 0x80000220 (0x0020D073) csrrwi zero, frm, 1
CSR frm -> 0x00000001
CSR frm <- 0x00000001 (input: 0x00000001)


mem[X,0x80000224] -> 0x9D53
mem[X,0x80000226] -> 0xE004
[142] [M]: 0x80000224 (0xE0049D53) fclass.s s10, fs1
x26 <- 0x00000080


mem[X,0x80000228] -> 0x28F3
mem[X,0x8000022A] -> 0x0010
[143] [M]: 0x80000228 (0x001028F3) csrrs a7, fflags, zero
CSR fflags -> 0x00000000
x17 <- 0x00000000


mem[X,0x8000022C] -> 0xA423
mem[X,0x8000022E] -> 0x01A7
[144] [M]: 0x8000022C (0x01A7A423) sw s10, 8(a5)
mem[0x80002260] <- 0x00000080


mem[X,0x80000230] -> 0xA623
mem[X,0x80000232] -> 0x0117
[145] [M]: 0x80000230 (0x0117A623) sw a7, 12(a5)
mem[0x80002264] <- 0x00000000


mem[X,0x80000234] -> 0x2287
mem[X,0x80000236] -> 0x02C8
[146] [M]: 0x80000234 (0x02C82287) flw ft5, 44(a6)
mem[R,0x8000203C] -> 0xFF7FFFFF
f5 <- 0xFFFFFFFFFF7FFFFF


mem[X,0x80000238] -> 0xD073
mem[X,0x8000023A] -> 0x0020
[147] [M]: 0x80000238 (0x0020D073) csrrwi zero, frm, 1
CSR frm -> 0x00000001
CSR frm <- 0x00000001 (input: 0x00000001)


mem[X,0x8000023C] -> 0x9353
mem[X,0x8000023E] -> 0xE002
[148] [M]: 0x8000023C (0xE0029353) fclass.s t1, ft5
x6 <- 0x00000002


mem[X,0x80000240] -> 0x28F3
mem[X,0x80000242] -> 0x0010
[149] [M]: 0x80000240 (0x001028F3) csrrs a7, fflags, zero
CSR fflags -> 0x00000000
x17 <- 0x00000000


mem[X,0x80000244] -> 0xA823
mem[X,0x80000246] -> 0x0067
[150] [M]: 0x80000244 (0x0067A823) sw t1, 16(a5)
mem[0x80002268] <- 0x00000002


mem[X,0x80000248] -> 0xAA23
mem[X,0x8000024A] -> 0x0117
[151] [M]: 0x80000248 (0x0117AA23) sw a7, 20(a5)
mem[0x8000226C] <- 0x00000000


mem[X,0x8000024C] -> 0x2F07
mem[X,0x8000024E] -> 0x0308
[152] [M]: 0x8000024C (0x03082F07) flw ft10, 48(a6)
mem[R,0x80002040] -> 0x7F7FFFFF
f30 <- 0xFFFFFFFF7F7FFFFF


mem[X,0x80000250] -> 0xD073
mem[X,0x80000252] -> 0x0020
[153] [M]: 0x80000250 (0x0020D073) csrrwi zero, frm, 1
CSR frm -> 0x00000001
CSR frm <- 0x00000001 (input: 0x00000001)


mem[X,0x80000254] -> 0x1253
mem[X,0x80000256] -> 0xE00F
[154] [M]: 0x80000254 (0xE00F1253) fclass.s tp, ft10
x4 <- 0x00000040


mem[X,0x80000258] -> 0x28F3
mem[X,0x8000025A] -> 0x0010
[155] [M]: 0x80000258 (0x001028F3) csrrs a7, fflags, zero
CSR fflags -> 0x00000000
x17 <- 0x00000000


mem[X,0x8000025C] -> 0xAC23
mem[X,0x8000025E] -> 0x0047
[156] [M]: 0x8000025C (0x0047AC23) sw tp, 24(a5)
mem[0x80002270] <- 0x00000040


mem[X,0x80000260] -> 0xAE23
mem[X,0x80000262] -> 0x0117
[157] [M]: 0x80000260 (0x0117AE23) sw a7, 28(a5)
mem[0x80002274] <- 0x00000000


mem[X,0x80000264] -> 0x0A33
mem[X,0x80000266] -> 0x0008
[158] [M]: 0x80000264 (0x00080A33) add s4, a6, zero
x20 <- 0x80002010


mem[X,0x80000268] -> 0x2997
mem[X,0x8000026A] -> 0x0000
[159] [M]: 0x80000268 (0x00002997) auipc s3, 2
x19 <- 0x80002268


mem[X,0x8000026C] -> 0x8993
mem[X,0x8000026E] -> 0x0109
[160] [M]: 0x8000026C (0x01098993) addi s3, s3, 16
x19 <- 0x80002278


mem[X,0x80000270] -> 0x2F87
mem[X,0x80000272] -> 0x034A
[161] [M]: 0x80000270 (0x034A2F87) flw ft11, 52(s4)
mem[R,0x80002044] -> 0x80855555
f31 <- 0xFFFFFFFF80855555


mem[X,0x80000274] -> 0xD073
mem[X,0x80000276] -> 0x0020
[162] [M]: 0x80000274 (0x0020D073) csrrwi zero, frm, 1
CSR frm -> 0x00000001
CSR frm <- 0x00000001 (input: 0x00000001)


mem[X,0x80000278] -> 0x97D3
mem[X,0x8000027A] -> 0xE00F
[163] [M]: 0x80000278 (0xE00F97D3) fclass.s a5, ft11
x15 <- 0x00000002


mem[X,0x8000027C] -> 0x2AF3
mem[X,0x8000027E] -> 0x0010
[164] [M]: 0x8000027C (0x00102AF3) csrrs s5, fflags, zero
CSR fflags -> 0x00000000
x21 <- 0x00000000


mem[X,0x80000280] -> 0xA023
mem[X,0x80000282] -> 0x00F9
[165] [M]: 0x80000280 (0x00F9A023) sw a5, 0(s3)
mem[0x80002278] <- 0x00000002


mem[X,0x80000284] -> 0xA223
mem[X,0x80000286] -> 0x0159
[166] [M]: 0x80000284 (0x0159A223) sw s5, 4(s3)
mem[0x8000227C] <- 0x00000000


mem[X,0x80000288] -> 0x0833
mem[X,0x8000028A] -> 0x000A
[167] [M]: 0x80000288 (0x000A0833) add a6, s4, zero
x16 <- 0x80002010


mem[X,0x8000028C] -> 0x2797
mem[X,0x8000028E] -> 0x0000
[168] [M]: 0x8000028C (0x00002797) auipc a5, 2
x15 <- 0x8000228C


mem[X,0x80000290] -> 0x8793
mem[X,0x80000292] -> 0xFF47
[169] [M]: 0x80000290 (0xFF478793) addi a5, a5, 4084
x15 <- 0x80002280


mem[X,0x80000294] -> 0x2407
mem[X,0x80000296] -> 0x0388
[170] [M]: 0x80000294 (0x03882407) flw fs0, 56(a6)
mem[R,0x80002048] -> 0x00800001
f8 <- 0xFFFFFFFF00800001


mem[X,0x80000298] -> 0xD073
mem[X,0x8000029A] -> 0x0020
[171] [M]: 0x80000298 (0x0020D073) csrrwi zero, frm, 1
CSR frm -> 0x00000001
CSR frm <- 0x00000001 (input: 0x00000001)


mem[X,0x8000029C] -> 0x13D3
mem[X,0x8000029E] -> 0xE004
[172] [M]: 0x8000029C (0xE00413D3) fclass.s t2, fs0
x7 <- 0x00000040


mem[X,0x800002A0] -> 0x28F3
mem[X,0x800002A2] -> 0x0010
[173] [M]: 0x800002A0 (0x001028F3) csrrs a7, fflags, zero
CSR fflags -> 0x00000000
x17 <- 0x00000000


mem[X,0x800002A4] -> 0xA023
mem[X,0x800002A6] -> 0x0077
[174] [M]: 0x800002A4 (0x0077A023) sw t2, 0(a5)
mem[0x80002280] <- 0x00000040


mem[X,0x800002A8] -> 0xA223
mem[X,0x800002AA] -> 0x0117
[175] [M]: 0x800002A8 (0x0117A223) sw a7, 4(a5)
mem[0x80002284] <- 0x00000000


mem[X,0x800002AC] -> 0x2E87
mem[X,0x800002AE] -> 0x03C8
[176] [M]: 0x800002AC (0x03C82E87) flw ft9, 60(a6)
mem[R,0x8000204C] -> 0x80800000
f29 <- 0xFFFFFFFF80800000


mem[X,0x800002B0] -> 0xD073
mem[X,0x800002B2] -> 0x0020
[177] [M]: 0x800002B0 (0x0020D073) csrrwi zero, frm, 1
CSR frm -> 0x00000001
CSR frm <- 0x00000001 (input: 0x00000001)


mem[X,0x800002B4] -> 0x9653
mem[X,0x800002B6] -> 0xE00E
[178] [M]: 0x800002B4 (0xE00E9653) fclass.s a2, ft9
x12 <- 0x00000002


mem[X,0x800002B8] -> 0x28F3
mem[X,0x800002BA] -> 0x0010
[179] [M]: 0x800002B8 (0x001028F3) csrrs a7, fflags, zero
CSR fflags -> 0x00000000
x17 <- 0x00000000


mem[X,0x800002BC] -> 0xA423
mem[X,0x800002BE] -> 0x00C7
[180] [M]: 0x800002BC (0x00C7A423) sw a2, 8(a5)
mem[0x80002288] <- 0x00000002


mem[X,0x800002C0] -> 0xA623
mem[X,0x800002C2] -> 0x0117
[181] [M]: 0x800002C0 (0x0117A623) sw a7, 12(a5)
mem[0x8000228C] <- 0x00000000


mem[X,0x800002C4] -> 0x2787
mem[X,0x800002C6] -> 0x0408
[182] [M]: 0x800002C4 (0x04082787) flw fa5, 64(a6)
mem[R,0x80002050] -> 0x00800000
f15 <- 0xFFFFFFFF00800000


mem[X,0x800002C8] -> 0xD073
mem[X,0x800002CA] -> 0x0020
[183] [M]: 0x800002C8 (0x0020D073) csrrwi zero, frm, 1
CSR frm -> 0x00000001
CSR frm <- 0x00000001 (input: 0x00000001)


mem[X,0x800002CC] -> 0x9FD3
mem[X,0x800002CE] -> 0xE007
[184] [M]: 0x800002CC (0xE0079FD3) fclass.s t6, fa5
x31 <- 0x00000040


mem[X,0x800002D0] -> 0x28F3
mem[X,0x800002D2] -> 0x0010
[185] [M]: 0x800002D0 (0x001028F3) csrrs a7, fflags, zero
CSR fflags -> 0x00000000
x17 <- 0x00000000


mem[X,0x800002D4] -> 0xA823
mem[X,0x800002D6] -> 0x01F7
[186] [M]: 0x800002D4 (0x01F7A823) sw t6, 16(a5)
mem[0x80002290] <- 0x00000040


mem[X,0x800002D8] -> 0xAA23
mem[X,0x800002DA] -> 0x0117
[187] [M]: 0x800002D8 (0x0117AA23) sw a7, 20(a5)
mem[0x80002294] <- 0x00000000


mem[X,0x800002DC] -> 0x2507
mem[X,0x800002DE] -> 0x0448
[188] [M]: 0x800002DC (0x04482507) flw fa0, 68(a6)
mem[R,0x80002054] -> 0x807FFFFF
f10 <- 0xFFFFFFFF807FFFFF


mem[X,0x800002E0] -> 0xD073
mem[X,0x800002E2] -> 0x0020
[189] [M]: 0x800002E0 (0x0020D073) csrrwi zero, frm, 1
CSR frm -> 0x00000001
CSR frm <- 0x00000001 (input: 0x00000001)


mem[X,0x800002E4] -> 0x1053
mem[X,0x800002E6] -> 0xE005
[190] [M]: 0x800002E4 (0xE0051053) fclass.s zero, fa0


mem[X,0x800002E8] -> 0x28F3
mem[X,0x800002EA] -> 0x0010
[191] [M]: 0x800002E8 (0x001028F3) csrrs a7, fflags, zero
CSR fflags -> 0x00000000
x17 <- 0x00000000


mem[X,0x800002EC] -> 0xAC23
mem[X,0x800002EE] -> 0x0007
[192] [M]: 0x800002EC (0x0007AC23) sw zero, 24(a5)
mem[0x80002298] <- 0x00000000


mem[X,0x800002F0] -> 0xAE23
mem[X,0x800002F2] -> 0x0117
[193] [M]: 0x800002F0 (0x0117AE23) sw a7, 28(a5)
mem[0x8000229C] <- 0x00000000


mem[X,0x800002F4] -> 0x2D07
mem[X,0x800002F6] -> 0x0488
[194] [M]: 0x800002F4 (0x04882D07) flw fs10, 72(a6)
mem[R,0x80002058] -> 0x007FFFFF
f26 <- 0xFFFFFFFF007FFFFF


mem[X,0x800002F8] -> 0xD073
mem[X,0x800002FA] -> 0x0020
[195] [M]: 0x800002F8 (0x0020D073) csrrwi zero, frm, 1
CSR frm -> 0x00000001
CSR frm <- 0x00000001 (input: 0x00000001)


mem[X,0x800002FC] -> 0x1E53
mem[X,0x800002FE] -> 0xE00D
[196] [M]: 0x800002FC (0xE00D1E53) fclass.s t3, fs10
x28 <- 0x00000020


mem[X,0x80000300] -> 0x28F3
mem[X,0x80000302] -> 0x0010
[197] [M]: 0x80000300 (0x001028F3) csrrs a7, fflags, zero
CSR fflags -> 0x00000000
x17 <- 0x00000000


mem[X,0x80000304] -> 0xA023
mem[X,0x80000306] -> 0x03C7
[198] [M]: 0x80000304 (0x03C7A023) sw t3, 32(a5)
mem[0x800022A0] <- 0x00000020


mem[X,0x80000308] -> 0xA223
mem[X,0x8000030A] -> 0x0317
[199] [M]: 0x80000308 (0x0317A223) sw a7, 36(a5)
mem[0x800022A4] <- 0x00000000


clint::tick mtime <- 0x0000000000000002
 clint timer pending at mtime 0x0000000000000002
htif::tick 0x0000000000000000
mem[X,0x8000030C] -> 0x2887
mem[X,0x8000030E] -> 0x04C8
[200] [M]: 0x8000030C (0x04C82887) flw fa7, 76(a6)
mem[R,0x8000205C] -> 0x807FFFFE
f17 <- 0xFFFFFFFF807FFFFE


mem[X,0x80000310] -> 0xD073
mem[X,0x80000312] -> 0x0020
[201] [M]: 0x80000310 (0x0020D073) csrrwi zero, frm, 1
CSR frm -> 0x00000001
CSR frm <- 0x00000001 (input: 0x00000001)


mem[X,0x80000314] -> 0x9553
mem[X,0x80000316] -> 0xE008
[202] [M]: 0x80000314 (0xE0089553) fclass.s a0, fa7
x10 <- 0x00000004


mem[X,0x80000318] -> 0x28F3
mem[X,0x8000031A] -> 0x0010
[203] [M]: 0x80000318 (0x001028F3) csrrs a7, fflags, zero
CSR fflags -> 0x00000000
x17 <- 0x00000000


mem[X,0x8000031C] -> 0xA423
mem[X,0x8000031E] -> 0x02A7
[204] [M]: 0x8000031C (0x02A7A423) sw a0, 40(a5)
mem[0x800022A8] <- 0x00000004


mem[X,0x80000320] -> 0xA623
mem[X,0x80000322] -> 0x0317
[205] [M]: 0x80000320 (0x0317A623) sw a7, 44(a5)
mem[0x800022AC] <- 0x00000000


mem[X,0x80000324] -> 0x2987
mem[X,0x80000326] -> 0x0508
[206] [M]: 0x80000324 (0x05082987) flw fs3, 80(a6)
mem[R,0x80002060] -> 0x00000002
f19 <- 0xFFFFFFFF00000002


mem[X,0x80000328] -> 0xD073
mem[X,0x8000032A] -> 0x0020
[207] [M]: 0x80000328 (0x0020D073) csrrwi zero, frm, 1
CSR frm -> 0x00000001
CSR frm <- 0x00000001 (input: 0x00000001)


mem[X,0x8000032C] -> 0x9ED3
mem[X,0x8000032E] -> 0xE009
[208] [M]: 0x8000032C (0xE0099ED3) fclass.s t4, fs3
x29 <- 0x00000020


mem[X,0x80000330] -> 0x28F3
mem[X,0x80000332] -> 0x0010
[209] [M]: 0x80000330 (0x001028F3) csrrs a7, fflags, zero
CSR fflags -> 0x00000000
x17 <- 0x00000000


mem[X,0x80000334] -> 0xA823
mem[X,0x80000336] -> 0x03D7
[210] [M]: 0x80000334 (0x03D7A823) sw t4, 48(a5)
mem[0x800022B0] <- 0x00000020


mem[X,0x80000338] -> 0xAA23
mem[X,0x8000033A] -> 0x0317
[211] [M]: 0x80000338 (0x0317AA23) sw a7, 52(a5)
mem[0x800022B4] <- 0x00000000


mem[X,0x8000033C] -> 0x2087
mem[X,0x8000033E] -> 0x0548
[212] [M]: 0x8000033C (0x05482087) flw ft1, 84(a6)
mem[R,0x80002064] -> 0x80000001
f1 <- 0xFFFFFFFF80000001


mem[X,0x80000340] -> 0xD073
mem[X,0x80000342] -> 0x0020
[213] [M]: 0x80000340 (0x0020D073) csrrwi zero, frm, 1
CSR frm -> 0x00000001
CSR frm <- 0x00000001 (input: 0x00000001)


mem[X,0x80000344] -> 0x94D3
mem[X,0x80000346] -> 0xE000
[214] [M]: 0x80000344 (0xE00094D3) fclass.s s1, ft1
x9 <- 0x00000004


mem[X,0x80000348] -> 0x28F3
mem[X,0x8000034A] -> 0x0010
[215] [M]: 0x80000348 (0x001028F3) csrrs a7, fflags, zero
CSR fflags -> 0x00000000
x17 <- 0x00000000


mem[X,0x8000034C] -> 0xAC23
mem[X,0x8000034E] -> 0x0297
[216] [M]: 0x8000034C (0x0297AC23) sw s1, 56(a5)
mem[0x800022B8] <- 0x00000004


mem[X,0x80000350] -> 0xAE23
mem[X,0x80000352] -> 0x0317
[217] [M]: 0x80000350 (0x0317AE23) sw a7, 60(a5)
mem[0x800022BC] <- 0x00000000


mem[X,0x80000354] -> 0x2207
mem[X,0x80000356] -> 0x0588
[218] [M]: 0x80000354 (0x05882207) flw ft4, 88(a6)
mem[R,0x80002068] -> 0x00000001
f4 <- 0xFFFFFFFF00000001


mem[X,0x80000358] -> 0xD073
mem[X,0x8000035A] -> 0x0020
[219] [M]: 0x80000358 (0x0020D073) csrrwi zero, frm, 1
CSR frm -> 0x00000001
CSR frm <- 0x00000001 (input: 0x00000001)


mem[X,0x8000035C] -> 0x16D3
mem[X,0x8000035E] -> 0xE002
[220] [M]: 0x8000035C (0xE00216D3) fclass.s a3, ft4
x13 <- 0x00000020


mem[X,0x80000360] -> 0x28F3
mem[X,0x80000362] -> 0x0010
[221] [M]: 0x80000360 (0x001028F3) csrrs a7, fflags, zero
CSR fflags -> 0x00000000
x17 <- 0x00000000


mem[X,0x80000364] -> 0xA023
mem[X,0x80000366] -> 0x04D7
[222] [M]: 0x80000364 (0x04D7A023) sw a3, 64(a5)
mem[0x800022C0] <- 0x00000020


mem[X,0x80000368] -> 0xA223
mem[X,0x8000036A] -> 0x0517
[223] [M]: 0x80000368 (0x0517A223) sw a7, 68(a5)
mem[0x800022C4] <- 0x00000000


mem[X,0x8000036C] -> 0x2C87
mem[X,0x8000036E] -> 0x05C8
[224] [M]: 0x8000036C (0x05C82C87) flw fs9, 92(a6)
mem[R,0x8000206C] -> 0x80000000
f25 <- 0xFFFFFFFF80000000


mem[X,0x80000370] -> 0xD073
mem[X,0x80000372] -> 0x0020
[225] [M]: 0x80000370 (0x0020D073) csrrwi zero, frm, 1
CSR frm -> 0x00000001
CSR frm <- 0x00000001 (input: 0x00000001)


mem[X,0x80000374] -> 0x9CD3
mem[X,0x80000376] -> 0xE00C
[226] [M]: 0x80000374 (0xE00C9CD3) fclass.s s9, fs9
x25 <- 0x00000008


mem[X,0x80000378] -> 0x28F3
mem[X,0x8000037A] -> 0x0010
[227] [M]: 0x80000378 (0x001028F3) csrrs a7, fflags, zero
CSR fflags -> 0x00000000
x17 <- 0x00000000


mem[X,0x8000037C] -> 0xA423
mem[X,0x8000037E] -> 0x0597
[228] [M]: 0x8000037C (0x0597A423) sw s9, 72(a5)
mem[0x800022C8] <- 0x00000008


mem[X,0x80000380] -> 0xA623
mem[X,0x80000382] -> 0x0517
[229] [M]: 0x80000380 (0x0517A623) sw a7, 76(a5)
mem[0x800022CC] <- 0x00000000


mem[X,0x80000384] -> 0x2187
mem[X,0x80000386] -> 0x0608
[230] [M]: 0x80000384 (0x06082187) flw ft3, 96(a6)
mem[R,0x80002070] -> 0x00000000
f3 <- 0xFFFFFFFF00000000


mem[X,0x80000388] -> 0x5073
mem[X,0x8000038A] -> 0x0020
[231] [M]: 0x80000388 (0x00205073) csrrwi zero, frm, 0
CSR frm -> 0x00000001
CSR frm <- 0x00000000 (input: 0x00000000)


mem[X,0x8000038C] -> 0x9B53
mem[X,0x8000038E] -> 0xE001
[232] [M]: 0x8000038C (0xE0019B53) fclass.s s6, ft3
x22 <- 0x00000010


mem[X,0x80000390] -> 0x28F3
mem[X,0x80000392] -> 0x0010
[233] [M]: 0x80000390 (0x001028F3) csrrs a7, fflags, zero
CSR fflags -> 0x00000000
x17 <- 0x00000000


mem[X,0x80000394] -> 0xA823
mem[X,0x80000396] -> 0x0567
[234] [M]: 0x80000394 (0x0567A823) sw s6, 80(a5)
mem[0x800022D0] <- 0x00000010


mem[X,0x80000398] -> 0xAA23
mem[X,0x8000039A] -> 0x0517
[235] [M]: 0x80000398 (0x0517AA23) sw a7, 84(a5)
mem[0x800022D4] <- 0x00000000


mem[X,0x8000039C] -> 0x2C07
mem[X,0x8000039E] -> 0x0648
[236] [M]: 0x8000039C (0x06482C07) flw fs8, 100(a6)
mem[R,0x80002074] -> 0x00000000
f24 <- 0xFFFFFFFF00000000


mem[X,0x800003A0] -> 0x5073
mem[X,0x800003A2] -> 0x0020
[237] [M]: 0x800003A0 (0x00205073) csrrwi zero, frm, 0
CSR frm -> 0x00000000
CSR frm <- 0x00000000 (input: 0x00000000)


mem[X,0x800003A4] -> 0x1F53
mem[X,0x800003A6] -> 0xE00C
[238] [M]: 0x800003A4 (0xE00C1F53) fclass.s t5, fs8
x30 <- 0x00000010


mem[X,0x800003A8] -> 0x28F3
mem[X,0x800003AA] -> 0x0010
[239] [M]: 0x800003A8 (0x001028F3) csrrs a7, fflags, zero
CSR fflags -> 0x00000000
x17 <- 0x00000000


mem[X,0x800003AC] -> 0xAC23
mem[X,0x800003AE] -> 0x05E7
[240] [M]: 0x800003AC (0x05E7AC23) sw t5, 88(a5)
mem[0x800022D8] <- 0x00000010


mem[X,0x800003B0] -> 0xAE23
mem[X,0x800003B2] -> 0x0517
[241] [M]: 0x800003B0 (0x0517AE23) sw a7, 92(a5)
mem[0x800022DC] <- 0x00000000


mem[X,0x800003B4] -> 0x2607
mem[X,0x800003B6] -> 0x0688
[242] [M]: 0x800003B4 (0x06882607) flw fa2, 104(a6)
mem[R,0x80002078] -> 0x00000000
f12 <- 0xFFFFFFFF00000000


mem[X,0x800003B8] -> 0x5073
mem[X,0x800003BA] -> 0x0020
[243] [M]: 0x800003B8 (0x00205073) csrrwi zero, frm, 0
CSR frm -> 0x00000000
CSR frm <- 0x00000000 (input: 0x00000000)


mem[X,0x800003BC] -> 0x15D3
mem[X,0x800003BE] -> 0xE006
[244] [M]: 0x800003BC (0xE00615D3) fclass.s a1, fa2
x11 <- 0x00000010


mem[X,0x800003C0] -> 0x28F3
mem[X,0x800003C2] -> 0x0010
[245] [M]: 0x800003C0 (0x001028F3) csrrs a7, fflags, zero
CSR fflags -> 0x00000000
x17 <- 0x00000000


mem[X,0x800003C4] -> 0xA023
mem[X,0x800003C6] -> 0x06B7
[246] [M]: 0x800003C4 (0x06B7A023) sw a1, 96(a5)
mem[0x800022E0] <- 0x00000010


mem[X,0x800003C8] -> 0xA223
mem[X,0x800003CA] -> 0x0717
[247] [M]: 0x800003C8 (0x0717A223) sw a7, 100(a5)
mem[0x800022E4] <- 0x00000000


mem[X,0x800003CC] -> 0x2E07
mem[X,0x800003CE] -> 0x06C8
[248] [M]: 0x800003CC (0x06C82E07) flw ft8, 108(a6)
mem[R,0x8000207C] -> 0x00000000
f28 <- 0xFFFFFFFF00000000


mem[X,0x800003D0] -> 0x5073
mem[X,0x800003D2] -> 0x0020
[249] [M]: 0x800003D0 (0x00205073) csrrwi zero, frm, 0
CSR frm -> 0x00000000
CSR frm <- 0x00000000 (input: 0x00000000)


mem[X,0x800003D4] -> 0x1953
mem[X,0x800003D6] -> 0xE00E
[250] [M]: 0x800003D4 (0xE00E1953) fclass.s s2, ft8
x18 <- 0x00000010


mem[X,0x800003D8] -> 0x28F3
mem[X,0x800003DA] -> 0x0010
[251] [M]: 0x800003D8 (0x001028F3) csrrs a7, fflags, zero
CSR fflags -> 0x00000000
x17 <- 0x00000000


mem[X,0x800003DC] -> 0xA423
mem[X,0x800003DE] -> 0x0727
[252] [M]: 0x800003DC (0x0727A423) sw s2, 104(a5)
mem[0x800022E8] <- 0x00000010


mem[X,0x800003E0] -> 0xA623
mem[X,0x800003E2] -> 0x0717
[253] [M]: 0x800003E0 (0x0717A623) sw a7, 108(a5)
mem[0x800022EC] <- 0x00000000


mem[X,0x800003E4] -> 0x2B07
mem[X,0x800003E6] -> 0x0708
[254] [M]: 0x800003E4 (0x07082B07) flw fs6, 112(a6)
mem[R,0x80002080] -> 0x00000000
f22 <- 0xFFFFFFFF00000000


mem[X,0x800003E8] -> 0x5073
mem[X,0x800003EA] -> 0x0020
[255] [M]: 0x800003E8 (0x00205073) csrrwi zero, frm, 0
CSR frm -> 0x00000000
CSR frm <- 0x00000000 (input: 0x00000000)


mem[X,0x800003EC] -> 0x1453
mem[X,0x800003EE] -> 0xE00B
[256] [M]: 0x800003EC (0xE00B1453) fclass.s fp, fs6
x8 <- 0x00000010


mem[X,0x800003F0] -> 0x28F3
mem[X,0x800003F2] -> 0x0010
[257] [M]: 0x800003F0 (0x001028F3) csrrs a7, fflags, zero
CSR fflags -> 0x00000000
x17 <- 0x00000000


mem[X,0x800003F4] -> 0xA823
mem[X,0x800003F6] -> 0x0687
[258] [M]: 0x800003F4 (0x0687A823) sw fp, 112(a5)
mem[0x800022F0] <- 0x00000010


mem[X,0x800003F8] -> 0xAA23
mem[X,0x800003FA] -> 0x0717
[259] [M]: 0x800003F8 (0x0717AA23) sw a7, 116(a5)
mem[0x800022F4] <- 0x00000000


mem[X,0x800003FC] -> 0x2D87
mem[X,0x800003FE] -> 0x0748
[260] [M]: 0x800003FC (0x07482D87) flw fs11, 116(a6)
mem[R,0x80002084] -> 0x00000000
f27 <- 0xFFFFFFFF00000000


mem[X,0x80000400] -> 0x5073
mem[X,0x80000402] -> 0x0020
[261] [M]: 0x80000400 (0x00205073) csrrwi zero, frm, 0
CSR frm -> 0x00000000
CSR frm <- 0x00000000 (input: 0x00000000)


mem[X,0x80000404] -> 0x9153
mem[X,0x80000406] -> 0xE00D
[262] [M]: 0x80000404 (0xE00D9153) fclass.s sp, fs11
x2 <- 0x00000010


mem[X,0x80000408] -> 0x28F3
mem[X,0x8000040A] -> 0x0010
[263] [M]: 0x80000408 (0x001028F3) csrrs a7, fflags, zero
CSR fflags -> 0x00000000
x17 <- 0x00000000


mem[X,0x8000040C] -> 0xAC23
mem[X,0x8000040E] -> 0x0627
[264] [M]: 0x8000040C (0x0627AC23) sw sp, 120(a5)
mem[0x800022F8] <- 0x00000010


mem[X,0x80000410] -> 0xAE23
mem[X,0x80000412] -> 0x0717
[265] [M]: 0x80000410 (0x0717AE23) sw a7, 124(a5)
mem[0x800022FC] <- 0x00000000


mem[X,0x80000414] -> 0x2A07
mem[X,0x80000416] -> 0x0788
[266] [M]: 0x80000414 (0x07882A07) flw fs4, 120(a6)
mem[R,0x80002088] -> 0x00000000
f20 <- 0xFFFFFFFF00000000


mem[X,0x80000418] -> 0x5073
mem[X,0x8000041A] -> 0x0020
[267] [M]: 0x80000418 (0x00205073) csrrwi zero, frm, 0
CSR frm -> 0x00000000
CSR frm <- 0x00000000 (input: 0x00000000)


mem[X,0x8000041C] -> 0x1AD3
mem[X,0x8000041E] -> 0xE00A
[268] [M]: 0x8000041C (0xE00A1AD3) fclass.s s5, fs4
x21 <- 0x00000010


mem[X,0x80000420] -> 0x28F3
mem[X,0x80000422] -> 0x0010
[269] [M]: 0x80000420 (0x001028F3) csrrs a7, fflags, zero
CSR fflags -> 0x00000000
x17 <- 0x00000000


mem[X,0x80000424] -> 0xA023
mem[X,0x80000426] -> 0x0957
[270] [M]: 0x80000424 (0x0957A023) sw s5, 128(a5)
mem[0x80002300] <- 0x00000010


mem[X,0x80000428] -> 0xA223
mem[X,0x8000042A] -> 0x0917
[271] [M]: 0x80000428 (0x0917A223) sw a7, 132(a5)
mem[0x80002304] <- 0x00000000


mem[X,0x8000042C] -> 0x2007
mem[X,0x8000042E] -> 0x07C8
[272] [M]: 0x8000042C (0x07C82007) flw ft0, 124(a6)
mem[R,0x8000208C] -> 0x00000000
f0 <- 0xFFFFFFFF00000000


mem[X,0x80000430] -> 0x5073
mem[X,0x80000432] -> 0x0020
[273] [M]: 0x80000430 (0x00205073) csrrwi zero, frm, 0
CSR frm -> 0x00000000
CSR frm <- 0x00000000 (input: 0x00000000)


mem[X,0x80000434] -> 0x11D3
mem[X,0x80000436] -> 0xE000
[274] [M]: 0x80000434 (0xE00011D3) fclass.s gp, ft0
x3 <- 0x00000010


mem[X,0x80000438] -> 0x28F3
mem[X,0x8000043A] -> 0x0010
[275] [M]: 0x80000438 (0x001028F3) csrrs a7, fflags, zero
CSR fflags -> 0x00000000
x17 <- 0x00000000


mem[X,0x8000043C] -> 0xA423
mem[X,0x8000043E] -> 0x0837
[276] [M]: 0x8000043C (0x0837A423) sw gp, 136(a5)
mem[0x80002308] <- 0x00000010


mem[X,0x80000440] -> 0xA623
mem[X,0x80000442] -> 0x0917
[277] [M]: 0x80000440 (0x0917A623) sw a7, 140(a5)
mem[0x8000230C] <- 0x00000000


mem[X,0x80000444] -> 0x2F87
mem[X,0x80000446] -> 0x0808
[278] [M]: 0x80000444 (0x08082F87) flw ft11, 128(a6)
mem[R,0x80002090] -> 0x807FFFFF
f31 <- 0xFFFFFFFF807FFFFF


mem[X,0x80000448] -> 0xD073
mem[X,0x8000044A] -> 0x0020
[279] [M]: 0x80000448 (0x0020D073) csrrwi zero, frm, 1
CSR frm -> 0x00000000
CSR frm <- 0x00000001 (input: 0x00000001)


mem[X,0x8000044C] -> 0x9FD3
mem[X,0x8000044E] -> 0xE00F
[280] [M]: 0x8000044C (0xE00F9FD3) fclass.s t6, ft11
x31 <- 0x00000004


mem[X,0x80000450] -> 0x28F3
mem[X,0x80000452] -> 0x0010
[281] [M]: 0x80000450 (0x001028F3) csrrs a7, fflags, zero
CSR fflags -> 0x00000000
x17 <- 0x00000000


mem[X,0x80000454] -> 0xA823
mem[X,0x80000456] -> 0x09F7
[282] [M]: 0x80000454 (0x09F7A823) sw t6, 144(a5)
mem[0x80002310] <- 0x00000004


mem[X,0x80000458] -> 0xAA23
mem[X,0x8000045A] -> 0x0917
[283] [M]: 0x80000458 (0x0917AA23) sw a7, 148(a5)
mem[0x80002314] <- 0x00000000


mem[X,0x8000045C] -> 0x0013
mem[X,0x8000045E] -> 0x0000
[284] [M]: 0x8000045C (0x00000013) addi zero, zero, 0


mem[X,0x80000460] -> 0x0093
mem[X,0x80000462] -> 0x0010
[285] [M]: 0x80000460 (0x00100093) addi ra, zero, 1
x1 <- 0x00000001


mem[X,0x80000464] -> 0x1F17
mem[X,0x80000466] -> 0x0000
[286] [M]: 0x80000464 (0x00001F17) auipc t5, 1
x30 <- 0x80001464


mem[X,0x80000468] -> 0x2E23
mem[X,0x8000046A] -> 0xB81F
[287] [M]: 0x80000468 (0xB81F2E23) sw ra, 2972(t5)
htif[0x80001000] <- 0x00000001


mem[X,0x8000046C] -> 0xF06F
mem[X,0x8000046E] -> 0xFF9F
[288] [M]: 0x8000046C (0xFF9FF06F) jal zero, 2097144


mem[X,0x80000464] -> 0x1F17
mem[X,0x80000466] -> 0x0000
[289] [M]: 0x80000464 (0x00001F17) auipc t5, 1
x30 <- 0x80001464


mem[X,0x80000468] -> 0x2E23
mem[X,0x8000046A] -> 0xB81F
[290] [M]: 0x80000468 (0xB81F2E23) sw ra, 2972(t5)
htif[0x80001000] <- 0x00000001


mem[X,0x8000046C] -> 0xF06F
mem[X,0x8000046E] -> 0xFF9F
[291] [M]: 0x8000046C (0xFF9FF06F) jal zero, 2097144


mem[X,0x80000464] -> 0x1F17
mem[X,0x80000466] -> 0x0000
[292] [M]: 0x80000464 (0x00001F17) auipc t5, 1
x30 <- 0x80001464


mem[X,0x80000468] -> 0x2E23
mem[X,0x8000046A] -> 0xB81F
[293] [M]: 0x80000468 (0xB81F2E23) sw ra, 2972(t5)
htif[0x80001000] <- 0x00000001
htif-syscall-proxy cmd: 0x000000000001

SUCCESS
