using /home/riscv/RRF/Reports/2022-05-03_12:45:36.966159/rv64d_fcvt.d.l/work/fcvt.d.l_b26-01.S/Reference-sail_c_simulator.signature for test-signature output.
[Sail] Allocating new block 0x80000000
tohost located at 0x80001000
[Sail] Allocating new block 0x0

Running file ref.elf.
ELF Entry @ 0x80000000
begin_signature: 0x80002410
end_signature: 0x80002820
CSR mstatus <- 0x0000000A00000000 (input: 0x0000000000000000)
mem[X,0x0000000000001000] -> 0x0297
mem[X,0x0000000000001002] -> 0x0000
[0] [M]: 0x0000000000001000 (0x00000297) auipc t0, 0
x5 <- 0x0000000000001000


mem[X,0x0000000000001004] -> 0x8593
mem[X,0x0000000000001006] -> 0x0202
[1] [M]: 0x0000000000001004 (0x02028593) addi a1, t0, 32
x11 <- 0x0000000000001020


mem[X,0x0000000000001008] -> 0x2573
mem[X,0x000000000000100A] -> 0xF140
[2] [M]: 0x0000000000001008 (0xF1402573) csrrs a0, mhartid, zero
CSR mhartid -> 0x0000000000000000
x10 <- 0x0000000000000000


mem[X,0x000000000000100C] -> 0xB283
mem[X,0x000000000000100E] -> 0x0182
[3] [M]: 0x000000000000100C (0x0182B283) ld t0, 24(t0)
mem[R,0x0000000000001018] -> 0x0000000080000000
x5 <- 0x0000000080000000


mem[X,0x0000000000001010] -> 0x8067
mem[X,0x0000000000001012] -> 0x0002
[4] [M]: 0x0000000000001010 (0x00028067) jalr zero, t0, 0


mem[X,0x0000000080000000] -> 0xE0B7
mem[X,0x0000000080000002] -> 0xFF76
[5] [M]: 0x0000000080000000 (0xFF76E0B7) lui ra, 1046382
x1 <- 0xFFFFFFFFFF76E000


mem[X,0x0000000080000004] -> 0x809B
mem[X,0x0000000080000006] -> 0xF570
[6] [M]: 0x0000000080000004 (0xF570809B) addiw ra, ra, 3927
x1 <- 0xFFFFFFFFFF76DF57


mem[X,0x0000000080000008] -> 0x9093
mem[X,0x000000008000000A] -> 0x0130
[7] [M]: 0x0000000080000008 (0x01309093) slli ra, ra, 19
x1 <- 0xFFFFFBB6FAB80000


mem[X,0x000000008000000C] -> 0x8093
mem[X,0x000000008000000E] -> 0xBB70
[8] [M]: 0x000000008000000C (0xBB708093) addi ra, ra, 2999
x1 <- 0xFFFFFBB6FAB7FBB7


mem[X,0x0000000080000010] -> 0x9093
mem[X,0x0000000080000012] -> 0x00E0
[9] [M]: 0x0000000080000010 (0x00E09093) slli ra, ra, 14
x1 <- 0xFEEDBEADFEEDC000


mem[X,0x0000000080000014] -> 0x8093
mem[X,0x0000000080000016] -> 0xEAD0
[10] [M]: 0x0000000080000014 (0xEAD08093) addi ra, ra, 3757
x1 <- 0xFEEDBEADFEEDBEAD


mem[X,0x0000000080000018] -> 0xE137
mem[X,0x000000008000001A] -> 0xFF76
[11] [M]: 0x0000000080000018 (0xFF76E137) lui sp, 1046382
x2 <- 0xFFFFFFFFFF76E000


mem[X,0x000000008000001C] -> 0x011B
mem[X,0x000000008000001E] -> 0xF571
[12] [M]: 0x000000008000001C (0xF571011B) addiw sp, sp, 3927
x2 <- 0xFFFFFFFFFF76DF57


mem[X,0x0000000080000020] -> 0x1113
mem[X,0x0000000080000022] -> 0x0131
[13] [M]: 0x0000000080000020 (0x01311113) slli sp, sp, 19
x2 <- 0xFFFFFBB6FAB80000


mem[X,0x0000000080000024] -> 0x0113
mem[X,0x0000000080000026] -> 0xBB71
[14] [M]: 0x0000000080000024 (0xBB710113) addi sp, sp, 2999
x2 <- 0xFFFFFBB6FAB7FBB7


mem[X,0x0000000080000028] -> 0x1113
mem[X,0x000000008000002A] -> 0x00D1
[15] [M]: 0x0000000080000028 (0x00D11113) slli sp, sp, 13
x2 <- 0xFF76DF56FF76E000


mem[X,0x000000008000002C] -> 0x0113
mem[X,0x000000008000002E] -> 0xF561
[16] [M]: 0x000000008000002C (0xF5610113) addi sp, sp, 3926
x2 <- 0xFF76DF56FF76DF56


mem[X,0x0000000080000030] -> 0x01B7
mem[X,0x0000000080000032] -> 0x0008
[17] [M]: 0x0000000080000030 (0x000801B7) lui gp, 128
x3 <- 0x0000000000080000


mem[X,0x0000000080000034] -> 0x819B
mem[X,0x0000000080000036] -> 0xBB71
[18] [M]: 0x0000000080000034 (0xBB71819B) addiw gp, gp, 2999
x3 <- 0x000000000007FBB7


mem[X,0x0000000080000038] -> 0x9193
mem[X,0x000000008000003A] -> 0x00D1
[19] [M]: 0x0000000080000038 (0x00D19193) slli gp, gp, 13
x3 <- 0x00000000FF76E000


mem[X,0x000000008000003C] -> 0x8193
mem[X,0x000000008000003E] -> 0xF571
[20] [M]: 0x000000008000003C (0xF5718193) addi gp, gp, 3927
x3 <- 0x00000000FF76DF57


mem[X,0x0000000080000040] -> 0x9193
mem[X,0x0000000080000042] -> 0x0131
[21] [M]: 0x0000000080000040 (0x01319193) slli gp, gp, 19
x3 <- 0x0007FBB6FAB80000


mem[X,0x0000000080000044] -> 0x8193
mem[X,0x0000000080000046] -> 0xBB71
[22] [M]: 0x0000000080000044 (0xBB718193) addi gp, gp, 2999
x3 <- 0x0007FBB6FAB7FBB7


mem[X,0x0000000080000048] -> 0x9193
mem[X,0x000000008000004A] -> 0x00C1
[23] [M]: 0x0000000080000048 (0x00C19193) slli gp, gp, 12
x3 <- 0x7FBB6FAB7FBB7000


mem[X,0x000000008000004C] -> 0x8193
mem[X,0x000000008000004E] -> 0xFAB1
[24] [M]: 0x000000008000004C (0xFAB18193) addi gp, gp, 4011
x3 <- 0x7FBB6FAB7FBB6FAB


mem[X,0x0000000080000050] -> 0x0237
mem[X,0x0000000080000052] -> 0xFFF8
[25] [M]: 0x0000000080000050 (0xFFF80237) lui tp, 1048448
x4 <- 0xFFFFFFFFFFF80000


mem[X,0x0000000080000054] -> 0x021B
mem[X,0x0000000080000056] -> 0xBB72
[26] [M]: 0x0000000080000054 (0xBB72021B) addiw tp, tp, 2999
x4 <- 0xFFFFFFFFFFF7FBB7


mem[X,0x0000000080000058] -> 0x1213
mem[X,0x000000008000005A] -> 0x00D2
[27] [M]: 0x0000000080000058 (0x00D21213) slli tp, tp, 13
x4 <- 0xFFFFFFFEFF76E000


mem[X,0x000000008000005C] -> 0x0213
mem[X,0x000000008000005E] -> 0xF572
[28] [M]: 0x000000008000005C (0xF5720213) addi tp, tp, 3927
x4 <- 0xFFFFFFFEFF76DF57


mem[X,0x0000000080000060] -> 0x1213
mem[X,0x0000000080000062] -> 0x0122
[29] [M]: 0x0000000080000060 (0x01221213) slli tp, tp, 18
x4 <- 0xFFFBFDDB7D5C0000


mem[X,0x0000000080000064] -> 0x0213
mem[X,0x0000000080000066] -> 0xDDB2
[30] [M]: 0x0000000080000064 (0xDDB20213) addi tp, tp, 3547
x4 <- 0xFFFBFDDB7D5BFDDB


mem[X,0x0000000080000068] -> 0x1213
mem[X,0x000000008000006A] -> 0x00C2
[31] [M]: 0x0000000080000068 (0x00C21213) slli tp, tp, 12
x4 <- 0xBFDDB7D5BFDDB000


mem[X,0x000000008000006C] -> 0x0213
mem[X,0x000000008000006E] -> 0x7D52
[32] [M]: 0x000000008000006C (0x7D520213) addi tp, tp, 2005
x4 <- 0xBFDDB7D5BFDDB7D5


mem[X,0x0000000080000070] -> 0x0297
mem[X,0x0000000080000072] -> 0x0000
[33] [M]: 0x0000000080000070 (0x00000297) auipc t0, 0
x5 <- 0x0000000080000070


mem[X,0x0000000080000074] -> 0x8293
mem[X,0x0000000080000076] -> 0x3202
[34] [M]: 0x0000000080000074 (0x32028293) addi t0, t0, 800
x5 <- 0x0000000080000390


mem[X,0x0000000080000078] -> 0x2317
mem[X,0x000000008000007A] -> 0x0000
[35] [M]: 0x0000000080000078 (0x00002317) auipc t1, 2
x6 <- 0x0000000080002078


mem[X,0x000000008000007C] -> 0x0313
mem[X,0x000000008000007E] -> 0xF883
[36] [M]: 0x000000008000007C (0xF8830313) addi t1, t1, 3976
x6 <- 0x0000000080002000


mem[X,0x0000000080000080] -> 0x03B7
mem[X,0x0000000080000082] -> 0xFFB8
[37] [M]: 0x0000000080000080 (0xFFB803B7) lui t2, 1047424
x7 <- 0xFFFFFFFFFFB80000


mem[X,0x0000000080000084] -> 0x839B
mem[X,0x0000000080000086] -> 0xBB73
[38] [M]: 0x0000000080000084 (0xBB73839B) addiw t2, t2, 2999
x7 <- 0xFFFFFFFFFFB7FBB7


mem[X,0x0000000080000088] -> 0x9393
mem[X,0x000000008000008A] -> 0x00D3
[39] [M]: 0x0000000080000088 (0x00D39393) slli t2, t2, 13
x7 <- 0xFFFFFFF6FF76E000


mem[X,0x000000008000008C] -> 0x8393
mem[X,0x000000008000008E] -> 0xF573
[40] [M]: 0x000000008000008C (0xF5738393) addi t2, t2, 3927
x7 <- 0xFFFFFFF6FF76DF57


mem[X,0x0000000080000090] -> 0x9393
mem[X,0x0000000080000092] -> 0x00F3
[41] [M]: 0x0000000080000090 (0x00F39393) slli t2, t2, 15
x7 <- 0xFFFB7FBB6FAB8000


mem[X,0x0000000080000094] -> 0x8393
mem[X,0x0000000080000096] -> 0xFBB3
[42] [M]: 0x0000000080000094 (0xFBB38393) addi t2, t2, 4027
x7 <- 0xFFFB7FBB6FAB7FBB


mem[X,0x0000000080000098] -> 0x9393
mem[X,0x000000008000009A] -> 0x00C3
[43] [M]: 0x0000000080000098 (0x00C39393) slli t2, t2, 12
x7 <- 0xB7FBB6FAB7FBB000


mem[X,0x000000008000009C] -> 0x8393
mem[X,0x000000008000009E] -> 0x6FA3
[44] [M]: 0x000000008000009C (0x6FA38393) addi t2, t2, 1786
x7 <- 0xB7FBB6FAB7FBB6FA


mem[X,0x00000000800000A0] -> 0x0437
mem[X,0x00000000800000A2] -> 0x00B8
[45] [M]: 0x00000000800000A0 (0x00B80437) lui fp, 2944
x8 <- 0x0000000000B80000


mem[X,0x00000000800000A4] -> 0x041B
mem[X,0x00000000800000A6] -> 0xBB74
[46] [M]: 0x00000000800000A4 (0xBB74041B) addiw fp, fp, 2999
x8 <- 0x0000000000B7FBB7


mem[X,0x00000000800000A8] -> 0x1413
mem[X,0x00000000800000AA] -> 0x00D4
[47] [M]: 0x00000000800000A8 (0x00D41413) slli fp, fp, 13
x8 <- 0x00000016FF76E000


mem[X,0x00000000800000AC] -> 0x0413
mem[X,0x00000000800000AE] -> 0xF574
[48] [M]: 0x00000000800000AC (0xF5740413) addi fp, fp, 3927
x8 <- 0x00000016FF76DF57


mem[X,0x00000000800000B0] -> 0x1413
mem[X,0x00000000800000B2] -> 0x00D4
[49] [M]: 0x00000000800000B0 (0x00D41413) slli fp, fp, 13
x8 <- 0x0002DFEEDBEAE000


mem[X,0x00000000800000B4] -> 0x0413
mem[X,0x00000000800000B6] -> 0xFEF4
[50] [M]: 0x00000000800000B4 (0xFEF40413) addi fp, fp, 4079
x8 <- 0x0002DFEEDBEADFEF


mem[X,0x00000000800000B8] -> 0x1413
mem[X,0x00000000800000BA] -> 0x00D4
[51] [M]: 0x00000000800000B8 (0x00D41413) slli fp, fp, 13
x8 <- 0x5BFDDB7D5BFDE000


mem[X,0x00000000800000BC] -> 0x0413
mem[X,0x00000000800000BE] -> 0xB7D4
[52] [M]: 0x00000000800000BC (0xB7D40413) addi fp, fp, 2941
x8 <- 0x5BFDDB7D5BFDDB7D


mem[X,0x00000000800000C0] -> 0x04B7
mem[X,0x00000000800000C2] -> 0xFEB8
[53] [M]: 0x00000000800000C0 (0xFEB804B7) lui s1, 1043328
x9 <- 0xFFFFFFFFFEB80000


mem[X,0x00000000800000C4] -> 0x849B
mem[X,0x00000000800000C6] -> 0xBB74
[54] [M]: 0x00000000800000C4 (0xBB74849B) addiw s1, s1, 2999
x9 <- 0xFFFFFFFFFEB7FBB7


mem[X,0x00000000800000C8] -> 0x9493
mem[X,0x00000000800000CA] -> 0x00D4
[55] [M]: 0x00000000800000C8 (0x00D49493) slli s1, s1, 13
x9 <- 0xFFFFFFD6FF76E000


mem[X,0x00000000800000CC] -> 0x8493
mem[X,0x00000000800000CE] -> 0xF574
[56] [M]: 0x00000000800000CC (0xF5748493) addi s1, s1, 3927
x9 <- 0xFFFFFFD6FF76DF57


mem[X,0x00000000800000D0] -> 0x9493
mem[X,0x00000000800000D2] -> 0x00D4
[57] [M]: 0x00000000800000D0 (0x00D49493) slli s1, s1, 13
x9 <- 0xFFFADFEEDBEAE000


mem[X,0x00000000800000D4] -> 0x8493
mem[X,0x00000000800000D6] -> 0xFEF4
[58] [M]: 0x00000000800000D4 (0xFEF48493) addi s1, s1, 4079
x9 <- 0xFFFADFEEDBEADFEF


mem[X,0x00000000800000D8] -> 0x9493
mem[X,0x00000000800000DA] -> 0x00C4
[59] [M]: 0x00000000800000D8 (0x00C49493) slli s1, s1, 12
x9 <- 0xADFEEDBEADFEF000


mem[X,0x00000000800000DC] -> 0x8493
mem[X,0x00000000800000DE] -> 0xDBE4
[60] [M]: 0x00000000800000DC (0xDBE48493) addi s1, s1, 3518
x9 <- 0xADFEEDBEADFEEDBE


mem[X,0x00000000800000E0] -> 0x0537
mem[X,0x00000000800000E2] -> 0x02B8
[61] [M]: 0x00000000800000E0 (0x02B80537) lui a0, 11136
x10 <- 0x0000000002B80000


mem[X,0x00000000800000E4] -> 0x051B
mem[X,0x00000000800000E6] -> 0xBB75
[62] [M]: 0x00000000800000E4 (0xBB75051B) addiw a0, a0, 2999
x10 <- 0x0000000002B7FBB7


mem[X,0x00000000800000E8] -> 0x1513
mem[X,0x00000000800000EA] -> 0x00D5
[63] [M]: 0x00000000800000E8 (0x00D51513) slli a0, a0, 13
x10 <- 0x00000056FF76E000


mem[X,0x00000000800000EC] -> 0x0513
mem[X,0x00000000800000EE] -> 0xF575
[64] [M]: 0x00000000800000EC (0xF5750513) addi a0, a0, 3927
x10 <- 0x00000056FF76DF57


mem[X,0x00000000800000F0] -> 0x1513
mem[X,0x00000000800000F2] -> 0x00C5
[65] [M]: 0x00000000800000F0 (0x00C51513) slli a0, a0, 12
x10 <- 0x00056FF76DF57000


mem[X,0x00000000800000F4] -> 0x0513
mem[X,0x00000000800000F6] -> 0xFF75
[66] [M]: 0x00000000800000F4 (0xFF750513) addi a0, a0, 4087
x10 <- 0x00056FF76DF56FF7


mem[X,0x00000000800000F8] -> 0x1513
mem[X,0x00000000800000FA] -> 0x00C5
[67] [M]: 0x00000000800000F8 (0x00C51513) slli a0, a0, 12
x10 <- 0x56FF76DF56FF7000


mem[X,0x00000000800000FC] -> 0x0513
mem[X,0x00000000800000FE] -> 0x6DF5
[68] [M]: 0x00000000800000FC (0x6DF50513) addi a0, a0, 1759
x10 <- 0x56FF76DF56FF76DF


mem[X,0x0000000080000100] -> 0x05B7
mem[X,0x0000000080000102] -> 0xFF57
[69] [M]: 0x0000000080000100 (0xFF5705B7) lui a1, 1045872
x11 <- 0xFFFFFFFFFF570000


mem[X,0x0000000080000104] -> 0x859B
mem[X,0x0000000080000106] -> 0xF775
[70] [M]: 0x0000000080000104 (0xF775859B) addiw a1, a1, 3959
x11 <- 0xFFFFFFFFFF56FF77


mem[X,0x0000000080000108] -> 0x9593
mem[X,0x000000008000010A] -> 0x00D5
[71] [M]: 0x0000000080000108 (0x00D59593) slli a1, a1, 13
x11 <- 0xFFFFFFEADFEEE000


mem[X,0x000000008000010C] -> 0x8593
mem[X,0x000000008000010E] -> 0xBEB5
[72] [M]: 0x000000008000010C (0xBEB58593) addi a1, a1, 3051
x11 <- 0xFFFFFFEADFEEDBEB


mem[X,0x0000000080000110] -> 0x9593
mem[X,0x0000000080000112] -> 0x00C5
[73] [M]: 0x0000000080000110 (0x00C59593) slli a1, a1, 12
x11 <- 0xFFFEADFEEDBEB000


mem[X,0x0000000080000114] -> 0x8593
mem[X,0x0000000080000116] -> 0xDFF5
[74] [M]: 0x0000000080000114 (0xDFF58593) addi a1, a1, 3583
x11 <- 0xFFFEADFEEDBEADFF


mem[X,0x0000000080000118] -> 0x9593
mem[X,0x000000008000011A] -> 0x00E5
[75] [M]: 0x0000000080000118 (0x00E59593) slli a1, a1, 14
x11 <- 0xAB7FBB6FAB7FC000


mem[X,0x000000008000011C] -> 0x8593
mem[X,0x000000008000011E] -> 0xB6F5
[76] [M]: 0x000000008000011C (0xB6F58593) addi a1, a1, 2927
x11 <- 0xAB7FBB6FAB7FBB6F


mem[X,0x0000000080000120] -> 0x0637
mem[X,0x0000000080000122] -> 0xFF57
[77] [M]: 0x0000000080000120 (0xFF570637) lui a2, 1045872
x12 <- 0xFFFFFFFFFF570000


mem[X,0x0000000080000124] -> 0x061B
mem[X,0x0000000080000126] -> 0xF776
[78] [M]: 0x0000000080000124 (0xF776061B) addiw a2, a2, 3959
x12 <- 0xFFFFFFFFFF56FF77


mem[X,0x0000000080000128] -> 0x1613
mem[X,0x000000008000012A] -> 0x00D6
[79] [M]: 0x0000000080000128 (0x00D61613) slli a2, a2, 13
x12 <- 0xFFFFFFEADFEEE000


mem[X,0x000000008000012C] -> 0x0613
mem[X,0x000000008000012E] -> 0xBEB6
[80] [M]: 0x000000008000012C (0xBEB60613) addi a2, a2, 3051
x12 <- 0xFFFFFFEADFEEDBEB


mem[X,0x0000000080000130] -> 0x1613
mem[X,0x0000000080000132] -> 0x00C6
[81] [M]: 0x0000000080000130 (0x00C61613) slli a2, a2, 12
x12 <- 0xFFFEADFEEDBEB000


mem[X,0x0000000080000134] -> 0x0613
mem[X,0x0000000080000136] -> 0xDFF6
[82] [M]: 0x0000000080000134 (0xDFF60613) addi a2, a2, 3583
x12 <- 0xFFFEADFEEDBEADFF


mem[X,0x0000000080000138] -> 0x1613
mem[X,0x000000008000013A] -> 0x00D6
[83] [M]: 0x0000000080000138 (0x00D61613) slli a2, a2, 13
x12 <- 0xD5BFDDB7D5BFE000


mem[X,0x000000008000013C] -> 0x0613
mem[X,0x000000008000013E] -> 0xDB76
[84] [M]: 0x000000008000013C (0xDB760613) addi a2, a2, 3511
x12 <- 0xD5BFDDB7D5BFDDB7


mem[X,0x0000000080000140] -> 0x06B7
mem[X,0x0000000080000142] -> 0xFF57
[85] [M]: 0x0000000080000140 (0xFF5706B7) lui a3, 1045872
x13 <- 0xFFFFFFFFFF570000


mem[X,0x0000000080000144] -> 0x869B
mem[X,0x0000000080000146] -> 0xF776
[86] [M]: 0x0000000080000144 (0xF776869B) addiw a3, a3, 3959
x13 <- 0xFFFFFFFFFF56FF77


mem[X,0x0000000080000148] -> 0x9693
mem[X,0x000000008000014A] -> 0x00D6
[87] [M]: 0x0000000080000148 (0x00D69693) slli a3, a3, 13
x13 <- 0xFFFFFFEADFEEE000


mem[X,0x000000008000014C] -> 0x8693
mem[X,0x000000008000014E] -> 0xBEB6
[88] [M]: 0x000000008000014C (0xBEB68693) addi a3, a3, 3051
x13 <- 0xFFFFFFEADFEEDBEB


mem[X,0x0000000080000150] -> 0x9693
mem[X,0x0000000080000152] -> 0x00C6
[89] [M]: 0x0000000080000150 (0x00C69693) slli a3, a3, 12
x13 <- 0xFFFEADFEEDBEB000


mem[X,0x0000000080000154] -> 0x8693
mem[X,0x0000000080000156] -> 0xDFF6
[90] [M]: 0x0000000080000154 (0xDFF68693) addi a3, a3, 3583
x13 <- 0xFFFEADFEEDBEADFF


mem[X,0x0000000080000158] -> 0x9693
mem[X,0x000000008000015A] -> 0x00C6
[91] [M]: 0x0000000080000158 (0x00C69693) slli a3, a3, 12
x13 <- 0xEADFEEDBEADFF000


mem[X,0x000000008000015C] -> 0x8693
mem[X,0x000000008000015E] -> 0xEDB6
[92] [M]: 0x000000008000015C (0xEDB68693) addi a3, a3, 3803
x13 <- 0xEADFEEDBEADFEEDB


mem[X,0x0000000080000160] -> 0x0737
mem[X,0x0000000080000162] -> 0xFF57
[93] [M]: 0x0000000080000160 (0xFF570737) lui a4, 1045872
x14 <- 0xFFFFFFFFFF570000


mem[X,0x0000000080000164] -> 0x071B
mem[X,0x0000000080000166] -> 0xF777
[94] [M]: 0x0000000080000164 (0xF777071B) addiw a4, a4, 3959
x14 <- 0xFFFFFFFFFF56FF77


mem[X,0x0000000080000168] -> 0x1713
mem[X,0x000000008000016A] -> 0x00C7
[95] [M]: 0x0000000080000168 (0x00C71713) slli a4, a4, 12
x14 <- 0xFFFFFFF56FF77000


mem[X,0x000000008000016C] -> 0x0713
mem[X,0x000000008000016E] -> 0xDF57
[96] [M]: 0x000000008000016C (0xDF570713) addi a4, a4, 3573
x14 <- 0xFFFFFFF56FF76DF5


mem[X,0x0000000080000170] -> 0x1713
mem[X,0x0000000080000172] -> 0x00C7
[97] [M]: 0x0000000080000170 (0x00C71713) slli a4, a4, 12
x14 <- 0xFFFF56FF76DF5000


mem[X,0x0000000080000174] -> 0x0713
mem[X,0x0000000080000176] -> 0x6FF7
[98] [M]: 0x0000000080000174 (0x6FF70713) addi a4, a4, 1791
x14 <- 0xFFFF56FF76DF56FF


mem[X,0x0000000080000178] -> 0x1713
mem[X,0x000000008000017A] -> 0x00C7
[99] [M]: 0x0000000080000178 (0x00C71713) slli a4, a4, 12
x14 <- 0xF56FF76DF56FF000


clint::tick mtime <- 0x0000000000000001
 clint timer pending at mtime 0x0000000000000001
htif::tick 0x0000000000000000
mem[X,0x000000008000017C] -> 0x0713
mem[X,0x000000008000017E] -> 0x76D7
[100] [M]: 0x000000008000017C (0x76D70713) addi a4, a4, 1901
x14 <- 0xF56FF76DF56FF76D


mem[X,0x0000000080000180] -> 0x07B7
mem[X,0x0000000080000182] -> 0xFAB8
[101] [M]: 0x0000000080000180 (0xFAB807B7) lui a5, 1026944
x15 <- 0xFFFFFFFFFAB80000


mem[X,0x0000000080000184] -> 0x879B
mem[X,0x0000000080000186] -> 0xBB77
[102] [M]: 0x0000000080000184 (0xBB77879B) addiw a5, a5, 2999
x15 <- 0xFFFFFFFFFAB7FBB7


mem[X,0x0000000080000188] -> 0x9793
mem[X,0x000000008000018A] -> 0x00D7
[103] [M]: 0x0000000080000188 (0x00D79793) slli a5, a5, 13
x15 <- 0xFFFFFF56FF76E000


mem[X,0x000000008000018C] -> 0x8793
mem[X,0x000000008000018E] -> 0xF577
[104] [M]: 0x000000008000018C (0xF5778793) addi a5, a5, 3927
x15 <- 0xFFFFFF56FF76DF57


mem[X,0x0000000080000190] -> 0x9793
mem[X,0x0000000080000192] -> 0x0137
[105] [M]: 0x0000000080000190 (0x01379793) slli a5, a5, 19
x15 <- 0xFAB7FBB6FAB80000


mem[X,0x0000000080000194] -> 0x8793
mem[X,0x0000000080000196] -> 0xBB67
[106] [M]: 0x0000000080000194 (0xBB678793) addi a5, a5, 2998
x15 <- 0xFAB7FBB6FAB7FBB6


mem[X,0x0000000080000198] -> 0x2837
mem[X,0x000000008000019A] -> 0x0000
[107] [M]: 0x0000000080000198 (0x00002837) lui a6, 2
x16 <- 0x0000000000002000


mem[X,0x000000008000019C] -> 0x081B
mem[X,0x000000008000019E] -> 0xF578
[108] [M]: 0x000000008000019C (0xF578081B) addiw a6, a6, 3927
x16 <- 0x0000000000001F57


mem[X,0x00000000800001A0] -> 0x1813
mem[X,0x00000000800001A2] -> 0x0138
[109] [M]: 0x00000000800001A0 (0x01381813) slli a6, a6, 19
x16 <- 0x00000000FAB80000


mem[X,0x00000000800001A4] -> 0x0813
mem[X,0x00000000800001A6] -> 0xBB78
[110] [M]: 0x00000000800001A4 (0xBB780813) addi a6, a6, 2999
x16 <- 0x00000000FAB7FBB7


mem[X,0x00000000800001A8] -> 0x1813
mem[X,0x00000000800001AA] -> 0x00D8
[111] [M]: 0x00000000800001A8 (0x00D81813) slli a6, a6, 13
x16 <- 0x00001F56FF76E000


mem[X,0x00000000800001AC] -> 0x0813
mem[X,0x00000000800001AE] -> 0xF578
[112] [M]: 0x00000000800001AC (0xF5780813) addi a6, a6, 3927
x16 <- 0x00001F56FF76DF57


mem[X,0x00000000800001B0] -> 0x1813
mem[X,0x00000000800001B2] -> 0x0128
[113] [M]: 0x00000000800001B0 (0x01281813) slli a6, a6, 18
x16 <- 0x7D5BFDDB7D5C0000


mem[X,0x00000000800001B4] -> 0x0813
mem[X,0x00000000800001B6] -> 0xDDB8
[114] [M]: 0x00000000800001B4 (0xDDB80813) addi a6, a6, 3547
x16 <- 0x7D5BFDDB7D5BFDDB


mem[X,0x00000000800001B8] -> 0xE8B7
mem[X,0x00000000800001BA] -> 0xFFFF
[115] [M]: 0x00000000800001B8 (0xFFFFE8B7) lui a7, 1048574
x17 <- 0xFFFFFFFFFFFFE000


mem[X,0x00000000800001BC] -> 0x889B
mem[X,0x00000000800001BE] -> 0xF578
[116] [M]: 0x00000000800001BC (0xF578889B) addiw a7, a7, 3927
x17 <- 0xFFFFFFFFFFFFDF57


mem[X,0x00000000800001C0] -> 0x9893
mem[X,0x00000000800001C2] -> 0x0138
[117] [M]: 0x00000000800001C0 (0x01389893) slli a7, a7, 19
x17 <- 0xFFFFFFFEFAB80000


mem[X,0x00000000800001C4] -> 0x8893
mem[X,0x00000000800001C6] -> 0xBB78
[118] [M]: 0x00000000800001C4 (0xBB788893) addi a7, a7, 2999
x17 <- 0xFFFFFFFEFAB7FBB7


mem[X,0x00000000800001C8] -> 0x9893
mem[X,0x00000000800001CA] -> 0x00D8
[119] [M]: 0x00000000800001C8 (0x00D89893) slli a7, a7, 13
x17 <- 0xFFFFDF56FF76E000


mem[X,0x00000000800001CC] -> 0x8893
mem[X,0x00000000800001CE] -> 0xF578
[120] [M]: 0x00000000800001CC (0xF5788893) addi a7, a7, 3927
x17 <- 0xFFFFDF56FF76DF57


mem[X,0x00000000800001D0] -> 0x9893
mem[X,0x00000000800001D2] -> 0x0118
[121] [M]: 0x00000000800001D0 (0x01189893) slli a7, a7, 17
x17 <- 0xBEADFEEDBEAE0000


mem[X,0x00000000800001D4] -> 0x8893
mem[X,0x00000000800001D6] -> 0xEED8
[122] [M]: 0x00000000800001D4 (0xEED88893) addi a7, a7, 3821
x17 <- 0xBEADFEEDBEADFEED


mem[X,0x00000000800001D8] -> 0xE937
mem[X,0x00000000800001DA] -> 0xFFFF
[123] [M]: 0x00000000800001D8 (0xFFFFE937) lui s2, 1048574
x18 <- 0xFFFFFFFFFFFFE000


mem[X,0x00000000800001DC] -> 0x091B
mem[X,0x00000000800001DE] -> 0xF579
[124] [M]: 0x00000000800001DC (0xF579091B) addiw s2, s2, 3927
x18 <- 0xFFFFFFFFFFFFDF57


mem[X,0x00000000800001E0] -> 0x1913
mem[X,0x00000000800001E2] -> 0x0139
[125] [M]: 0x00000000800001E0 (0x01391913) slli s2, s2, 19
x18 <- 0xFFFFFFFEFAB80000


mem[X,0x00000000800001E4] -> 0x0913
mem[X,0x00000000800001E6] -> 0xBB79
[126] [M]: 0x00000000800001E4 (0xBB790913) addi s2, s2, 2999
x18 <- 0xFFFFFFFEFAB7FBB7


mem[X,0x00000000800001E8] -> 0x1913
mem[X,0x00000000800001EA] -> 0x00D9
[127] [M]: 0x00000000800001E8 (0x00D91913) slli s2, s2, 13
x18 <- 0xFFFFDF56FF76E000


mem[X,0x00000000800001EC] -> 0x0913
mem[X,0x00000000800001EE] -> 0xF579
[128] [M]: 0x00000000800001EC (0xF5790913) addi s2, s2, 3927
x18 <- 0xFFFFDF56FF76DF57


mem[X,0x00000000800001F0] -> 0x1913
mem[X,0x00000000800001F2] -> 0x0109
[129] [M]: 0x00000000800001F0 (0x01091913) slli s2, s2, 16
x18 <- 0xDF56FF76DF570000


mem[X,0x00000000800001F4] -> 0x0913
mem[X,0x00000000800001F6] -> 0xF769
[130] [M]: 0x00000000800001F4 (0xF7690913) addi s2, s2, 3958
x18 <- 0xDF56FF76DF56FF76


mem[X,0x00000000800001F8] -> 0xE9B7
mem[X,0x00000000800001FA] -> 0x0000
[131] [M]: 0x00000000800001F8 (0x0000E9B7) lui s3, 14
x19 <- 0x000000000000E000


mem[X,0x00000000800001FC] -> 0x899B
mem[X,0x00000000800001FE] -> 0xF579
[132] [M]: 0x00000000800001FC (0xF579899B) addiw s3, s3, 3927
x19 <- 0x000000000000DF57


mem[X,0x0000000080000200] -> 0x9993
mem[X,0x0000000080000202] -> 0x0139
[133] [M]: 0x0000000080000200 (0x01399993) slli s3, s3, 19
x19 <- 0x00000006FAB80000


mem[X,0x0000000080000204] -> 0x8993
mem[X,0x0000000080000206] -> 0xBB79
[134] [M]: 0x0000000080000204 (0xBB798993) addi s3, s3, 2999
x19 <- 0x00000006FAB7FBB7


mem[X,0x0000000080000208] -> 0x9993
mem[X,0x000000008000020A] -> 0x00D9
[135] [M]: 0x0000000080000208 (0x00D99993) slli s3, s3, 13
x19 <- 0x0000DF56FF76E000


mem[X,0x000000008000020C] -> 0x8993
mem[X,0x000000008000020E] -> 0xF579
[136] [M]: 0x000000008000020C (0xF5798993) addi s3, s3, 3927
x19 <- 0x0000DF56FF76DF57


mem[X,0x0000000080000210] -> 0x9993
mem[X,0x0000000080000212] -> 0x00F9
[137] [M]: 0x0000000080000210 (0x00F99993) slli s3, s3, 15
x19 <- 0x6FAB7FBB6FAB8000


mem[X,0x0000000080000214] -> 0x8993
mem[X,0x0000000080000216] -> 0xFBB9
[138] [M]: 0x0000000080000214 (0xFBB98993) addi s3, s3, 4027
x19 <- 0x6FAB7FBB6FAB7FBB


mem[X,0x0000000080000218] -> 0xEA37
mem[X,0x000000008000021A] -> 0xFFFE
[139] [M]: 0x0000000080000218 (0xFFFEEA37) lui s4, 1048558
x20 <- 0xFFFFFFFFFFFEE000


mem[X,0x000000008000021C] -> 0x0A1B
mem[X,0x000000008000021E] -> 0xF57A
[140] [M]: 0x000000008000021C (0xF57A0A1B) addiw s4, s4, 3927
x20 <- 0xFFFFFFFFFFFEDF57


mem[X,0x0000000080000220] -> 0x1A13
mem[X,0x0000000080000222] -> 0x013A
[141] [M]: 0x0000000080000220 (0x013A1A13) slli s4, s4, 19
x20 <- 0xFFFFFFF6FAB80000


mem[X,0x0000000080000224] -> 0x0A13
mem[X,0x0000000080000226] -> 0xBB7A
[142] [M]: 0x0000000080000224 (0xBB7A0A13) addi s4, s4, 2999
x20 <- 0xFFFFFFF6FAB7FBB7


mem[X,0x0000000080000228] -> 0x1A13
mem[X,0x000000008000022A] -> 0x00DA
[143] [M]: 0x0000000080000228 (0x00DA1A13) slli s4, s4, 13
x20 <- 0xFFFEDF56FF76E000


mem[X,0x000000008000022C] -> 0x0A13
mem[X,0x000000008000022E] -> 0xF57A
[144] [M]: 0x000000008000022C (0xF57A0A13) addi s4, s4, 3927
x20 <- 0xFFFEDF56FF76DF57


mem[X,0x0000000080000230] -> 0x1A13
mem[X,0x0000000080000232] -> 0x00EA
[145] [M]: 0x0000000080000230 (0x00EA1A13) slli s4, s4, 14
x20 <- 0xB7D5BFDDB7D5C000


mem[X,0x0000000080000234] -> 0x0A13
mem[X,0x0000000080000236] -> 0xFDDA
[146] [M]: 0x0000000080000234 (0xFDDA0A13) addi s4, s4, 4061
x20 <- 0xB7D5BFDDB7D5BFDD


mem[X,0x0000000080000238] -> 0xEAB7
mem[X,0x000000008000023A] -> 0xFFFE
[147] [M]: 0x0000000080000238 (0xFFFEEAB7) lui s5, 1048558
x21 <- 0xFFFFFFFFFFFEE000


mem[X,0x000000008000023C] -> 0x8A9B
mem[X,0x000000008000023E] -> 0xF57A
[148] [M]: 0x000000008000023C (0xF57A8A9B) addiw s5, s5, 3927
x21 <- 0xFFFFFFFFFFFEDF57


mem[X,0x0000000080000240] -> 0x9A93
mem[X,0x0000000080000242] -> 0x013A
[149] [M]: 0x0000000080000240 (0x013A9A93) slli s5, s5, 19
x21 <- 0xFFFFFFF6FAB80000


mem[X,0x0000000080000244] -> 0x8A93
mem[X,0x0000000080000246] -> 0xBB7A
[150] [M]: 0x0000000080000244 (0xBB7A8A93) addi s5, s5, 2999
x21 <- 0xFFFFFFF6FAB7FBB7


mem[X,0x0000000080000248] -> 0x9A93
mem[X,0x000000008000024A] -> 0x00DA
[151] [M]: 0x0000000080000248 (0x00DA9A93) slli s5, s5, 13
x21 <- 0xFFFEDF56FF76E000


mem[X,0x000000008000024C] -> 0x8A93
mem[X,0x000000008000024E] -> 0xF57A
[152] [M]: 0x000000008000024C (0xF57A8A93) addi s5, s5, 3927
x21 <- 0xFFFEDF56FF76DF57


mem[X,0x0000000080000250] -> 0x9A93
mem[X,0x0000000080000252] -> 0x00DA
[153] [M]: 0x0000000080000250 (0x00DA9A93) slli s5, s5, 13
x21 <- 0xDBEADFEEDBEAE000


mem[X,0x0000000080000254] -> 0x8A93
mem[X,0x0000000080000256] -> 0xFEEA
[154] [M]: 0x0000000080000254 (0xFEEA8A93) addi s5, s5, 4078
x21 <- 0xDBEADFEEDBEADFEE


mem[X,0x0000000080000258] -> 0xEB37
mem[X,0x000000008000025A] -> 0x0006
[155] [M]: 0x0000000080000258 (0x0006EB37) lui s6, 110
x22 <- 0x000000000006E000


mem[X,0x000000008000025C] -> 0x0B1B
mem[X,0x000000008000025E] -> 0xF57B
[156] [M]: 0x000000008000025C (0xF57B0B1B) addiw s6, s6, 3927
x22 <- 0x000000000006DF57


mem[X,0x0000000080000260] -> 0x1B13
mem[X,0x0000000080000262] -> 0x013B
[157] [M]: 0x0000000080000260 (0x013B1B13) slli s6, s6, 19
x22 <- 0x00000036FAB80000


mem[X,0x0000000080000264] -> 0x0B13
mem[X,0x0000000080000266] -> 0xBB7B
[158] [M]: 0x0000000080000264 (0xBB7B0B13) addi s6, s6, 2999
x22 <- 0x00000036FAB7FBB7


mem[X,0x0000000080000268] -> 0x1B13
mem[X,0x000000008000026A] -> 0x00DB
[159] [M]: 0x0000000080000268 (0x00DB1B13) slli s6, s6, 13
x22 <- 0x0006DF56FF76E000


mem[X,0x000000008000026C] -> 0x0B13
mem[X,0x000000008000026E] -> 0xF57B
[160] [M]: 0x000000008000026C (0xF57B0B13) addi s6, s6, 3927
x22 <- 0x0006DF56FF76DF57


mem[X,0x0000000080000270] -> 0x1B13
mem[X,0x0000000080000272] -> 0x00CB
[161] [M]: 0x0000000080000270 (0x00CB1B13) slli s6, s6, 12
x22 <- 0x6DF56FF76DF57000


mem[X,0x0000000080000274] -> 0x0B13
mem[X,0x0000000080000276] -> 0xFF7B
[162] [M]: 0x0000000080000274 (0xFF7B0B13) addi s6, s6, 4087
x22 <- 0x6DF56FF76DF56FF7


mem[X,0x0000000080000278] -> 0xEBB7
mem[X,0x000000008000027A] -> 0xFFF6
[163] [M]: 0x0000000080000278 (0xFFF6EBB7) lui s7, 1048430
x23 <- 0xFFFFFFFFFFF6E000


mem[X,0x000000008000027C] -> 0x8B9B
mem[X,0x000000008000027E] -> 0xF57B
[164] [M]: 0x000000008000027C (0xF57B8B9B) addiw s7, s7, 3927
x23 <- 0xFFFFFFFFFFF6DF57


mem[X,0x0000000080000280] -> 0x9B93
mem[X,0x0000000080000282] -> 0x013B
[165] [M]: 0x0000000080000280 (0x013B9B93) slli s7, s7, 19
x23 <- 0xFFFFFFB6FAB80000


mem[X,0x0000000080000284] -> 0x8B93
mem[X,0x0000000080000286] -> 0xBB7B
[166] [M]: 0x0000000080000284 (0xBB7B8B93) addi s7, s7, 2999
x23 <- 0xFFFFFFB6FAB7FBB7


mem[X,0x0000000080000288] -> 0x9B93
mem[X,0x000000008000028A] -> 0x00CB
[167] [M]: 0x0000000080000288 (0x00CB9B93) slli s7, s7, 12
x23 <- 0xFFFB6FAB7FBB7000


mem[X,0x000000008000028C] -> 0x8B93
mem[X,0x000000008000028E] -> 0xFABB
[168] [M]: 0x000000008000028C (0xFABB8B93) addi s7, s7, 4011
x23 <- 0xFFFB6FAB7FBB6FAB


mem[X,0x0000000080000290] -> 0x9B93
mem[X,0x0000000080000292] -> 0x00CB
[169] [M]: 0x0000000080000290 (0x00CB9B93) slli s7, s7, 12
x23 <- 0xB6FAB7FBB6FAB000


mem[X,0x0000000080000294] -> 0x8B93
mem[X,0x0000000080000296] -> 0x7FBB
[170] [M]: 0x0000000080000294 (0x7FBB8B93) addi s7, s7, 2043
x23 <- 0xB6FAB7FBB6FAB7FB


mem[X,0x0000000080000298] -> 0xEC37
mem[X,0x000000008000029A] -> 0xFFF6
[171] [M]: 0x0000000080000298 (0xFFF6EC37) lui s8, 1048430
x24 <- 0xFFFFFFFFFFF6E000


mem[X,0x000000008000029C] -> 0x0C1B
mem[X,0x000000008000029E] -> 0xF57C
[172] [M]: 0x000000008000029C (0xF57C0C1B) addiw s8, s8, 3927
x24 <- 0xFFFFFFFFFFF6DF57


mem[X,0x00000000800002A0] -> 0x1C13
mem[X,0x00000000800002A2] -> 0x010C
[173] [M]: 0x00000000800002A0 (0x010C1C13) slli s8, s8, 16
x24 <- 0xFFFFFFF6DF570000


mem[X,0x00000000800002A4] -> 0x0C13
mem[X,0x00000000800002A6] -> 0xF77C
[174] [M]: 0x00000000800002A4 (0xF77C0C13) addi s8, s8, 3959
x24 <- 0xFFFFFFF6DF56FF77


mem[X,0x00000000800002A8] -> 0x1C13
mem[X,0x00000000800002AA] -> 0x00DC
[175] [M]: 0x00000000800002A8 (0x00DC1C13) slli s8, s8, 13
x24 <- 0xFFFEDBEADFEEE000


mem[X,0x00000000800002AC] -> 0x0C13
mem[X,0x00000000800002AE] -> 0xBEBC
[176] [M]: 0x00000000800002AC (0xBEBC0C13) addi s8, s8, 3051
x24 <- 0xFFFEDBEADFEEDBEB


mem[X,0x00000000800002B0] -> 0x1C13
mem[X,0x00000000800002B2] -> 0x00DC
[177] [M]: 0x00000000800002B0 (0x00DC1C13) slli s8, s8, 13
x24 <- 0xDB7D5BFDDB7D6000


mem[X,0x00000000800002B4] -> 0x0C13
mem[X,0x00000000800002B6] -> 0xBFDC
[178] [M]: 0x00000000800002B4 (0xBFDC0C13) addi s8, s8, 3069
x24 <- 0xDB7D5BFDDB7D5BFD


mem[X,0x00000000800002B8] -> 0xECB7
mem[X,0x00000000800002BA] -> 0xFFF6
[179] [M]: 0x00000000800002B8 (0xFFF6ECB7) lui s9, 1048430
x25 <- 0xFFFFFFFFFFF6E000


mem[X,0x00000000800002BC] -> 0x8C9B
mem[X,0x00000000800002BE] -> 0xF57C
[180] [M]: 0x00000000800002BC (0xF57C8C9B) addiw s9, s9, 3927
x25 <- 0xFFFFFFFFFFF6DF57


mem[X,0x00000000800002C0] -> 0x9C93
mem[X,0x00000000800002C2] -> 0x010C
[181] [M]: 0x00000000800002C0 (0x010C9C93) slli s9, s9, 16
x25 <- 0xFFFFFFF6DF570000


mem[X,0x00000000800002C4] -> 0x8C93
mem[X,0x00000000800002C6] -> 0xF77C
[182] [M]: 0x00000000800002C4 (0xF77C8C93) addi s9, s9, 3959
x25 <- 0xFFFFFFF6DF56FF77


mem[X,0x00000000800002C8] -> 0x9C93
mem[X,0x00000000800002CA] -> 0x00DC
[183] [M]: 0x00000000800002C8 (0x00DC9C93) slli s9, s9, 13
x25 <- 0xFFFEDBEADFEEE000


mem[X,0x00000000800002CC] -> 0x8C93
mem[X,0x00000000800002CE] -> 0xBEBC
[184] [M]: 0x00000000800002CC (0xBEBC8C93) addi s9, s9, 3051
x25 <- 0xFFFEDBEADFEEDBEB


mem[X,0x00000000800002D0] -> 0x9C93
mem[X,0x00000000800002D2] -> 0x00CC
[185] [M]: 0x00000000800002D0 (0x00CC9C93) slli s9, s9, 12
x25 <- 0xEDBEADFEEDBEB000


mem[X,0x00000000800002D4] -> 0x8C93
mem[X,0x00000000800002D6] -> 0xDFEC
[186] [M]: 0x00000000800002D4 (0xDFEC8C93) addi s9, s9, 3582
x25 <- 0xEDBEADFEEDBEADFE


mem[X,0x00000000800002D8] -> 0xED37
mem[X,0x00000000800002DA] -> 0x0076
[187] [M]: 0x00000000800002D8 (0x0076ED37) lui s10, 1902
x26 <- 0x000000000076E000


mem[X,0x00000000800002DC] -> 0x0D1B
mem[X,0x00000000800002DE] -> 0xF57D
[188] [M]: 0x00000000800002DC (0xF57D0D1B) addiw s10, s10, 3927
x26 <- 0x000000000076DF57


mem[X,0x00000000800002E0] -> 0x1D13
mem[X,0x00000000800002E2] -> 0x010D
[189] [M]: 0x00000000800002E0 (0x010D1D13) slli s10, s10, 16
x26 <- 0x00000076DF570000


mem[X,0x00000000800002E4] -> 0x0D13
mem[X,0x00000000800002E6] -> 0xF77D
[190] [M]: 0x00000000800002E4 (0xF77D0D13) addi s10, s10, 3959
x26 <- 0x00000076DF56FF77


mem[X,0x00000000800002E8] -> 0x1D13
mem[X,0x00000000800002EA] -> 0x00CD
[191] [M]: 0x00000000800002E8 (0x00CD1D13) slli s10, s10, 12
x26 <- 0x00076DF56FF77000


mem[X,0x00000000800002EC] -> 0x0D13
mem[X,0x00000000800002EE] -> 0xDF5D
[192] [M]: 0x00000000800002EC (0xDF5D0D13) addi s10, s10, 3573
x26 <- 0x00076DF56FF76DF5


mem[X,0x00000000800002F0] -> 0x1D13
mem[X,0x00000000800002F2] -> 0x00CD
[193] [M]: 0x00000000800002F0 (0x00CD1D13) slli s10, s10, 12
x26 <- 0x76DF56FF76DF5000


mem[X,0x00000000800002F4] -> 0x0D13
mem[X,0x00000000800002F6] -> 0x6FFD
[194] [M]: 0x00000000800002F4 (0x6FFD0D13) addi s10, s10, 1791
x26 <- 0x76DF56FF76DF56FF


mem[X,0x00000000800002F8] -> 0xEDB7
mem[X,0x00000000800002FA] -> 0xFF76
[195] [M]: 0x00000000800002F8 (0xFF76EDB7) lui s11, 1046382
x27 <- 0xFFFFFFFFFF76E000


mem[X,0x00000000800002FC] -> 0x8D9B
mem[X,0x00000000800002FE] -> 0xF57D
[196] [M]: 0x00000000800002FC (0xF57D8D9B) addiw s11, s11, 3927
x27 <- 0xFFFFFFFFFF76DF57


mem[X,0x0000000080000300] -> 0x9D93
mem[X,0x0000000080000302] -> 0x00FD
[197] [M]: 0x0000000080000300 (0x00FD9D93) slli s11, s11, 15
x27 <- 0xFFFFFFBB6FAB8000


mem[X,0x0000000080000304] -> 0x8D93
mem[X,0x0000000080000306] -> 0xFBBD
[198] [M]: 0x0000000080000304 (0xFBBD8D93) addi s11, s11, 4027
x27 <- 0xFFFFFFBB6FAB7FBB


mem[X,0x0000000080000308] -> 0x9D93
mem[X,0x000000008000030A] -> 0x00CD
[199] [M]: 0x0000000080000308 (0x00CD9D93) slli s11, s11, 12
x27 <- 0xFFFBB6FAB7FBB000


clint::tick mtime <- 0x0000000000000002
 clint timer pending at mtime 0x0000000000000002
htif::tick 0x0000000000000000
mem[X,0x000000008000030C] -> 0x8D93
mem[X,0x000000008000030E] -> 0x6FBD
[200] [M]: 0x000000008000030C (0x6FBD8D93) addi s11, s11, 1787
x27 <- 0xFFFBB6FAB7FBB6FB


mem[X,0x0000000080000310] -> 0x9D93
mem[X,0x0000000080000312] -> 0x00CD
[201] [M]: 0x0000000080000310 (0x00CD9D93) slli s11, s11, 12
x27 <- 0xBB6FAB7FBB6FB000


mem[X,0x0000000080000314] -> 0x8D93
mem[X,0x0000000080000316] -> 0xB7FD
[202] [M]: 0x0000000080000314 (0xB7FD8D93) addi s11, s11, 2943
x27 <- 0xBB6FAB7FBB6FAB7F


mem[X,0x0000000080000318] -> 0xEE37
mem[X,0x000000008000031A] -> 0xFF76
[203] [M]: 0x0000000080000318 (0xFF76EE37) lui t3, 1046382
x28 <- 0xFFFFFFFFFF76E000


mem[X,0x000000008000031C] -> 0x0E1B
mem[X,0x000000008000031E] -> 0xF57E
[204] [M]: 0x000000008000031C (0xF57E0E1B) addiw t3, t3, 3927
x28 <- 0xFFFFFFFFFF76DF57


mem[X,0x0000000080000320] -> 0x1E13
mem[X,0x0000000080000322] -> 0x00DE
[205] [M]: 0x0000000080000320 (0x00DE1E13) slli t3, t3, 13
x28 <- 0xFFFFFFEEDBEAE000


mem[X,0x0000000080000324] -> 0x0E13
mem[X,0x0000000080000326] -> 0xFEFE
[206] [M]: 0x0000000080000324 (0xFEFE0E13) addi t3, t3, 4079
x28 <- 0xFFFFFFEEDBEADFEF


mem[X,0x0000000080000328] -> 0x1E13
mem[X,0x000000008000032A] -> 0x00DE
[207] [M]: 0x0000000080000328 (0x00DE1E13) slli t3, t3, 13
x28 <- 0xFFFDDB7D5BFDE000


mem[X,0x000000008000032C] -> 0x0E13
mem[X,0x000000008000032E] -> 0xB7DE
[208] [M]: 0x000000008000032C (0xB7DE0E13) addi t3, t3, 2941
x28 <- 0xFFFDDB7D5BFDDB7D


mem[X,0x0000000080000330] -> 0x1E13
mem[X,0x0000000080000332] -> 0x00CE
[209] [M]: 0x0000000080000330 (0x00CE1E13) slli t3, t3, 12
x28 <- 0xDDB7D5BFDDB7D000


mem[X,0x0000000080000334] -> 0x0E13
mem[X,0x0000000080000336] -> 0x5BFE
[210] [M]: 0x0000000080000334 (0x5BFE0E13) addi t3, t3, 1471
x28 <- 0xDDB7D5BFDDB7D5BF


mem[X,0x0000000080000338] -> 0xEEB7
mem[X,0x000000008000033A] -> 0xFF76
[211] [M]: 0x0000000080000338 (0xFF76EEB7) lui t4, 1046382
x29 <- 0xFFFFFFFFFF76E000


mem[X,0x000000008000033C] -> 0x8E9B
mem[X,0x000000008000033E] -> 0xF57E
[212] [M]: 0x000000008000033C (0xF57E8E9B) addiw t4, t4, 3927
x29 <- 0xFFFFFFFFFF76DF57


mem[X,0x0000000080000340] -> 0x9E93
mem[X,0x0000000080000342] -> 0x00DE
[213] [M]: 0x0000000080000340 (0x00DE9E93) slli t4, t4, 13
x29 <- 0xFFFFFFEEDBEAE000


mem[X,0x0000000080000344] -> 0x8E93
mem[X,0x0000000080000346] -> 0xFEFE
[214] [M]: 0x0000000080000344 (0xFEFE8E93) addi t4, t4, 4079
x29 <- 0xFFFFFFEEDBEADFEF


mem[X,0x0000000080000348] -> 0x9E93
mem[X,0x000000008000034A] -> 0x00CE
[215] [M]: 0x0000000080000348 (0x00CE9E93) slli t4, t4, 12
x29 <- 0xFFFEEDBEADFEF000


mem[X,0x000000008000034C] -> 0x8E93
mem[X,0x000000008000034E] -> 0xDBFE
[216] [M]: 0x000000008000034C (0xDBFE8E93) addi t4, t4, 3519
x29 <- 0xFFFEEDBEADFEEDBF


mem[X,0x0000000080000350] -> 0x9E93
mem[X,0x0000000080000352] -> 0x00CE
[217] [M]: 0x0000000080000350 (0x00CE9E93) slli t4, t4, 12
x29 <- 0xEEDBEADFEEDBF000


mem[X,0x0000000080000354] -> 0x8E93
mem[X,0x0000000080000356] -> 0xADFE
[218] [M]: 0x0000000080000354 (0xADFE8E93) addi t4, t4, 2783
x29 <- 0xEEDBEADFEEDBEADF


mem[X,0x0000000080000358] -> 0xEF37
mem[X,0x000000008000035A] -> 0xFF76
[219] [M]: 0x0000000080000358 (0xFF76EF37) lui t5, 1046382
x30 <- 0xFFFFFFFFFF76E000


mem[X,0x000000008000035C] -> 0x0F1B
mem[X,0x000000008000035E] -> 0xF57F
[220] [M]: 0x000000008000035C (0xF57F0F1B) addiw t5, t5, 3927
x30 <- 0xFFFFFFFFFF76DF57


mem[X,0x0000000080000360] -> 0x1F13
mem[X,0x0000000080000362] -> 0x00CF
[221] [M]: 0x0000000080000360 (0x00CF1F13) slli t5, t5, 12
x30 <- 0xFFFFFFF76DF57000


mem[X,0x0000000080000364] -> 0x0F13
mem[X,0x0000000080000366] -> 0xFF7F
[222] [M]: 0x0000000080000364 (0xFF7F0F13) addi t5, t5, 4087
x30 <- 0xFFFFFFF76DF56FF7


mem[X,0x0000000080000368] -> 0x1F13
mem[X,0x000000008000036A] -> 0x00CF
[223] [M]: 0x0000000080000368 (0x00CF1F13) slli t5, t5, 12
x30 <- 0xFFFF76DF56FF7000


mem[X,0x000000008000036C] -> 0x0F13
mem[X,0x000000008000036E] -> 0x6DFF
[224] [M]: 0x000000008000036C (0x6DFF0F13) addi t5, t5, 1759
x30 <- 0xFFFF76DF56FF76DF


mem[X,0x0000000080000370] -> 0x1F13
mem[X,0x0000000080000372] -> 0x00CF
[225] [M]: 0x0000000080000370 (0x00CF1F13) slli t5, t5, 12
x30 <- 0xF76DF56FF76DF000


mem[X,0x0000000080000374] -> 0x0F13
mem[X,0x0000000080000376] -> 0x56FF
[226] [M]: 0x0000000080000374 (0x56FF0F13) addi t5, t5, 1391
x30 <- 0xF76DF56FF76DF56F


mem[X,0x0000000080000378] -> 0xEFB7
mem[X,0x000000008000037A] -> 0xFF76
[227] [M]: 0x0000000080000378 (0xFF76EFB7) lui t6, 1046382
x31 <- 0xFFFFFFFFFF76E000


mem[X,0x000000008000037C] -> 0x8F9B
mem[X,0x000000008000037E] -> 0xF57F
[228] [M]: 0x000000008000037C (0xF57F8F9B) addiw t6, t6, 3927
x31 <- 0xFFFFFFFFFF76DF57


mem[X,0x0000000080000380] -> 0x9F93
mem[X,0x0000000080000382] -> 0x013F
[229] [M]: 0x0000000080000380 (0x013F9F93) slli t6, t6, 19
x31 <- 0xFFFFFBB6FAB80000


mem[X,0x0000000080000384] -> 0x8F93
mem[X,0x0000000080000386] -> 0xBB7F
[230] [M]: 0x0000000080000384 (0xBB7F8F93) addi t6, t6, 2999
x31 <- 0xFFFFFBB6FAB7FBB7


mem[X,0x0000000080000388] -> 0x9F93
mem[X,0x000000008000038A] -> 0x010F
[231] [M]: 0x0000000080000388 (0x010F9F93) slli t6, t6, 16
x31 <- 0xFBB6FAB7FBB70000


mem[X,0x000000008000038C] -> 0x8F93
mem[X,0x000000008000038E] -> 0xAB7F
[232] [M]: 0x000000008000038C (0xAB7F8F93) addi t6, t6, 2743
x31 <- 0xFBB6FAB7FBB6FAB7


mem[X,0x0000000080000390] -> 0x2537
mem[X,0x0000000080000392] -> 0x0000
[233] [M]: 0x0000000080000390 (0x00002537) lui a0, 2
x10 <- 0x0000000000002000


mem[X,0x0000000080000394] -> 0x2073
mem[X,0x0000000080000396] -> 0x3005
[234] [M]: 0x0000000080000394 (0x30052073) csrrs zero, mstatus, a0
CSR mstatus -> 0x0000000A00000000
CSR mstatus <- 0x0000000A00002000 (input: 0x0000000A00002000)


mem[X,0x0000000080000398] -> 0x5073
mem[X,0x000000008000039A] -> 0x0030
[235] [M]: 0x0000000080000398 (0x00305073) csrrwi zero, fcsr, 0
CSR fcsr -> 0x0000000000000000
CSR fcsr <- 0x0000000000000000 (input: 0x0000000000000000)


mem[X,0x000000008000039C] -> 0x2817
mem[X,0x000000008000039E] -> 0x0000
[236] [M]: 0x000000008000039C (0x00002817) auipc a6, 2
x16 <- 0x000000008000239C


mem[X,0x00000000800003A0] -> 0x0813
mem[X,0x00000000800003A2] -> 0xC748
[237] [M]: 0x00000000800003A0 (0xC7480813) addi a6, a6, 3188
x16 <- 0x0000000080002010


mem[X,0x00000000800003A4] -> 0x2797
mem[X,0x00000000800003A6] -> 0x0000
[238] [M]: 0x00000000800003A4 (0x00002797) auipc a5, 2
x15 <- 0x00000000800023A4


mem[X,0x00000000800003A8] -> 0x8793
mem[X,0x00000000800003AA] -> 0x06C7
[239] [M]: 0x00000000800003A8 (0x06C78793) addi a5, a5, 108
x15 <- 0x0000000080002410


mem[X,0x00000000800003AC] -> 0x3203
mem[X,0x00000000800003AE] -> 0x0008
[240] [M]: 0x00000000800003AC (0x00083203) ld tp, 0(a6)
mem[R,0x0000000080002010] -> 0x0000000000000000
x4 <- 0x0000000000000000


mem[X,0x00000000800003B0] -> 0x5073
mem[X,0x00000000800003B2] -> 0x0020
[241] [M]: 0x00000000800003B0 (0x00205073) csrrwi zero, frm, 0
CSR frm -> 0x0000000000000000
CSR frm <- 0x0000000000000000 (input: 0x0000000000000000)


mem[X,0x00000000800003B4] -> 0x70D3
mem[X,0x00000000800003B6] -> 0xD222
[242] [M]: 0x00000000800003B4 (0xD22270D3) fcvt.d.l ft1, tp, dyn
f1 <- 0x0000000000000000


mem[X,0x00000000800003B8] -> 0x28F3
mem[X,0x00000000800003BA] -> 0x0010
[243] [M]: 0x00000000800003B8 (0x001028F3) csrrs a7, fflags, zero
CSR fflags -> 0x0000000000000000
x17 <- 0x0000000000000000


mem[X,0x00000000800003BC] -> 0xB027
mem[X,0x00000000800003BE] -> 0x0017
[244] [M]: 0x00000000800003BC (0x0017B027) fsd ft1, 0(a5)
mem[0x0000000080002410] <- 0x0000000000000000


mem[X,0x00000000800003C0] -> 0xB423
mem[X,0x00000000800003C2] -> 0x0117
[245] [M]: 0x00000000800003C0 (0x0117B423) sd a7, 8(a5)
mem[0x0000000080002418] <- 0x0000000000000000


mem[X,0x00000000800003C4] -> 0x3503
mem[X,0x00000000800003C6] -> 0x0088
[246] [M]: 0x00000000800003C4 (0x00883503) ld a0, 8(a6)
mem[R,0x0000000080002018] -> 0x7F751298DE9A896F
x10 <- 0x7F751298DE9A896F


mem[X,0x00000000800003C8] -> 0x5073
mem[X,0x00000000800003CA] -> 0x0020
[247] [M]: 0x00000000800003C8 (0x00205073) csrrwi zero, frm, 0
CSR frm -> 0x0000000000000000
CSR frm <- 0x0000000000000000 (input: 0x0000000000000000)


mem[X,0x00000000800003CC] -> 0x7FD3
mem[X,0x00000000800003CE] -> 0xD225
[248] [M]: 0x00000000800003CC (0xD2257FD3) fcvt.d.l ft11, a0, dyn
f31 <- 0x43DFDD44A637A6A2


mem[X,0x00000000800003D0] -> 0x28F3
mem[X,0x00000000800003D2] -> 0x0010
[249] [M]: 0x00000000800003D0 (0x001028F3) csrrs a7, fflags, zero
CSR fflags -> 0x0000000000000001
x17 <- 0x0000000000000001


mem[X,0x00000000800003D4] -> 0xB827
mem[X,0x00000000800003D6] -> 0x01F7
[250] [M]: 0x00000000800003D4 (0x01F7B827) fsd ft11, 16(a5)
mem[0x0000000080002420] <- 0x43DFDD44A637A6A2


mem[X,0x00000000800003D8] -> 0xBC23
mem[X,0x00000000800003DA] -> 0x0117
[251] [M]: 0x00000000800003D8 (0x0117BC23) sd a7, 24(a5)
mem[0x0000000080002428] <- 0x0000000000000001


mem[X,0x00000000800003DC] -> 0x3603
mem[X,0x00000000800003DE] -> 0x0108
[252] [M]: 0x00000000800003DC (0x01083603) ld a2, 16(a6)
mem[R,0x0000000080002020] -> 0x2A20794C9535971C
x12 <- 0x2A20794C9535971C


mem[X,0x00000000800003E0] -> 0x5073
mem[X,0x00000000800003E2] -> 0x0020
[253] [M]: 0x00000000800003E0 (0x00205073) csrrwi zero, frm, 0
CSR frm -> 0x0000000000000000
CSR frm <- 0x0000000000000000 (input: 0x0000000000000000)


mem[X,0x00000000800003E4] -> 0x7153
mem[X,0x00000000800003E6] -> 0xD226
[254] [M]: 0x00000000800003E4 (0xD2267153) fcvt.d.l ft2, a2, dyn
f2 <- 0x43C5103CA64A9ACC


mem[X,0x00000000800003E8] -> 0x28F3
mem[X,0x00000000800003EA] -> 0x0010
[255] [M]: 0x00000000800003E8 (0x001028F3) csrrs a7, fflags, zero
CSR fflags -> 0x0000000000000001
x17 <- 0x0000000000000001


mem[X,0x00000000800003EC] -> 0xB027
mem[X,0x00000000800003EE] -> 0x0227
[256] [M]: 0x00000000800003EC (0x0227B027) fsd ft2, 32(a5)
mem[0x0000000080002430] <- 0x43C5103CA64A9ACC


mem[X,0x00000000800003F0] -> 0xB423
mem[X,0x00000000800003F2] -> 0x0317
[257] [M]: 0x00000000800003F0 (0x0317B423) sd a7, 40(a5)
mem[0x0000000080002438] <- 0x0000000000000001


mem[X,0x00000000800003F4] -> 0x0A33
mem[X,0x00000000800003F6] -> 0x0008
[258] [M]: 0x00000000800003F4 (0x00080A33) add s4, a6, zero
x20 <- 0x0000000080002010


mem[X,0x00000000800003F8] -> 0x2997
mem[X,0x00000000800003FA] -> 0x0000
[259] [M]: 0x00000000800003F8 (0x00002997) auipc s3, 2
x19 <- 0x00000000800023F8


mem[X,0x00000000800003FC] -> 0x8993
mem[X,0x00000000800003FE] -> 0x0489
[260] [M]: 0x00000000800003FC (0x04898993) addi s3, s3, 72
x19 <- 0x0000000080002440


mem[X,0x0000000080000400] -> 0x3803
mem[X,0x0000000080000402] -> 0x018A
[261] [M]: 0x0000000080000400 (0x018A3803) ld a6, 24(s4)
mem[R,0x0000000080002028] -> 0x1CF40F6A72B3CB0B
x16 <- 0x1CF40F6A72B3CB0B


mem[X,0x0000000080000404] -> 0x5073
mem[X,0x0000000080000406] -> 0x0020
[262] [M]: 0x0000000080000404 (0x00205073) csrrwi zero, frm, 0
CSR frm -> 0x0000000000000000
CSR frm <- 0x0000000000000000 (input: 0x0000000000000000)


mem[X,0x0000000080000408] -> 0x73D3
mem[X,0x000000008000040A] -> 0xD228
[263] [M]: 0x0000000080000408 (0xD22873D3) fcvt.d.l ft7, a6, dyn
f7 <- 0x43BCF40F6A72B3CB


mem[X,0x000000008000040C] -> 0x2AF3
mem[X,0x000000008000040E] -> 0x0010
[264] [M]: 0x000000008000040C (0x00102AF3) csrrs s5, fflags, zero
CSR fflags -> 0x0000000000000001
x21 <- 0x0000000000000001


mem[X,0x0000000080000410] -> 0xB027
mem[X,0x0000000080000412] -> 0x0079
[265] [M]: 0x0000000080000410 (0x0079B027) fsd ft7, 0(s3)
mem[0x0000000080002440] <- 0x43BCF40F6A72B3CB


mem[X,0x0000000080000414] -> 0xB423
mem[X,0x0000000080000416] -> 0x0159
[266] [M]: 0x0000000080000414 (0x0159B423) sd s5, 8(s3)
mem[0x0000000080002448] <- 0x0000000000000001


mem[X,0x0000000080000418] -> 0x0833
mem[X,0x000000008000041A] -> 0x000A
[267] [M]: 0x0000000080000418 (0x000A0833) add a6, s4, zero
x16 <- 0x0000000080002010


mem[X,0x000000008000041C] -> 0x2797
mem[X,0x000000008000041E] -> 0x0000
[268] [M]: 0x000000008000041C (0x00002797) auipc a5, 2
x15 <- 0x000000008000241C


mem[X,0x0000000080000420] -> 0x8793
mem[X,0x0000000080000422] -> 0x0347
[269] [M]: 0x0000000080000420 (0x03478793) addi a5, a5, 52
x15 <- 0x0000000080002450


mem[X,0x0000000080000424] -> 0x3A03
mem[X,0x0000000080000426] -> 0x0208
[270] [M]: 0x0000000080000424 (0x02083A03) ld s4, 32(a6)
mem[R,0x0000000080002030] -> 0x0C3032E31475F78D
x20 <- 0x0C3032E31475F78D


mem[X,0x0000000080000428] -> 0x5073
mem[X,0x000000008000042A] -> 0x0020
[271] [M]: 0x0000000080000428 (0x00205073) csrrwi zero, frm, 0
CSR frm -> 0x0000000000000000
CSR frm <- 0x0000000000000000 (input: 0x0000000000000000)


mem[X,0x000000008000042C] -> 0x7B53
mem[X,0x000000008000042E] -> 0xD22A
[272] [M]: 0x000000008000042C (0xD22A7B53) fcvt.d.l fs6, s4, dyn
f22 <- 0x43A86065C628EBEF


mem[X,0x0000000080000430] -> 0x28F3
mem[X,0x0000000080000432] -> 0x0010
[273] [M]: 0x0000000080000430 (0x001028F3) csrrs a7, fflags, zero
CSR fflags -> 0x0000000000000001
x17 <- 0x0000000000000001


mem[X,0x0000000080000434] -> 0xB027
mem[X,0x0000000080000436] -> 0x0167
[274] [M]: 0x0000000080000434 (0x0167B027) fsd fs6, 0(a5)
mem[0x0000000080002450] <- 0x43A86065C628EBEF


mem[X,0x0000000080000438] -> 0xB423
mem[X,0x000000008000043A] -> 0x0117
[275] [M]: 0x0000000080000438 (0x0117B423) sd a7, 8(a5)
mem[0x0000000080002458] <- 0x0000000000000001


mem[X,0x000000008000043C] -> 0x3403
mem[X,0x000000008000043E] -> 0x0288
[276] [M]: 0x000000008000043C (0x02883403) ld fp, 40(a6)
mem[R,0x0000000080002038] -> 0x05F0E42951C5B8B2
x8 <- 0x05F0E42951C5B8B2


mem[X,0x0000000080000440] -> 0x5073
mem[X,0x0000000080000442] -> 0x0020
[277] [M]: 0x0000000080000440 (0x00205073) csrrwi zero, frm, 0
CSR frm -> 0x0000000000000000
CSR frm <- 0x0000000000000000 (input: 0x0000000000000000)


mem[X,0x0000000080000444] -> 0x7A53
mem[X,0x0000000080000446] -> 0xD224
[278] [M]: 0x0000000080000444 (0xD2247A53) fcvt.d.l fs4, fp, dyn
f20 <- 0x4397C390A54716E3


mem[X,0x0000000080000448] -> 0x28F3
mem[X,0x000000008000044A] -> 0x0010
[279] [M]: 0x0000000080000448 (0x001028F3) csrrs a7, fflags, zero
CSR fflags -> 0x0000000000000001
x17 <- 0x0000000000000001


mem[X,0x000000008000044C] -> 0xB827
mem[X,0x000000008000044E] -> 0x0147
[280] [M]: 0x000000008000044C (0x0147B827) fsd fs4, 16(a5)
mem[0x0000000080002460] <- 0x4397C390A54716E3


mem[X,0x0000000080000450] -> 0xBC23
mem[X,0x0000000080000452] -> 0x0117
[281] [M]: 0x0000000080000450 (0x0117BC23) sd a7, 24(a5)
mem[0x0000000080002468] <- 0x0000000000000001


mem[X,0x0000000080000454] -> 0x3D83
mem[X,0x0000000080000456] -> 0x0308
[282] [M]: 0x0000000080000454 (0x03083D83) ld s11, 48(a6)
mem[R,0x0000000080002040] -> 0x022CB899B66B3284
x27 <- 0x022CB899B66B3284


mem[X,0x0000000080000458] -> 0x5073
mem[X,0x000000008000045A] -> 0x0020
[283] [M]: 0x0000000080000458 (0x00205073) csrrwi zero, frm, 0
CSR frm -> 0x0000000000000000
CSR frm <- 0x0000000000000000 (input: 0x0000000000000000)


mem[X,0x000000008000045C] -> 0xF8D3
mem[X,0x000000008000045E] -> 0xD22D
[284] [M]: 0x000000008000045C (0xD22DF8D3) fcvt.d.l fa7, s11, dyn
f17 <- 0x438165C4CDB35994


mem[X,0x0000000080000460] -> 0x28F3
mem[X,0x0000000080000462] -> 0x0010
[285] [M]: 0x0000000080000460 (0x001028F3) csrrs a7, fflags, zero
CSR fflags -> 0x0000000000000001
x17 <- 0x0000000000000001


mem[X,0x0000000080000464] -> 0xB027
mem[X,0x0000000080000466] -> 0x0317
[286] [M]: 0x0000000080000464 (0x0317B027) fsd fa7, 32(a5)
mem[0x0000000080002470] <- 0x438165C4CDB35994


mem[X,0x0000000080000468] -> 0xB423
mem[X,0x000000008000046A] -> 0x0317
[287] [M]: 0x0000000080000468 (0x0317B423) sd a7, 40(a5)
mem[0x0000000080002478] <- 0x0000000000000001


mem[X,0x000000008000046C] -> 0x3E83
mem[X,0x000000008000046E] -> 0x0388
[288] [M]: 0x000000008000046C (0x03883E83) ld t4, 56(a6)
mem[R,0x0000000080002048] -> 0x0172844E6F4930C8
x29 <- 0x0172844E6F4930C8


mem[X,0x0000000080000470] -> 0x5073
mem[X,0x0000000080000472] -> 0x0020
[289] [M]: 0x0000000080000470 (0x00205073) csrrwi zero, frm, 0
CSR frm -> 0x0000000000000000
CSR frm <- 0x0000000000000000 (input: 0x0000000000000000)


mem[X,0x0000000080000474] -> 0xF853
mem[X,0x0000000080000476] -> 0xD22E
[290] [M]: 0x0000000080000474 (0xD22EF853) fcvt.d.l fa6, t4, dyn
f16 <- 0x43772844E6F4930C


mem[X,0x0000000080000478] -> 0x28F3
mem[X,0x000000008000047A] -> 0x0010
[291] [M]: 0x0000000080000478 (0x001028F3) csrrs a7, fflags, zero
CSR fflags -> 0x0000000000000001
x17 <- 0x0000000000000001


mem[X,0x000000008000047C] -> 0xB827
mem[X,0x000000008000047E] -> 0x0307
[292] [M]: 0x000000008000047C (0x0307B827) fsd fa6, 48(a5)
mem[0x0000000080002480] <- 0x43772844E6F4930C


mem[X,0x0000000080000480] -> 0xBC23
mem[X,0x0000000080000482] -> 0x0317
[293] [M]: 0x0000000080000480 (0x0317BC23) sd a7, 56(a5)
mem[0x0000000080002488] <- 0x0000000000000001


mem[X,0x0000000080000484] -> 0x0A33
mem[X,0x0000000080000486] -> 0x0008
[294] [M]: 0x0000000080000484 (0x00080A33) add s4, a6, zero
x20 <- 0x0000000080002010


mem[X,0x0000000080000488] -> 0x2997
mem[X,0x000000008000048A] -> 0x0000
[295] [M]: 0x0000000080000488 (0x00002997) auipc s3, 2
x19 <- 0x0000000080002488


mem[X,0x000000008000048C] -> 0x8993
mem[X,0x000000008000048E] -> 0x0089
[296] [M]: 0x000000008000048C (0x00898993) addi s3, s3, 8
x19 <- 0x0000000080002490


mem[X,0x0000000080000490] -> 0x3783
mem[X,0x0000000080000492] -> 0x040A
[297] [M]: 0x0000000080000490 (0x040A3783) ld a5, 64(s4)
mem[R,0x0000000080002050] -> 0x00D3FBFF58FA6E1C
x15 <- 0x00D3FBFF58FA6E1C


mem[X,0x0000000080000494] -> 0x5073
mem[X,0x0000000080000496] -> 0x0020
[298] [M]: 0x0000000080000494 (0x00205073) csrrwi zero, frm, 0
CSR frm -> 0x0000000000000000
CSR frm <- 0x0000000000000000 (input: 0x0000000000000000)


mem[X,0x0000000080000498] -> 0xFC53
mem[X,0x000000008000049A] -> 0xD227
[299] [M]: 0x0000000080000498 (0xD227FC53) fcvt.d.l fs8, a5, dyn
f24 <- 0x436A7F7FEB1F4DC4


clint::tick mtime <- 0x0000000000000003
 clint timer pending at mtime 0x0000000000000003
htif::tick 0x0000000000000000
mem[X,0x000000008000049C] -> 0x2AF3
mem[X,0x000000008000049E] -> 0x0010
[300] [M]: 0x000000008000049C (0x00102AF3) csrrs s5, fflags, zero
CSR fflags -> 0x0000000000000001
x21 <- 0x0000000000000001


mem[X,0x00000000800004A0] -> 0xB027
mem[X,0x00000000800004A2] -> 0x0189
[301] [M]: 0x00000000800004A0 (0x0189B027) fsd fs8, 0(s3)
mem[0x0000000080002490] <- 0x436A7F7FEB1F4DC4


mem[X,0x00000000800004A4] -> 0xB423
mem[X,0x00000000800004A6] -> 0x0159
[302] [M]: 0x00000000800004A4 (0x0159B423) sd s5, 8(s3)
mem[0x0000000080002498] <- 0x0000000000000001


mem[X,0x00000000800004A8] -> 0x0833
mem[X,0x00000000800004AA] -> 0x000A
[303] [M]: 0x00000000800004A8 (0x000A0833) add a6, s4, zero
x16 <- 0x0000000080002010


mem[X,0x00000000800004AC] -> 0x2797
mem[X,0x00000000800004AE] -> 0x0000
[304] [M]: 0x00000000800004AC (0x00002797) auipc a5, 2
x15 <- 0x00000000800024AC


mem[X,0x00000000800004B0] -> 0x8793
mem[X,0x00000000800004B2] -> 0xFF47
[305] [M]: 0x00000000800004B0 (0xFF478793) addi a5, a5, 4084
x15 <- 0x00000000800024A0


mem[X,0x00000000800004B4] -> 0x3003
mem[X,0x00000000800004B6] -> 0x0488
[306] [M]: 0x00000000800004B4 (0x04883003) ld zero, 72(a6)
mem[R,0x0000000080002058] -> 0x0000000000000000


mem[X,0x00000000800004B8] -> 0x5073
mem[X,0x00000000800004BA] -> 0x0020
[307] [M]: 0x00000000800004B8 (0x00205073) csrrwi zero, frm, 0
CSR frm -> 0x0000000000000000
CSR frm <- 0x0000000000000000 (input: 0x0000000000000000)


mem[X,0x00000000800004BC] -> 0x7553
mem[X,0x00000000800004BE] -> 0xD220
[308] [M]: 0x00000000800004BC (0xD2207553) fcvt.d.l fa0, zero, dyn
f10 <- 0x0000000000000000


mem[X,0x00000000800004C0] -> 0x28F3
mem[X,0x00000000800004C2] -> 0x0010
[309] [M]: 0x00000000800004C0 (0x001028F3) csrrs a7, fflags, zero
CSR fflags -> 0x0000000000000001
x17 <- 0x0000000000000001


mem[X,0x00000000800004C4] -> 0xB027
mem[X,0x00000000800004C6] -> 0x00A7
[310] [M]: 0x00000000800004C4 (0x00A7B027) fsd fa0, 0(a5)
mem[0x00000000800024A0] <- 0x0000000000000000


mem[X,0x00000000800004C8] -> 0xB423
mem[X,0x00000000800004CA] -> 0x0117
[311] [M]: 0x00000000800004C8 (0x0117B423) sd a7, 8(a5)
mem[0x00000000800024A8] <- 0x0000000000000001


mem[X,0x00000000800004CC] -> 0x3383
mem[X,0x00000000800004CE] -> 0x0508
[312] [M]: 0x00000000800004CC (0x05083383) ld t2, 80(a6)
mem[R,0x0000000080002060] -> 0x002B27DCD230B46C
x7 <- 0x002B27DCD230B46C


mem[X,0x00000000800004D0] -> 0x5073
mem[X,0x00000000800004D2] -> 0x0020
[313] [M]: 0x00000000800004D0 (0x00205073) csrrwi zero, frm, 0
CSR frm -> 0x0000000000000000
CSR frm <- 0x0000000000000000 (input: 0x0000000000000000)


mem[X,0x00000000800004D4] -> 0xF653
mem[X,0x00000000800004D6] -> 0xD223
[314] [M]: 0x00000000800004D4 (0xD223F653) fcvt.d.l fa2, t2, dyn
f12 <- 0x434593EE69185A36


mem[X,0x00000000800004D8] -> 0x28F3
mem[X,0x00000000800004DA] -> 0x0010
[315] [M]: 0x00000000800004D8 (0x001028F3) csrrs a7, fflags, zero
CSR fflags -> 0x0000000000000001
x17 <- 0x0000000000000001


mem[X,0x00000000800004DC] -> 0xB827
mem[X,0x00000000800004DE] -> 0x00C7
[316] [M]: 0x00000000800004DC (0x00C7B827) fsd fa2, 16(a5)
mem[0x00000000800024B0] <- 0x434593EE69185A36


mem[X,0x00000000800004E0] -> 0xBC23
mem[X,0x00000000800004E2] -> 0x0117
[317] [M]: 0x00000000800004E0 (0x0117BC23) sd a7, 24(a5)
mem[0x00000000800024B8] <- 0x0000000000000001


mem[X,0x00000000800004E4] -> 0x3A83
mem[X,0x00000000800004E6] -> 0x0588
[318] [M]: 0x00000000800004E4 (0x05883A83) ld s5, 88(a6)
mem[R,0x0000000080002068] -> 0x0019AEA774AB0A38
x21 <- 0x0019AEA774AB0A38


mem[X,0x00000000800004E8] -> 0x5073
mem[X,0x00000000800004EA] -> 0x0020
[319] [M]: 0x00000000800004E8 (0x00205073) csrrwi zero, frm, 0
CSR frm -> 0x0000000000000000
CSR frm <- 0x0000000000000000 (input: 0x0000000000000000)


mem[X,0x00000000800004EC] -> 0xFF53
mem[X,0x00000000800004EE] -> 0xD22A
[320] [M]: 0x00000000800004EC (0xD22AFF53) fcvt.d.l ft10, s5, dyn
f30 <- 0x4339AEA774AB0A38


mem[X,0x00000000800004F0] -> 0x28F3
mem[X,0x00000000800004F2] -> 0x0010
[321] [M]: 0x00000000800004F0 (0x001028F3) csrrs a7, fflags, zero
CSR fflags -> 0x0000000000000001
x17 <- 0x0000000000000001


mem[X,0x00000000800004F4] -> 0xB027
mem[X,0x00000000800004F6] -> 0x03E7
[322] [M]: 0x00000000800004F4 (0x03E7B027) fsd ft10, 32(a5)
mem[0x00000000800024C0] <- 0x4339AEA774AB0A38


mem[X,0x00000000800004F8] -> 0xB423
mem[X,0x00000000800004FA] -> 0x0317
[323] [M]: 0x00000000800004F8 (0x0317B423) sd a7, 40(a5)
mem[0x00000000800024C8] <- 0x0000000000000001


mem[X,0x00000000800004FC] -> 0x3C83
mem[X,0x00000000800004FE] -> 0x0608
[324] [M]: 0x00000000800004FC (0x06083C83) ld s9, 96(a6)
mem[R,0x0000000080002070] -> 0x000C45BE1E9667C2
x25 <- 0x000C45BE1E9667C2


mem[X,0x0000000080000500] -> 0x5073
mem[X,0x0000000080000502] -> 0x0020
[325] [M]: 0x0000000080000500 (0x00205073) csrrwi zero, frm, 0
CSR frm -> 0x0000000000000000
CSR frm <- 0x0000000000000000 (input: 0x0000000000000000)


mem[X,0x0000000080000504] -> 0xFE53
mem[X,0x0000000080000506] -> 0xD22C
[326] [M]: 0x0000000080000504 (0xD22CFE53) fcvt.d.l ft8, s9, dyn
f28 <- 0x43288B7C3D2CCF84


mem[X,0x0000000080000508] -> 0x28F3
mem[X,0x000000008000050A] -> 0x0010
[327] [M]: 0x0000000080000508 (0x001028F3) csrrs a7, fflags, zero
CSR fflags -> 0x0000000000000001
x17 <- 0x0000000000000001


mem[X,0x000000008000050C] -> 0xB827
mem[X,0x000000008000050E] -> 0x03C7
[328] [M]: 0x000000008000050C (0x03C7B827) fsd ft8, 48(a5)
mem[0x00000000800024D0] <- 0x43288B7C3D2CCF84


mem[X,0x0000000080000510] -> 0xBC23
mem[X,0x0000000080000512] -> 0x0317
[329] [M]: 0x0000000080000510 (0x0317BC23) sd a7, 56(a5)
mem[0x00000000800024D8] <- 0x0000000000000001


mem[X,0x0000000080000514] -> 0x3B03
mem[X,0x0000000080000516] -> 0x0688
[330] [M]: 0x0000000080000514 (0x06883B03) ld s6, 104(a6)
mem[R,0x0000000080002078] -> 0x000525EA4652F62D
x22 <- 0x000525EA4652F62D


mem[X,0x0000000080000518] -> 0x5073
mem[X,0x000000008000051A] -> 0x0020
[331] [M]: 0x0000000080000518 (0x00205073) csrrwi zero, frm, 0
CSR frm -> 0x0000000000000000
CSR frm <- 0x0000000000000000 (input: 0x0000000000000000)


mem[X,0x000000008000051C] -> 0x75D3
mem[X,0x000000008000051E] -> 0xD22B
[332] [M]: 0x000000008000051C (0xD22B75D3) fcvt.d.l fa1, s6, dyn
f11 <- 0x431497A9194BD8B4


mem[X,0x0000000080000520] -> 0x28F3
mem[X,0x0000000080000522] -> 0x0010
[333] [M]: 0x0000000080000520 (0x001028F3) csrrs a7, fflags, zero
CSR fflags -> 0x0000000000000001
x17 <- 0x0000000000000001


mem[X,0x0000000080000524] -> 0xB027
mem[X,0x0000000080000526] -> 0x04B7
[334] [M]: 0x0000000080000524 (0x04B7B027) fsd fa1, 64(a5)
mem[0x00000000800024E0] <- 0x431497A9194BD8B4


mem[X,0x0000000080000528] -> 0xB423
mem[X,0x000000008000052A] -> 0x0517
[335] [M]: 0x0000000080000528 (0x0517B423) sd a7, 72(a5)
mem[0x00000000800024E8] <- 0x0000000000000001


mem[X,0x000000008000052C] -> 0x3983
mem[X,0x000000008000052E] -> 0x0708
[336] [M]: 0x000000008000052C (0x07083983) ld s3, 112(a6)
mem[R,0x0000000080002080] -> 0x0003C84D6A013380
x19 <- 0x0003C84D6A013380


mem[X,0x0000000080000530] -> 0x5073
mem[X,0x0000000080000532] -> 0x0020
[337] [M]: 0x0000000080000530 (0x00205073) csrrwi zero, frm, 0
CSR frm -> 0x0000000000000000
CSR frm <- 0x0000000000000000 (input: 0x0000000000000000)


mem[X,0x0000000080000534] -> 0xF253
mem[X,0x0000000080000536] -> 0xD229
[338] [M]: 0x0000000080000534 (0xD229F253) fcvt.d.l ft4, s3, dyn
f4 <- 0x430E426B50099C00


mem[X,0x0000000080000538] -> 0x28F3
mem[X,0x000000008000053A] -> 0x0010
[339] [M]: 0x0000000080000538 (0x001028F3) csrrs a7, fflags, zero
CSR fflags -> 0x0000000000000001
x17 <- 0x0000000000000001


mem[X,0x000000008000053C] -> 0xB827
mem[X,0x000000008000053E] -> 0x0447
[340] [M]: 0x000000008000053C (0x0447B827) fsd ft4, 80(a5)
mem[0x00000000800024F0] <- 0x430E426B50099C00


mem[X,0x0000000080000540] -> 0xBC23
mem[X,0x0000000080000542] -> 0x0517
[341] [M]: 0x0000000080000540 (0x0517BC23) sd a7, 88(a5)
mem[0x00000000800024F8] <- 0x0000000000000001


mem[X,0x0000000080000544] -> 0x3583
mem[X,0x0000000080000546] -> 0x0788
[342] [M]: 0x0000000080000544 (0x07883583) ld a1, 120(a6)
mem[R,0x0000000080002088] -> 0x0001B286F29C11AD
x11 <- 0x0001B286F29C11AD


mem[X,0x0000000080000548] -> 0x5073
mem[X,0x000000008000054A] -> 0x0020
[343] [M]: 0x0000000080000548 (0x00205073) csrrwi zero, frm, 0
CSR frm -> 0x0000000000000000
CSR frm <- 0x0000000000000000 (input: 0x0000000000000000)


mem[X,0x000000008000054C] -> 0xF053
mem[X,0x000000008000054E] -> 0xD225
[344] [M]: 0x000000008000054C (0xD225F053) fcvt.d.l ft0, a1, dyn
f0 <- 0x42FB286F29C11AD0


mem[X,0x0000000080000550] -> 0x28F3
mem[X,0x0000000080000552] -> 0x0010
[345] [M]: 0x0000000080000550 (0x001028F3) csrrs a7, fflags, zero
CSR fflags -> 0x0000000000000001
x17 <- 0x0000000000000001


mem[X,0x0000000080000554] -> 0xB027
mem[X,0x0000000080000556] -> 0x0607
[346] [M]: 0x0000000080000554 (0x0607B027) fsd ft0, 96(a5)
mem[0x0000000080002500] <- 0x42FB286F29C11AD0


mem[X,0x0000000080000558] -> 0xB423
mem[X,0x000000008000055A] -> 0x0717
[347] [M]: 0x0000000080000558 (0x0717B423) sd a7, 104(a5)
mem[0x0000000080002508] <- 0x0000000000000001


mem[X,0x000000008000055C] -> 0x3483
mem[X,0x000000008000055E] -> 0x0808
[348] [M]: 0x000000008000055C (0x08083483) ld s1, 128(a6)
mem[R,0x0000000080002090] -> 0x0000B0E0CEB506F6
x9 <- 0x0000B0E0CEB506F6


mem[X,0x0000000080000560] -> 0x5073
mem[X,0x0000000080000562] -> 0x0020
[349] [M]: 0x0000000080000560 (0x00205073) csrrwi zero, frm, 0
CSR frm -> 0x0000000000000000
CSR frm <- 0x0000000000000000 (input: 0x0000000000000000)


mem[X,0x0000000080000564] -> 0xF9D3
mem[X,0x0000000080000566] -> 0xD224
[350] [M]: 0x0000000080000564 (0xD224F9D3) fcvt.d.l fs3, s1, dyn
f19 <- 0x42E61C19D6A0DEC0


mem[X,0x0000000080000568] -> 0x28F3
mem[X,0x000000008000056A] -> 0x0010
[351] [M]: 0x0000000080000568 (0x001028F3) csrrs a7, fflags, zero
CSR fflags -> 0x0000000000000001
x17 <- 0x0000000000000001


mem[X,0x000000008000056C] -> 0xB827
mem[X,0x000000008000056E] -> 0x0737
[352] [M]: 0x000000008000056C (0x0737B827) fsd fs3, 112(a5)
mem[0x0000000080002510] <- 0x42E61C19D6A0DEC0


mem[X,0x0000000080000570] -> 0xBC23
mem[X,0x0000000080000572] -> 0x0717
[353] [M]: 0x0000000080000570 (0x0717BC23) sd a7, 120(a5)
mem[0x0000000080002518] <- 0x0000000000000001


mem[X,0x0000000080000574] -> 0x3183
mem[X,0x0000000080000576] -> 0x0888
[354] [M]: 0x0000000080000574 (0x08883183) ld gp, 136(a6)
mem[R,0x0000000080002098] -> 0x0000788418BB28E9
x3 <- 0x0000788418BB28E9


mem[X,0x0000000080000578] -> 0x5073
mem[X,0x000000008000057A] -> 0x0020
[355] [M]: 0x0000000080000578 (0x00205073) csrrwi zero, frm, 0
CSR frm -> 0x0000000000000000
CSR frm <- 0x0000000000000000 (input: 0x0000000000000000)


mem[X,0x000000008000057C] -> 0xF453
mem[X,0x000000008000057E] -> 0xD221
[356] [M]: 0x000000008000057C (0xD221F453) fcvt.d.l fs0, gp, dyn
f8 <- 0x42DE21062ECA3A40


mem[X,0x0000000080000580] -> 0x28F3
mem[X,0x0000000080000582] -> 0x0010
[357] [M]: 0x0000000080000580 (0x001028F3) csrrs a7, fflags, zero
CSR fflags -> 0x0000000000000001
x17 <- 0x0000000000000001


mem[X,0x0000000080000584] -> 0xB027
mem[X,0x0000000080000586] -> 0x0887
[358] [M]: 0x0000000080000584 (0x0887B027) fsd fs0, 128(a5)
mem[0x0000000080002520] <- 0x42DE21062ECA3A40


mem[X,0x0000000080000588] -> 0xB423
mem[X,0x000000008000058A] -> 0x0917
[359] [M]: 0x0000000080000588 (0x0917B423) sd a7, 136(a5)
mem[0x0000000080002528] <- 0x0000000000000001


mem[X,0x000000008000058C] -> 0x3103
mem[X,0x000000008000058E] -> 0x0908
[360] [M]: 0x000000008000058C (0x09083103) ld sp, 144(a6)
mem[R,0x00000000800020A0] -> 0x0000299499EF1857
x2 <- 0x0000299499EF1857


mem[X,0x0000000080000590] -> 0x5073
mem[X,0x0000000080000592] -> 0x0020
[361] [M]: 0x0000000080000590 (0x00205073) csrrwi zero, frm, 0
CSR frm -> 0x0000000000000000
CSR frm <- 0x0000000000000000 (input: 0x0000000000000000)


mem[X,0x0000000080000594] -> 0x7DD3
mem[X,0x0000000080000596] -> 0xD221
[362] [M]: 0x0000000080000594 (0xD2217DD3) fcvt.d.l fs11, sp, dyn
f27 <- 0x42C4CA4CF78C2B80


mem[X,0x0000000080000598] -> 0x28F3
mem[X,0x000000008000059A] -> 0x0010
[363] [M]: 0x0000000080000598 (0x001028F3) csrrs a7, fflags, zero
CSR fflags -> 0x0000000000000001
x17 <- 0x0000000000000001


mem[X,0x000000008000059C] -> 0xB827
mem[X,0x000000008000059E] -> 0x09B7
[364] [M]: 0x000000008000059C (0x09B7B827) fsd fs11, 144(a5)
mem[0x0000000080002530] <- 0x42C4CA4CF78C2B80


mem[X,0x00000000800005A0] -> 0xBC23
mem[X,0x00000000800005A2] -> 0x0917
[365] [M]: 0x00000000800005A0 (0x0917BC23) sd a7, 152(a5)
mem[0x0000000080002538] <- 0x0000000000000001


mem[X,0x00000000800005A4] -> 0x3E03
mem[X,0x00000000800005A6] -> 0x0988
[366] [M]: 0x00000000800005A4 (0x09883E03) ld t3, 152(a6)
mem[R,0x00000000800020A8] -> 0x00001C4D2651F637
x28 <- 0x00001C4D2651F637


mem[X,0x00000000800005A8] -> 0x5073
mem[X,0x00000000800005AA] -> 0x0020
[367] [M]: 0x00000000800005A8 (0x00205073) csrrwi zero, frm, 0
CSR frm -> 0x0000000000000000
CSR frm <- 0x0000000000000000 (input: 0x0000000000000000)


mem[X,0x00000000800005AC] -> 0x7BD3
mem[X,0x00000000800005AE] -> 0xD22E
[368] [M]: 0x00000000800005AC (0xD22E7BD3) fcvt.d.l fs7, t3, dyn
f23 <- 0x42BC4D2651F63700


mem[X,0x00000000800005B0] -> 0x28F3
mem[X,0x00000000800005B2] -> 0x0010
[369] [M]: 0x00000000800005B0 (0x001028F3) csrrs a7, fflags, zero
CSR fflags -> 0x0000000000000001
x17 <- 0x0000000000000001


mem[X,0x00000000800005B4] -> 0xB027
mem[X,0x00000000800005B6] -> 0x0B77
[370] [M]: 0x00000000800005B4 (0x0B77B027) fsd fs7, 160(a5)
mem[0x0000000080002540] <- 0x42BC4D2651F63700


mem[X,0x00000000800005B8] -> 0xB423
mem[X,0x00000000800005BA] -> 0x0B17
[371] [M]: 0x00000000800005B8 (0x0B17B423) sd a7, 168(a5)
mem[0x0000000080002548] <- 0x0000000000000001


mem[X,0x00000000800005BC] -> 0x3303
mem[X,0x00000000800005BE] -> 0x0A08
[372] [M]: 0x00000000800005BC (0x0A083303) ld t1, 160(a6)
mem[R,0x00000000800020B0] -> 0x0000094BDAE98554
x6 <- 0x0000094BDAE98554


mem[X,0x00000000800005C0] -> 0x5073
mem[X,0x00000000800005C2] -> 0x0020
[373] [M]: 0x00000000800005C0 (0x00205073) csrrwi zero, frm, 0
CSR frm -> 0x0000000000000000
CSR frm <- 0x0000000000000000 (input: 0x0000000000000000)


mem[X,0x00000000800005C4] -> 0x7ED3
mem[X,0x00000000800005C6] -> 0xD223
[374] [M]: 0x00000000800005C4 (0xD2237ED3) fcvt.d.l ft9, t1, dyn
f29 <- 0x42A297B5D30AA800


mem[X,0x00000000800005C8] -> 0x28F3
mem[X,0x00000000800005CA] -> 0x0010
[375] [M]: 0x00000000800005C8 (0x001028F3) csrrs a7, fflags, zero
CSR fflags -> 0x0000000000000001
x17 <- 0x0000000000000001


mem[X,0x00000000800005CC] -> 0xB827
mem[X,0x00000000800005CE] -> 0x0BD7
[376] [M]: 0x00000000800005CC (0x0BD7B827) fsd ft9, 176(a5)
mem[0x0000000080002550] <- 0x42A297B5D30AA800


mem[X,0x00000000800005D0] -> 0xBC23
mem[X,0x00000000800005D2] -> 0x0B17
[377] [M]: 0x00000000800005D0 (0x0B17BC23) sd a7, 184(a5)
mem[0x0000000080002558] <- 0x0000000000000001


mem[X,0x00000000800005D4] -> 0x3C03
mem[X,0x00000000800005D6] -> 0x0A88
[378] [M]: 0x00000000800005D4 (0x0A883C03) ld s8, 168(a6)
mem[R,0x00000000800020B8] -> 0x00000493A86B8A6E
x24 <- 0x00000493A86B8A6E


mem[X,0x00000000800005D8] -> 0x5073
mem[X,0x00000000800005DA] -> 0x0020
[379] [M]: 0x00000000800005D8 (0x00205073) csrrwi zero, frm, 0
CSR frm -> 0x0000000000000000
CSR frm <- 0x0000000000000000 (input: 0x0000000000000000)


mem[X,0x00000000800005DC] -> 0x7D53
mem[X,0x00000000800005DE] -> 0xD22C
[380] [M]: 0x00000000800005DC (0xD22C7D53) fcvt.d.l fs10, s8, dyn
f26 <- 0x42924EA1AE29B800


mem[X,0x00000000800005E0] -> 0x28F3
mem[X,0x00000000800005E2] -> 0x0010
[381] [M]: 0x00000000800005E0 (0x001028F3) csrrs a7, fflags, zero
CSR fflags -> 0x0000000000000001
x17 <- 0x0000000000000001


mem[X,0x00000000800005E4] -> 0xB027
mem[X,0x00000000800005E6] -> 0x0DA7
[382] [M]: 0x00000000800005E4 (0x0DA7B027) fsd fs10, 192(a5)
mem[0x0000000080002560] <- 0x42924EA1AE29B800


mem[X,0x00000000800005E8] -> 0xB423
mem[X,0x00000000800005EA] -> 0x0D17
[383] [M]: 0x00000000800005E8 (0x0D17B423) sd a7, 200(a5)
mem[0x0000000080002568] <- 0x0000000000000001


mem[X,0x00000000800005EC] -> 0x3F83
mem[X,0x00000000800005EE] -> 0x0B08
[384] [M]: 0x00000000800005EC (0x0B083F83) ld t6, 176(a6)
mem[R,0x00000000800020C0] -> 0x000003347F216822
x31 <- 0x000003347F216822


mem[X,0x00000000800005F0] -> 0x5073
mem[X,0x00000000800005F2] -> 0x0020
[385] [M]: 0x00000000800005F0 (0x00205073) csrrwi zero, frm, 0
CSR frm -> 0x0000000000000000
CSR frm <- 0x0000000000000000 (input: 0x0000000000000000)


mem[X,0x00000000800005F4] -> 0xF953
mem[X,0x00000000800005F6] -> 0xD22F
[386] [M]: 0x00000000800005F4 (0xD22FF953) fcvt.d.l fs2, t6, dyn
f18 <- 0x4289A3F90B411000


mem[X,0x00000000800005F8] -> 0x28F3
mem[X,0x00000000800005FA] -> 0x0010
[387] [M]: 0x00000000800005F8 (0x001028F3) csrrs a7, fflags, zero
CSR fflags -> 0x0000000000000001
x17 <- 0x0000000000000001


mem[X,0x00000000800005FC] -> 0xB827
mem[X,0x00000000800005FE] -> 0x0D27
[388] [M]: 0x00000000800005FC (0x0D27B827) fsd fs2, 208(a5)
mem[0x0000000080002570] <- 0x4289A3F90B411000


mem[X,0x0000000080000600] -> 0xBC23
mem[X,0x0000000080000602] -> 0x0D17
[389] [M]: 0x0000000080000600 (0x0D17BC23) sd a7, 216(a5)
mem[0x0000000080002578] <- 0x0000000000000001


mem[X,0x0000000080000604] -> 0x3283
mem[X,0x0000000080000606] -> 0x0B88
[390] [M]: 0x0000000080000604 (0x0B883283) ld t0, 184(a6)
mem[R,0x00000000800020C8] -> 0x000001100973E89C
x5 <- 0x000001100973E89C


mem[X,0x0000000080000608] -> 0x5073
mem[X,0x000000008000060A] -> 0x0020
[391] [M]: 0x0000000080000608 (0x00205073) csrrwi zero, frm, 0
CSR frm -> 0x0000000000000000
CSR frm <- 0x0000000000000000 (input: 0x0000000000000000)


mem[X,0x000000008000060C] -> 0xF4D3
mem[X,0x000000008000060E] -> 0xD222
[392] [M]: 0x000000008000060C (0xD222F4D3) fcvt.d.l fs1, t0, dyn
f9 <- 0x427100973E89C000


mem[X,0x0000000080000610] -> 0x28F3
mem[X,0x0000000080000612] -> 0x0010
[393] [M]: 0x0000000080000610 (0x001028F3) csrrs a7, fflags, zero
CSR fflags -> 0x0000000000000001
x17 <- 0x0000000000000001


mem[X,0x0000000080000614] -> 0xB027
mem[X,0x0000000080000616] -> 0x0E97
[394] [M]: 0x0000000080000614 (0x0E97B027) fsd fs1, 224(a5)
mem[0x0000000080002580] <- 0x427100973E89C000


mem[X,0x0000000080000618] -> 0xB423
mem[X,0x000000008000061A] -> 0x0F17
[395] [M]: 0x0000000080000618 (0x0F17B423) sd a7, 232(a5)
mem[0x0000000080002588] <- 0x0000000000000001


mem[X,0x000000008000061C] -> 0x3903
mem[X,0x000000008000061E] -> 0x0C08
[396] [M]: 0x000000008000061C (0x0C083903) ld s2, 192(a6)
mem[R,0x00000000800020D0] -> 0x000000BD69B1DCBF
x18 <- 0x000000BD69B1DCBF


mem[X,0x0000000080000620] -> 0x5073
mem[X,0x0000000080000622] -> 0x0020
[397] [M]: 0x0000000080000620 (0x00205073) csrrwi zero, frm, 0
CSR frm -> 0x0000000000000000
CSR frm <- 0x0000000000000000 (input: 0x0000000000000000)


mem[X,0x0000000080000624] -> 0x7AD3
mem[X,0x0000000080000626] -> 0xD229
[398] [M]: 0x0000000080000624 (0xD2297AD3) fcvt.d.l fs5, s2, dyn
f21 <- 0x4267AD363B97E000


mem[X,0x0000000080000628] -> 0x28F3
mem[X,0x000000008000062A] -> 0x0010
[399] [M]: 0x0000000080000628 (0x001028F3) csrrs a7, fflags, zero
CSR fflags -> 0x0000000000000001
x17 <- 0x0000000000000001


clint::tick mtime <- 0x0000000000000004
 clint timer pending at mtime 0x0000000000000004
htif::tick 0x0000000000000000
mem[X,0x000000008000062C] -> 0xB827
mem[X,0x000000008000062E] -> 0x0F57
[400] [M]: 0x000000008000062C (0x0F57B827) fsd fs5, 240(a5)
mem[0x0000000080002590] <- 0x4267AD363B97E000


mem[X,0x0000000080000630] -> 0xBC23
mem[X,0x0000000080000632] -> 0x0F17
[401] [M]: 0x0000000080000630 (0x0F17BC23) sd a7, 248(a5)
mem[0x0000000080002598] <- 0x0000000000000001


mem[X,0x0000000080000634] -> 0x3683
mem[X,0x0000000080000636] -> 0x0C88
[402] [M]: 0x0000000080000634 (0x0C883683) ld a3, 200(a6)
mem[R,0x00000000800020D8] -> 0x0000006995A4D257
x13 <- 0x0000006995A4D257


mem[X,0x0000000080000638] -> 0x5073
mem[X,0x000000008000063A] -> 0x0020
[403] [M]: 0x0000000080000638 (0x00205073) csrrwi zero, frm, 0
CSR frm -> 0x0000000000000000
CSR frm <- 0x0000000000000000 (input: 0x0000000000000000)


mem[X,0x000000008000063C] -> 0xF753
mem[X,0x000000008000063E] -> 0xD226
[404] [M]: 0x000000008000063C (0xD226F753) fcvt.d.l fa4, a3, dyn
f14 <- 0x425A65693495C000


mem[X,0x0000000080000640] -> 0x28F3
mem[X,0x0000000080000642] -> 0x0010
[405] [M]: 0x0000000080000640 (0x001028F3) csrrs a7, fflags, zero
CSR fflags -> 0x0000000000000001
x17 <- 0x0000000000000001


mem[X,0x0000000080000644] -> 0xB027
mem[X,0x0000000080000646] -> 0x10E7
[406] [M]: 0x0000000080000644 (0x10E7B027) fsd fa4, 256(a5)
mem[0x00000000800025A0] <- 0x425A65693495C000


mem[X,0x0000000080000648] -> 0xB423
mem[X,0x000000008000064A] -> 0x1117
[407] [M]: 0x0000000080000648 (0x1117B423) sd a7, 264(a5)
mem[0x00000000800025A8] <- 0x0000000000000001


mem[X,0x000000008000064C] -> 0x3B83
mem[X,0x000000008000064E] -> 0x0D08
[408] [M]: 0x000000008000064C (0x0D083B83) ld s7, 208(a6)
mem[R,0x00000000800020E0] -> 0x0000003E6F9FB997
x23 <- 0x0000003E6F9FB997


mem[X,0x0000000080000650] -> 0x5073
mem[X,0x0000000080000652] -> 0x0020
[409] [M]: 0x0000000080000650 (0x00205073) csrrwi zero, frm, 0
CSR frm -> 0x0000000000000000
CSR frm <- 0x0000000000000000 (input: 0x0000000000000000)


mem[X,0x0000000080000654] -> 0xF6D3
mem[X,0x0000000080000656] -> 0xD22B
[410] [M]: 0x0000000080000654 (0xD22BF6D3) fcvt.d.l fa3, s7, dyn
f13 <- 0x424F37CFDCCB8000


mem[X,0x0000000080000658] -> 0x28F3
mem[X,0x000000008000065A] -> 0x0010
[411] [M]: 0x0000000080000658 (0x001028F3) csrrs a7, fflags, zero
CSR fflags -> 0x0000000000000001
x17 <- 0x0000000000000001


mem[X,0x000000008000065C] -> 0xB827
mem[X,0x000000008000065E] -> 0x10D7
[412] [M]: 0x000000008000065C (0x10D7B827) fsd fa3, 272(a5)
mem[0x00000000800025B0] <- 0x424F37CFDCCB8000


mem[X,0x0000000080000660] -> 0xBC23
mem[X,0x0000000080000662] -> 0x1117
[413] [M]: 0x0000000080000660 (0x1117BC23) sd a7, 280(a5)
mem[0x00000000800025B8] <- 0x0000000000000001


mem[X,0x0000000080000664] -> 0x0A33
mem[X,0x0000000080000666] -> 0x0008
[414] [M]: 0x0000000080000664 (0x00080A33) add s4, a6, zero
x20 <- 0x0000000080002010


mem[X,0x0000000080000668] -> 0x2997
mem[X,0x000000008000066A] -> 0x0000
[415] [M]: 0x0000000080000668 (0x00002997) auipc s3, 2
x19 <- 0x0000000080002668


mem[X,0x000000008000066C] -> 0x8993
mem[X,0x000000008000066E] -> 0xF589
[416] [M]: 0x000000008000066C (0xF5898993) addi s3, s3, 3928
x19 <- 0x00000000800025C0


mem[X,0x0000000080000670] -> 0x3883
mem[X,0x0000000080000672] -> 0x0D8A
[417] [M]: 0x0000000080000670 (0x0D8A3883) ld a7, 216(s4)
mem[R,0x00000000800020E8] -> 0x0000001E8C8A18B2
x17 <- 0x0000001E8C8A18B2


mem[X,0x0000000080000674] -> 0x5073
mem[X,0x0000000080000676] -> 0x0020
[418] [M]: 0x0000000080000674 (0x00205073) csrrwi zero, frm, 0
CSR frm -> 0x0000000000000000
CSR frm <- 0x0000000000000000 (input: 0x0000000000000000)


mem[X,0x0000000080000678] -> 0xF1D3
mem[X,0x000000008000067A] -> 0xD228
[419] [M]: 0x0000000080000678 (0xD228F1D3) fcvt.d.l ft3, a7, dyn
f3 <- 0x423E8C8A18B20000


mem[X,0x000000008000067C] -> 0x2AF3
mem[X,0x000000008000067E] -> 0x0010
[420] [M]: 0x000000008000067C (0x00102AF3) csrrs s5, fflags, zero
CSR fflags -> 0x0000000000000001
x21 <- 0x0000000000000001


mem[X,0x0000000080000680] -> 0xB027
mem[X,0x0000000080000682] -> 0x0039
[421] [M]: 0x0000000080000680 (0x0039B027) fsd ft3, 0(s3)
mem[0x00000000800025C0] <- 0x423E8C8A18B20000


mem[X,0x0000000080000684] -> 0xB423
mem[X,0x0000000080000686] -> 0x0159
[422] [M]: 0x0000000080000684 (0x0159B423) sd s5, 8(s3)
mem[0x00000000800025C8] <- 0x0000000000000001


mem[X,0x0000000080000688] -> 0x0833
mem[X,0x000000008000068A] -> 0x000A
[423] [M]: 0x0000000080000688 (0x000A0833) add a6, s4, zero
x16 <- 0x0000000080002010


mem[X,0x000000008000068C] -> 0x2797
mem[X,0x000000008000068E] -> 0x0000
[424] [M]: 0x000000008000068C (0x00002797) auipc a5, 2
x15 <- 0x000000008000268C


mem[X,0x0000000080000690] -> 0x8793
mem[X,0x0000000080000692] -> 0xF447
[425] [M]: 0x0000000080000690 (0xF4478793) addi a5, a5, 3908
x15 <- 0x00000000800025D0


mem[X,0x0000000080000694] -> 0x3F03
mem[X,0x0000000080000696] -> 0x0E08
[426] [M]: 0x0000000080000694 (0x0E083F03) ld t5, 224(a6)
mem[R,0x00000000800020F0] -> 0x0000000BE5F0307E
x30 <- 0x0000000BE5F0307E


mem[X,0x0000000080000698] -> 0x5073
mem[X,0x000000008000069A] -> 0x0020
[427] [M]: 0x0000000080000698 (0x00205073) csrrwi zero, frm, 0
CSR frm -> 0x0000000000000000
CSR frm <- 0x0000000000000000 (input: 0x0000000000000000)


mem[X,0x000000008000069C] -> 0x7CD3
mem[X,0x000000008000069E] -> 0xD22F
[428] [M]: 0x000000008000069C (0xD22F7CD3) fcvt.d.l fs9, t5, dyn
f25 <- 0x4227CBE060FC0000


mem[X,0x00000000800006A0] -> 0x28F3
mem[X,0x00000000800006A2] -> 0x0010
[429] [M]: 0x00000000800006A0 (0x001028F3) csrrs a7, fflags, zero
CSR fflags -> 0x0000000000000001
x17 <- 0x0000000000000001


mem[X,0x00000000800006A4] -> 0xB027
mem[X,0x00000000800006A6] -> 0x0197
[430] [M]: 0x00000000800006A4 (0x0197B027) fsd fs9, 0(a5)
mem[0x00000000800025D0] <- 0x4227CBE060FC0000


mem[X,0x00000000800006A8] -> 0xB423
mem[X,0x00000000800006AA] -> 0x0117
[431] [M]: 0x00000000800006A8 (0x0117B423) sd a7, 8(a5)
mem[0x00000000800025D8] <- 0x0000000000000001


mem[X,0x00000000800006AC] -> 0x3D03
mem[X,0x00000000800006AE] -> 0x0E88
[432] [M]: 0x00000000800006AC (0x0E883D03) ld s10, 232(a6)
mem[R,0x00000000800020F8] -> 0x00000005224C0601
x26 <- 0x00000005224C0601


mem[X,0x00000000800006B0] -> 0x5073
mem[X,0x00000000800006B2] -> 0x0020
[433] [M]: 0x00000000800006B0 (0x00205073) csrrwi zero, frm, 0
CSR frm -> 0x0000000000000000
CSR frm <- 0x0000000000000000 (input: 0x0000000000000000)


mem[X,0x00000000800006B4] -> 0x72D3
mem[X,0x00000000800006B6] -> 0xD22D
[434] [M]: 0x00000000800006B4 (0xD22D72D3) fcvt.d.l ft5, s10, dyn
f5 <- 0x4214893018040000


mem[X,0x00000000800006B8] -> 0x28F3
mem[X,0x00000000800006BA] -> 0x0010
[435] [M]: 0x00000000800006B8 (0x001028F3) csrrs a7, fflags, zero
CSR fflags -> 0x0000000000000001
x17 <- 0x0000000000000001


mem[X,0x00000000800006BC] -> 0xB827
mem[X,0x00000000800006BE] -> 0x0057
[436] [M]: 0x00000000800006BC (0x0057B827) fsd ft5, 16(a5)
mem[0x00000000800025E0] <- 0x4214893018040000


mem[X,0x00000000800006C0] -> 0xBC23
mem[X,0x00000000800006C2] -> 0x0117
[437] [M]: 0x00000000800006C0 (0x0117BC23) sd a7, 24(a5)
mem[0x00000000800025E8] <- 0x0000000000000001


mem[X,0x00000000800006C4] -> 0x3703
mem[X,0x00000000800006C6] -> 0x0F08
[438] [M]: 0x00000000800006C4 (0x0F083703) ld a4, 240(a6)
mem[R,0x0000000080002100] -> 0x000000020109C207
x14 <- 0x000000020109C207


mem[X,0x00000000800006C8] -> 0x5073
mem[X,0x00000000800006CA] -> 0x0020
[439] [M]: 0x00000000800006C8 (0x00205073) csrrwi zero, frm, 0
CSR frm -> 0x0000000000000000
CSR frm <- 0x0000000000000000 (input: 0x0000000000000000)


mem[X,0x00000000800006CC] -> 0x77D3
mem[X,0x00000000800006CE] -> 0xD227
[440] [M]: 0x00000000800006CC (0xD22777D3) fcvt.d.l fa5, a4, dyn
f15 <- 0x4200084E10380000


mem[X,0x00000000800006D0] -> 0x28F3
mem[X,0x00000000800006D2] -> 0x0010
[441] [M]: 0x00000000800006D0 (0x001028F3) csrrs a7, fflags, zero
CSR fflags -> 0x0000000000000001
x17 <- 0x0000000000000001


mem[X,0x00000000800006D4] -> 0xB027
mem[X,0x00000000800006D6] -> 0x02F7
[442] [M]: 0x00000000800006D4 (0x02F7B027) fsd fa5, 32(a5)
mem[0x00000000800025F0] <- 0x4200084E10380000


mem[X,0x00000000800006D8] -> 0xB423
mem[X,0x00000000800006DA] -> 0x0317
[443] [M]: 0x00000000800006D8 (0x0317B423) sd a7, 40(a5)
mem[0x00000000800025F8] <- 0x0000000000000001


mem[X,0x00000000800006DC] -> 0x3083
mem[X,0x00000000800006DE] -> 0x0F88
[444] [M]: 0x00000000800006DC (0x0F883083) ld ra, 248(a6)
mem[R,0x0000000080002108] -> 0x000000019D02FC90
x1 <- 0x000000019D02FC90


mem[X,0x00000000800006E0] -> 0x5073
mem[X,0x00000000800006E2] -> 0x0020
[445] [M]: 0x00000000800006E0 (0x00205073) csrrwi zero, frm, 0
CSR frm -> 0x0000000000000000
CSR frm <- 0x0000000000000000 (input: 0x0000000000000000)


mem[X,0x00000000800006E4] -> 0xF353
mem[X,0x00000000800006E6] -> 0xD220
[446] [M]: 0x00000000800006E4 (0xD220F353) fcvt.d.l ft6, ra, dyn
f6 <- 0x41F9D02FC9000000


mem[X,0x00000000800006E8] -> 0x28F3
mem[X,0x00000000800006EA] -> 0x0010
[447] [M]: 0x00000000800006E8 (0x001028F3) csrrs a7, fflags, zero
CSR fflags -> 0x0000000000000001
x17 <- 0x0000000000000001


mem[X,0x00000000800006EC] -> 0xB827
mem[X,0x00000000800006EE] -> 0x0267
[448] [M]: 0x00000000800006EC (0x0267B827) fsd ft6, 48(a5)
mem[0x0000000080002600] <- 0x41F9D02FC9000000


mem[X,0x00000000800006F0] -> 0xBC23
mem[X,0x00000000800006F2] -> 0x0317
[449] [M]: 0x00000000800006F0 (0x0317BC23) sd a7, 56(a5)
mem[0x0000000080002608] <- 0x0000000000000001


mem[X,0x00000000800006F4] -> 0x3F83
mem[X,0x00000000800006F6] -> 0x1008
[450] [M]: 0x00000000800006F4 (0x10083F83) ld t6, 256(a6)
mem[R,0x0000000080002110] -> 0x00000000F08CC1B6
x31 <- 0x00000000F08CC1B6


mem[X,0x00000000800006F8] -> 0x5073
mem[X,0x00000000800006FA] -> 0x0020
[451] [M]: 0x00000000800006F8 (0x00205073) csrrwi zero, frm, 0
CSR frm -> 0x0000000000000000
CSR frm <- 0x0000000000000000 (input: 0x0000000000000000)


mem[X,0x00000000800006FC] -> 0xFFD3
mem[X,0x00000000800006FE] -> 0xD22F
[452] [M]: 0x00000000800006FC (0xD22FFFD3) fcvt.d.l ft11, t6, dyn
f31 <- 0x41EE119836C00000


mem[X,0x0000000080000700] -> 0x28F3
mem[X,0x0000000080000702] -> 0x0010
[453] [M]: 0x0000000080000700 (0x001028F3) csrrs a7, fflags, zero
CSR fflags -> 0x0000000000000001
x17 <- 0x0000000000000001


mem[X,0x0000000080000704] -> 0xB027
mem[X,0x0000000080000706] -> 0x05F7
[454] [M]: 0x0000000080000704 (0x05F7B027) fsd ft11, 64(a5)
mem[0x0000000080002610] <- 0x41EE119836C00000


mem[X,0x0000000080000708] -> 0xB423
mem[X,0x000000008000070A] -> 0x0517
[455] [M]: 0x0000000080000708 (0x0517B423) sd a7, 72(a5)
mem[0x0000000080002618] <- 0x0000000000000001


mem[X,0x000000008000070C] -> 0x3F83
mem[X,0x000000008000070E] -> 0x1088
[456] [M]: 0x000000008000070C (0x10883F83) ld t6, 264(a6)
mem[R,0x0000000080002118] -> 0x000000005EA40361
x31 <- 0x000000005EA40361


mem[X,0x0000000080000710] -> 0x5073
mem[X,0x0000000080000712] -> 0x0020
[457] [M]: 0x0000000080000710 (0x00205073) csrrwi zero, frm, 0
CSR frm -> 0x0000000000000000
CSR frm <- 0x0000000000000000 (input: 0x0000000000000000)


mem[X,0x0000000080000714] -> 0xFFD3
mem[X,0x0000000080000716] -> 0xD22F
[458] [M]: 0x0000000080000714 (0xD22FFFD3) fcvt.d.l ft11, t6, dyn
f31 <- 0x41D7A900D8400000


mem[X,0x0000000080000718] -> 0x28F3
mem[X,0x000000008000071A] -> 0x0010
[459] [M]: 0x0000000080000718 (0x001028F3) csrrs a7, fflags, zero
CSR fflags -> 0x0000000000000001
x17 <- 0x0000000000000001


mem[X,0x000000008000071C] -> 0xB827
mem[X,0x000000008000071E] -> 0x05F7
[460] [M]: 0x000000008000071C (0x05F7B827) fsd ft11, 80(a5)
mem[0x0000000080002620] <- 0x41D7A900D8400000


mem[X,0x0000000080000720] -> 0xBC23
mem[X,0x0000000080000722] -> 0x0517
[461] [M]: 0x0000000080000720 (0x0517BC23) sd a7, 88(a5)
mem[0x0000000080002628] <- 0x0000000000000001


mem[X,0x0000000080000724] -> 0x3F83
mem[X,0x0000000080000726] -> 0x1108
[462] [M]: 0x0000000080000724 (0x11083F83) ld t6, 272(a6)
mem[R,0x0000000080002120] -> 0x000000003D3E50B2
x31 <- 0x000000003D3E50B2


mem[X,0x0000000080000728] -> 0x5073
mem[X,0x000000008000072A] -> 0x0020
[463] [M]: 0x0000000080000728 (0x00205073) csrrwi zero, frm, 0
CSR frm -> 0x0000000000000000
CSR frm <- 0x0000000000000000 (input: 0x0000000000000000)


mem[X,0x000000008000072C] -> 0xFFD3
mem[X,0x000000008000072E] -> 0xD22F
[464] [M]: 0x000000008000072C (0xD22FFFD3) fcvt.d.l ft11, t6, dyn
f31 <- 0x41CE9F2859000000


mem[X,0x0000000080000730] -> 0x28F3
mem[X,0x0000000080000732] -> 0x0010
[465] [M]: 0x0000000080000730 (0x001028F3) csrrs a7, fflags, zero
CSR fflags -> 0x0000000000000001
x17 <- 0x0000000000000001


mem[X,0x0000000080000734] -> 0xB027
mem[X,0x0000000080000736] -> 0x07F7
[466] [M]: 0x0000000080000734 (0x07F7B027) fsd ft11, 96(a5)
mem[0x0000000080002630] <- 0x41CE9F2859000000


mem[X,0x0000000080000738] -> 0xB423
mem[X,0x000000008000073A] -> 0x0717
[467] [M]: 0x0000000080000738 (0x0717B423) sd a7, 104(a5)
mem[0x0000000080002638] <- 0x0000000000000001


mem[X,0x000000008000073C] -> 0x3F83
mem[X,0x000000008000073E] -> 0x1188
[468] [M]: 0x000000008000073C (0x11883F83) ld t6, 280(a6)
mem[R,0x0000000080002128] -> 0x0000000014415B61
x31 <- 0x0000000014415B61


mem[X,0x0000000080000740] -> 0x5073
mem[X,0x0000000080000742] -> 0x0020
[469] [M]: 0x0000000080000740 (0x00205073) csrrwi zero, frm, 0
CSR frm -> 0x0000000000000000
CSR frm <- 0x0000000000000000 (input: 0x0000000000000000)


mem[X,0x0000000080000744] -> 0xFFD3
mem[X,0x0000000080000746] -> 0xD22F
[470] [M]: 0x0000000080000744 (0xD22FFFD3) fcvt.d.l ft11, t6, dyn
f31 <- 0x41B4415B61000000


mem[X,0x0000000080000748] -> 0x28F3
mem[X,0x000000008000074A] -> 0x0010
[471] [M]: 0x0000000080000748 (0x001028F3) csrrs a7, fflags, zero
CSR fflags -> 0x0000000000000001
x17 <- 0x0000000000000001


mem[X,0x000000008000074C] -> 0xB827
mem[X,0x000000008000074E] -> 0x07F7
[472] [M]: 0x000000008000074C (0x07F7B827) fsd ft11, 112(a5)
mem[0x0000000080002640] <- 0x41B4415B61000000


mem[X,0x0000000080000750] -> 0xBC23
mem[X,0x0000000080000752] -> 0x0717
[473] [M]: 0x0000000080000750 (0x0717BC23) sd a7, 120(a5)
mem[0x0000000080002648] <- 0x0000000000000001


mem[X,0x0000000080000754] -> 0x3F83
mem[X,0x0000000080000756] -> 0x1208
[474] [M]: 0x0000000080000754 (0x12083F83) ld t6, 288(a6)
mem[R,0x0000000080002130] -> 0x000000000DCD2875
x31 <- 0x000000000DCD2875


mem[X,0x0000000080000758] -> 0x5073
mem[X,0x000000008000075A] -> 0x0020
[475] [M]: 0x0000000080000758 (0x00205073) csrrwi zero, frm, 0
CSR frm -> 0x0000000000000000
CSR frm <- 0x0000000000000000 (input: 0x0000000000000000)


mem[X,0x000000008000075C] -> 0xFFD3
mem[X,0x000000008000075E] -> 0xD22F
[476] [M]: 0x000000008000075C (0xD22FFFD3) fcvt.d.l ft11, t6, dyn
f31 <- 0x41AB9A50EA000000


mem[X,0x0000000080000760] -> 0x28F3
mem[X,0x0000000080000762] -> 0x0010
[477] [M]: 0x0000000080000760 (0x001028F3) csrrs a7, fflags, zero
CSR fflags -> 0x0000000000000001
x17 <- 0x0000000000000001


mem[X,0x0000000080000764] -> 0xB027
mem[X,0x0000000080000766] -> 0x09F7
[478] [M]: 0x0000000080000764 (0x09F7B027) fsd ft11, 128(a5)
mem[0x0000000080002650] <- 0x41AB9A50EA000000


mem[X,0x0000000080000768] -> 0xB423
mem[X,0x000000008000076A] -> 0x0917
[479] [M]: 0x0000000080000768 (0x0917B423) sd a7, 136(a5)
mem[0x0000000080002658] <- 0x0000000000000001


mem[X,0x000000008000076C] -> 0x3F83
mem[X,0x000000008000076E] -> 0x1288
[480] [M]: 0x000000008000076C (0x12883F83) ld t6, 296(a6)
mem[R,0x0000000080002138] -> 0x00000000066CC25F
x31 <- 0x00000000066CC25F


mem[X,0x0000000080000770] -> 0x5073
mem[X,0x0000000080000772] -> 0x0020
[481] [M]: 0x0000000080000770 (0x00205073) csrrwi zero, frm, 0
CSR frm -> 0x0000000000000000
CSR frm <- 0x0000000000000000 (input: 0x0000000000000000)


mem[X,0x0000000080000774] -> 0xFFD3
mem[X,0x0000000080000776] -> 0xD22F
[482] [M]: 0x0000000080000774 (0xD22FFFD3) fcvt.d.l ft11, t6, dyn
f31 <- 0x4199B3097C000000


mem[X,0x0000000080000778] -> 0x28F3
mem[X,0x000000008000077A] -> 0x0010
[483] [M]: 0x0000000080000778 (0x001028F3) csrrs a7, fflags, zero
CSR fflags -> 0x0000000000000001
x17 <- 0x0000000000000001


mem[X,0x000000008000077C] -> 0xB827
mem[X,0x000000008000077E] -> 0x09F7
[484] [M]: 0x000000008000077C (0x09F7B827) fsd ft11, 144(a5)
mem[0x0000000080002660] <- 0x4199B3097C000000


mem[X,0x0000000080000780] -> 0xBC23
mem[X,0x0000000080000782] -> 0x0917
[485] [M]: 0x0000000080000780 (0x0917BC23) sd a7, 152(a5)
mem[0x0000000080002668] <- 0x0000000000000001


mem[X,0x0000000080000784] -> 0x3F83
mem[X,0x0000000080000786] -> 0x1308
[486] [M]: 0x0000000080000784 (0x13083F83) ld t6, 304(a6)
mem[R,0x0000000080002140] -> 0x0000000002B2DCD8
x31 <- 0x0000000002B2DCD8


mem[X,0x0000000080000788] -> 0x5073
mem[X,0x000000008000078A] -> 0x0020
[487] [M]: 0x0000000080000788 (0x00205073) csrrwi zero, frm, 0
CSR frm -> 0x0000000000000000
CSR frm <- 0x0000000000000000 (input: 0x0000000000000000)


mem[X,0x000000008000078C] -> 0xFFD3
mem[X,0x000000008000078E] -> 0xD22F
[488] [M]: 0x000000008000078C (0xD22FFFD3) fcvt.d.l ft11, t6, dyn
f31 <- 0x418596E6C0000000


mem[X,0x0000000080000790] -> 0x28F3
mem[X,0x0000000080000792] -> 0x0010
[489] [M]: 0x0000000080000790 (0x001028F3) csrrs a7, fflags, zero
CSR fflags -> 0x0000000000000001
x17 <- 0x0000000000000001


mem[X,0x0000000080000794] -> 0xB027
mem[X,0x0000000080000796] -> 0x0BF7
[490] [M]: 0x0000000080000794 (0x0BF7B027) fsd ft11, 160(a5)
mem[0x0000000080002670] <- 0x418596E6C0000000


mem[X,0x0000000080000798] -> 0xB423
mem[X,0x000000008000079A] -> 0x0B17
[491] [M]: 0x0000000080000798 (0x0B17B423) sd a7, 168(a5)
mem[0x0000000080002678] <- 0x0000000000000001


mem[X,0x000000008000079C] -> 0x3F83
mem[X,0x000000008000079E] -> 0x1388
[492] [M]: 0x000000008000079C (0x13883F83) ld t6, 312(a6)
mem[R,0x0000000080002148] -> 0x0000000001E9E5C5
x31 <- 0x0000000001E9E5C5


mem[X,0x00000000800007A0] -> 0x5073
mem[X,0x00000000800007A2] -> 0x0020
[493] [M]: 0x00000000800007A0 (0x00205073) csrrwi zero, frm, 0
CSR frm -> 0x0000000000000000
CSR frm <- 0x0000000000000000 (input: 0x0000000000000000)


mem[X,0x00000000800007A4] -> 0xFFD3
mem[X,0x00000000800007A6] -> 0xD22F
[494] [M]: 0x00000000800007A4 (0xD22FFFD3) fcvt.d.l ft11, t6, dyn
f31 <- 0x417E9E5C50000000


mem[X,0x00000000800007A8] -> 0x28F3
mem[X,0x00000000800007AA] -> 0x0010
[495] [M]: 0x00000000800007A8 (0x001028F3) csrrs a7, fflags, zero
CSR fflags -> 0x0000000000000001
x17 <- 0x0000000000000001


mem[X,0x00000000800007AC] -> 0xB827
mem[X,0x00000000800007AE] -> 0x0BF7
[496] [M]: 0x00000000800007AC (0x0BF7B827) fsd ft11, 176(a5)
mem[0x0000000080002680] <- 0x417E9E5C50000000


mem[X,0x00000000800007B0] -> 0xBC23
mem[X,0x00000000800007B2] -> 0x0B17
[497] [M]: 0x00000000800007B0 (0x0B17BC23) sd a7, 184(a5)
mem[0x0000000080002688] <- 0x0000000000000001


mem[X,0x00000000800007B4] -> 0x3F83
mem[X,0x00000000800007B6] -> 0x1408
[498] [M]: 0x00000000800007B4 (0x14083F83) ld t6, 320(a6)
mem[R,0x0000000080002150] -> 0x0000000000C32779
x31 <- 0x0000000000C32779


mem[X,0x00000000800007B8] -> 0x5073
mem[X,0x00000000800007BA] -> 0x0020
[499] [M]: 0x00000000800007B8 (0x00205073) csrrwi zero, frm, 0
CSR frm -> 0x0000000000000000
CSR frm <- 0x0000000000000000 (input: 0x0000000000000000)


clint::tick mtime <- 0x0000000000000005
 clint timer pending at mtime 0x0000000000000005
htif::tick 0x0000000000000000
mem[X,0x00000000800007BC] -> 0xFFD3
mem[X,0x00000000800007BE] -> 0xD22F
[500] [M]: 0x00000000800007BC (0xD22FFFD3) fcvt.d.l ft11, t6, dyn
f31 <- 0x416864EF20000000


mem[X,0x00000000800007C0] -> 0x28F3
mem[X,0x00000000800007C2] -> 0x0010
[501] [M]: 0x00000000800007C0 (0x001028F3) csrrs a7, fflags, zero
CSR fflags -> 0x0000000000000001
x17 <- 0x0000000000000001


mem[X,0x00000000800007C4] -> 0xB027
mem[X,0x00000000800007C6] -> 0x0DF7
[502] [M]: 0x00000000800007C4 (0x0DF7B027) fsd ft11, 192(a5)
mem[0x0000000080002690] <- 0x416864EF20000000


mem[X,0x00000000800007C8] -> 0xB423
mem[X,0x00000000800007CA] -> 0x0D17
[503] [M]: 0x00000000800007C8 (0x0D17B423) sd a7, 200(a5)
mem[0x0000000080002698] <- 0x0000000000000001


mem[X,0x00000000800007CC] -> 0x3F83
mem[X,0x00000000800007CE] -> 0x1488
[504] [M]: 0x00000000800007CC (0x14883F83) ld t6, 328(a6)
mem[R,0x0000000080002158] -> 0x0000000000644D9A
x31 <- 0x0000000000644D9A


mem[X,0x00000000800007D0] -> 0x5073
mem[X,0x00000000800007D2] -> 0x0020
[505] [M]: 0x00000000800007D0 (0x00205073) csrrwi zero, frm, 0
CSR frm -> 0x0000000000000000
CSR frm <- 0x0000000000000000 (input: 0x0000000000000000)


mem[X,0x00000000800007D4] -> 0xFFD3
mem[X,0x00000000800007D6] -> 0xD22F
[506] [M]: 0x00000000800007D4 (0xD22FFFD3) fcvt.d.l ft11, t6, dyn
f31 <- 0x4159136680000000


mem[X,0x00000000800007D8] -> 0x28F3
mem[X,0x00000000800007DA] -> 0x0010
[507] [M]: 0x00000000800007D8 (0x001028F3) csrrs a7, fflags, zero
CSR fflags -> 0x0000000000000001
x17 <- 0x0000000000000001


mem[X,0x00000000800007DC] -> 0xB827
mem[X,0x00000000800007DE] -> 0x0DF7
[508] [M]: 0x00000000800007DC (0x0DF7B827) fsd ft11, 208(a5)
mem[0x00000000800026A0] <- 0x4159136680000000


mem[X,0x00000000800007E0] -> 0xBC23
mem[X,0x00000000800007E2] -> 0x0D17
[509] [M]: 0x00000000800007E0 (0x0D17BC23) sd a7, 216(a5)
mem[0x00000000800026A8] <- 0x0000000000000001


mem[X,0x00000000800007E4] -> 0x3F83
mem[X,0x00000000800007E6] -> 0x1508
[510] [M]: 0x00000000800007E4 (0x15083F83) ld t6, 336(a6)
mem[R,0x0000000080002160] -> 0x00000000003AF5FD
x31 <- 0x00000000003AF5FD


mem[X,0x00000000800007E8] -> 0x5073
mem[X,0x00000000800007EA] -> 0x0020
[511] [M]: 0x00000000800007E8 (0x00205073) csrrwi zero, frm, 0
CSR frm -> 0x0000000000000000
CSR frm <- 0x0000000000000000 (input: 0x0000000000000000)


mem[X,0x00000000800007EC] -> 0xFFD3
mem[X,0x00000000800007EE] -> 0xD22F
[512] [M]: 0x00000000800007EC (0xD22FFFD3) fcvt.d.l ft11, t6, dyn
f31 <- 0x414D7AFE80000000


mem[X,0x00000000800007F0] -> 0x28F3
mem[X,0x00000000800007F2] -> 0x0010
[513] [M]: 0x00000000800007F0 (0x001028F3) csrrs a7, fflags, zero
CSR fflags -> 0x0000000000000001
x17 <- 0x0000000000000001


mem[X,0x00000000800007F4] -> 0xB027
mem[X,0x00000000800007F6] -> 0x0FF7
[514] [M]: 0x00000000800007F4 (0x0FF7B027) fsd ft11, 224(a5)
mem[0x00000000800026B0] <- 0x414D7AFE80000000


mem[X,0x00000000800007F8] -> 0xB423
mem[X,0x00000000800007FA] -> 0x0F17
[515] [M]: 0x00000000800007F8 (0x0F17B423) sd a7, 232(a5)
mem[0x00000000800026B8] <- 0x0000000000000001


mem[X,0x00000000800007FC] -> 0x3F83
mem[X,0x00000000800007FE] -> 0x1588
[516] [M]: 0x00000000800007FC (0x15883F83) ld t6, 344(a6)
mem[R,0x0000000080002168] -> 0x00000000001C361D
x31 <- 0x00000000001C361D


mem[X,0x0000000080000800] -> 0x5073
mem[X,0x0000000080000802] -> 0x0020
[517] [M]: 0x0000000080000800 (0x00205073) csrrwi zero, frm, 0
CSR frm -> 0x0000000000000000
CSR frm <- 0x0000000000000000 (input: 0x0000000000000000)


mem[X,0x0000000080000804] -> 0xFFD3
mem[X,0x0000000080000806] -> 0xD22F
[518] [M]: 0x0000000080000804 (0xD22FFFD3) fcvt.d.l ft11, t6, dyn
f31 <- 0x413C361D00000000


mem[X,0x0000000080000808] -> 0x28F3
mem[X,0x000000008000080A] -> 0x0010
[519] [M]: 0x0000000080000808 (0x001028F3) csrrs a7, fflags, zero
CSR fflags -> 0x0000000000000001
x17 <- 0x0000000000000001


mem[X,0x000000008000080C] -> 0xB827
mem[X,0x000000008000080E] -> 0x0FF7
[520] [M]: 0x000000008000080C (0x0FF7B827) fsd ft11, 240(a5)
mem[0x00000000800026C0] <- 0x413C361D00000000


mem[X,0x0000000080000810] -> 0xBC23
mem[X,0x0000000080000812] -> 0x0F17
[521] [M]: 0x0000000080000810 (0x0F17BC23) sd a7, 248(a5)
mem[0x00000000800026C8] <- 0x0000000000000001


mem[X,0x0000000080000814] -> 0x3F83
mem[X,0x0000000080000816] -> 0x1608
[522] [M]: 0x0000000080000814 (0x16083F83) ld t6, 352(a6)
mem[R,0x0000000080002170] -> 0x00000000000DAE6A
x31 <- 0x00000000000DAE6A


mem[X,0x0000000080000818] -> 0x5073
mem[X,0x000000008000081A] -> 0x0020
[523] [M]: 0x0000000080000818 (0x00205073) csrrwi zero, frm, 0
CSR frm -> 0x0000000000000000
CSR frm <- 0x0000000000000000 (input: 0x0000000000000000)


mem[X,0x000000008000081C] -> 0xFFD3
mem[X,0x000000008000081E] -> 0xD22F
[524] [M]: 0x000000008000081C (0xD22FFFD3) fcvt.d.l ft11, t6, dyn
f31 <- 0x412B5CD400000000


mem[X,0x0000000080000820] -> 0x28F3
mem[X,0x0000000080000822] -> 0x0010
[525] [M]: 0x0000000080000820 (0x001028F3) csrrs a7, fflags, zero
CSR fflags -> 0x0000000000000001
x17 <- 0x0000000000000001


mem[X,0x0000000080000824] -> 0xB027
mem[X,0x0000000080000826] -> 0x11F7
[526] [M]: 0x0000000080000824 (0x11F7B027) fsd ft11, 256(a5)
mem[0x00000000800026D0] <- 0x412B5CD400000000


mem[X,0x0000000080000828] -> 0xB423
mem[X,0x000000008000082A] -> 0x1117
[527] [M]: 0x0000000080000828 (0x1117B423) sd a7, 264(a5)
mem[0x00000000800026D8] <- 0x0000000000000001


mem[X,0x000000008000082C] -> 0x3F83
mem[X,0x000000008000082E] -> 0x1688
[528] [M]: 0x000000008000082C (0x16883F83) ld t6, 360(a6)
mem[R,0x0000000080002178] -> 0x0000000000051C09
x31 <- 0x0000000000051C09


mem[X,0x0000000080000830] -> 0x5073
mem[X,0x0000000080000832] -> 0x0020
[529] [M]: 0x0000000080000830 (0x00205073) csrrwi zero, frm, 0
CSR frm -> 0x0000000000000000
CSR frm <- 0x0000000000000000 (input: 0x0000000000000000)


mem[X,0x0000000080000834] -> 0xFFD3
mem[X,0x0000000080000836] -> 0xD22F
[530] [M]: 0x0000000080000834 (0xD22FFFD3) fcvt.d.l ft11, t6, dyn
f31 <- 0x4114702400000000


mem[X,0x0000000080000838] -> 0x28F3
mem[X,0x000000008000083A] -> 0x0010
[531] [M]: 0x0000000080000838 (0x001028F3) csrrs a7, fflags, zero
CSR fflags -> 0x0000000000000001
x17 <- 0x0000000000000001


mem[X,0x000000008000083C] -> 0xB827
mem[X,0x000000008000083E] -> 0x11F7
[532] [M]: 0x000000008000083C (0x11F7B827) fsd ft11, 272(a5)
mem[0x00000000800026E0] <- 0x4114702400000000


mem[X,0x0000000080000840] -> 0xBC23
mem[X,0x0000000080000842] -> 0x1117
[533] [M]: 0x0000000080000840 (0x1117BC23) sd a7, 280(a5)
mem[0x00000000800026E8] <- 0x0000000000000001


mem[X,0x0000000080000844] -> 0x3F83
mem[X,0x0000000080000846] -> 0x1708
[534] [M]: 0x0000000080000844 (0x17083F83) ld t6, 368(a6)
mem[R,0x0000000080002180] -> 0x000000000003AE7C
x31 <- 0x000000000003AE7C


mem[X,0x0000000080000848] -> 0x5073
mem[X,0x000000008000084A] -> 0x0020
[535] [M]: 0x0000000080000848 (0x00205073) csrrwi zero, frm, 0
CSR frm -> 0x0000000000000000
CSR frm <- 0x0000000000000000 (input: 0x0000000000000000)


mem[X,0x000000008000084C] -> 0xFFD3
mem[X,0x000000008000084E] -> 0xD22F
[536] [M]: 0x000000008000084C (0xD22FFFD3) fcvt.d.l ft11, t6, dyn
f31 <- 0x410D73E000000000


mem[X,0x0000000080000850] -> 0x28F3
mem[X,0x0000000080000852] -> 0x0010
[537] [M]: 0x0000000080000850 (0x001028F3) csrrs a7, fflags, zero
CSR fflags -> 0x0000000000000001
x17 <- 0x0000000000000001


mem[X,0x0000000080000854] -> 0xB027
mem[X,0x0000000080000856] -> 0x13F7
[538] [M]: 0x0000000080000854 (0x13F7B027) fsd ft11, 288(a5)
mem[0x00000000800026F0] <- 0x410D73E000000000


mem[X,0x0000000080000858] -> 0xB423
mem[X,0x000000008000085A] -> 0x1317
[539] [M]: 0x0000000080000858 (0x1317B423) sd a7, 296(a5)
mem[0x00000000800026F8] <- 0x0000000000000001


mem[X,0x000000008000085C] -> 0x3F83
mem[X,0x000000008000085E] -> 0x1788
[540] [M]: 0x000000008000085C (0x17883F83) ld t6, 376(a6)
mem[R,0x0000000080002188] -> 0x00000000000116D0
x31 <- 0x00000000000116D0


mem[X,0x0000000080000860] -> 0x5073
mem[X,0x0000000080000862] -> 0x0020
[541] [M]: 0x0000000080000860 (0x00205073) csrrwi zero, frm, 0
CSR frm -> 0x0000000000000000
CSR frm <- 0x0000000000000000 (input: 0x0000000000000000)


mem[X,0x0000000080000864] -> 0xFFD3
mem[X,0x0000000080000866] -> 0xD22F
[542] [M]: 0x0000000080000864 (0xD22FFFD3) fcvt.d.l ft11, t6, dyn
f31 <- 0x40F16D0000000000


mem[X,0x0000000080000868] -> 0x28F3
mem[X,0x000000008000086A] -> 0x0010
[543] [M]: 0x0000000080000868 (0x001028F3) csrrs a7, fflags, zero
CSR fflags -> 0x0000000000000001
x17 <- 0x0000000000000001


mem[X,0x000000008000086C] -> 0xB827
mem[X,0x000000008000086E] -> 0x13F7
[544] [M]: 0x000000008000086C (0x13F7B827) fsd ft11, 304(a5)
mem[0x0000000080002700] <- 0x40F16D0000000000


mem[X,0x0000000080000870] -> 0xBC23
mem[X,0x0000000080000872] -> 0x1317
[545] [M]: 0x0000000080000870 (0x1317BC23) sd a7, 312(a5)
mem[0x0000000080002708] <- 0x0000000000000001


mem[X,0x0000000080000874] -> 0x3F83
mem[X,0x0000000080000876] -> 0x1808
[546] [M]: 0x0000000080000874 (0x18083F83) ld t6, 384(a6)
mem[R,0x0000000080002190] -> 0x000000000000DC74
x31 <- 0x000000000000DC74


mem[X,0x0000000080000878] -> 0x5073
mem[X,0x000000008000087A] -> 0x0020
[547] [M]: 0x0000000080000878 (0x00205073) csrrwi zero, frm, 0
CSR frm -> 0x0000000000000000
CSR frm <- 0x0000000000000000 (input: 0x0000000000000000)


mem[X,0x000000008000087C] -> 0xFFD3
mem[X,0x000000008000087E] -> 0xD22F
[548] [M]: 0x000000008000087C (0xD22FFFD3) fcvt.d.l ft11, t6, dyn
f31 <- 0x40EB8E8000000000


mem[X,0x0000000080000880] -> 0x28F3
mem[X,0x0000000080000882] -> 0x0010
[549] [M]: 0x0000000080000880 (0x001028F3) csrrs a7, fflags, zero
CSR fflags -> 0x0000000000000001
x17 <- 0x0000000000000001


mem[X,0x0000000080000884] -> 0xB027
mem[X,0x0000000080000886] -> 0x15F7
[550] [M]: 0x0000000080000884 (0x15F7B027) fsd ft11, 320(a5)
mem[0x0000000080002710] <- 0x40EB8E8000000000


mem[X,0x0000000080000888] -> 0xB423
mem[X,0x000000008000088A] -> 0x1517
[551] [M]: 0x0000000080000888 (0x1517B423) sd a7, 328(a5)
mem[0x0000000080002718] <- 0x0000000000000001


mem[X,0x000000008000088C] -> 0x3F83
mem[X,0x000000008000088E] -> 0x1888
[552] [M]: 0x000000008000088C (0x18883F83) ld t6, 392(a6)
mem[R,0x0000000080002198] -> 0x0000000000005FFF
x31 <- 0x0000000000005FFF


mem[X,0x0000000080000890] -> 0x5073
mem[X,0x0000000080000892] -> 0x0020
[553] [M]: 0x0000000080000890 (0x00205073) csrrwi zero, frm, 0
CSR frm -> 0x0000000000000000
CSR frm <- 0x0000000000000000 (input: 0x0000000000000000)


mem[X,0x0000000080000894] -> 0xFFD3
mem[X,0x0000000080000896] -> 0xD22F
[554] [M]: 0x0000000080000894 (0xD22FFFD3) fcvt.d.l ft11, t6, dyn
f31 <- 0x40D7FFC000000000


mem[X,0x0000000080000898] -> 0x28F3
mem[X,0x000000008000089A] -> 0x0010
[555] [M]: 0x0000000080000898 (0x001028F3) csrrs a7, fflags, zero
CSR fflags -> 0x0000000000000001
x17 <- 0x0000000000000001


mem[X,0x000000008000089C] -> 0xB827
mem[X,0x000000008000089E] -> 0x15F7
[556] [M]: 0x000000008000089C (0x15F7B827) fsd ft11, 336(a5)
mem[0x0000000080002720] <- 0x40D7FFC000000000


mem[X,0x00000000800008A0] -> 0xBC23
mem[X,0x00000000800008A2] -> 0x1517
[557] [M]: 0x00000000800008A0 (0x1517BC23) sd a7, 344(a5)
mem[0x0000000080002728] <- 0x0000000000000001


mem[X,0x00000000800008A4] -> 0x3F83
mem[X,0x00000000800008A6] -> 0x1908
[558] [M]: 0x00000000800008A4 (0x19083F83) ld t6, 400(a6)
mem[R,0x00000000800021A0] -> 0x00000000000024DE
x31 <- 0x00000000000024DE


mem[X,0x00000000800008A8] -> 0x5073
mem[X,0x00000000800008AA] -> 0x0020
[559] [M]: 0x00000000800008A8 (0x00205073) csrrwi zero, frm, 0
CSR frm -> 0x0000000000000000
CSR frm <- 0x0000000000000000 (input: 0x0000000000000000)


mem[X,0x00000000800008AC] -> 0xFFD3
mem[X,0x00000000800008AE] -> 0xD22F
[560] [M]: 0x00000000800008AC (0xD22FFFD3) fcvt.d.l ft11, t6, dyn
f31 <- 0x40C26F0000000000


mem[X,0x00000000800008B0] -> 0x28F3
mem[X,0x00000000800008B2] -> 0x0010
[561] [M]: 0x00000000800008B0 (0x001028F3) csrrs a7, fflags, zero
CSR fflags -> 0x0000000000000001
x17 <- 0x0000000000000001


mem[X,0x00000000800008B4] -> 0xB027
mem[X,0x00000000800008B6] -> 0x17F7
[562] [M]: 0x00000000800008B4 (0x17F7B027) fsd ft11, 352(a5)
mem[0x0000000080002730] <- 0x40C26F0000000000


mem[X,0x00000000800008B8] -> 0xB423
mem[X,0x00000000800008BA] -> 0x1717
[563] [M]: 0x00000000800008B8 (0x1717B423) sd a7, 360(a5)
mem[0x0000000080002738] <- 0x0000000000000001


mem[X,0x00000000800008BC] -> 0x3F83
mem[X,0x00000000800008BE] -> 0x1988
[564] [M]: 0x00000000800008BC (0x19883F83) ld t6, 408(a6)
mem[R,0x00000000800021A8] -> 0x0000000000001A7D
x31 <- 0x0000000000001A7D


mem[X,0x00000000800008C0] -> 0x5073
mem[X,0x00000000800008C2] -> 0x0020
[565] [M]: 0x00000000800008C0 (0x00205073) csrrwi zero, frm, 0
CSR frm -> 0x0000000000000000
CSR frm <- 0x0000000000000000 (input: 0x0000000000000000)


mem[X,0x00000000800008C4] -> 0xFFD3
mem[X,0x00000000800008C6] -> 0xD22F
[566] [M]: 0x00000000800008C4 (0xD22FFFD3) fcvt.d.l ft11, t6, dyn
f31 <- 0x40BA7D0000000000


mem[X,0x00000000800008C8] -> 0x28F3
mem[X,0x00000000800008CA] -> 0x0010
[567] [M]: 0x00000000800008C8 (0x001028F3) csrrs a7, fflags, zero
CSR fflags -> 0x0000000000000001
x17 <- 0x0000000000000001


mem[X,0x00000000800008CC] -> 0xB827
mem[X,0x00000000800008CE] -> 0x17F7
[568] [M]: 0x00000000800008CC (0x17F7B827) fsd ft11, 368(a5)
mem[0x0000000080002740] <- 0x40BA7D0000000000


mem[X,0x00000000800008D0] -> 0xBC23
mem[X,0x00000000800008D2] -> 0x1717
[569] [M]: 0x00000000800008D0 (0x1717BC23) sd a7, 376(a5)
mem[0x0000000080002748] <- 0x0000000000000001


mem[X,0x00000000800008D4] -> 0x3F83
mem[X,0x00000000800008D6] -> 0x1A08
[570] [M]: 0x00000000800008D4 (0x1A083F83) ld t6, 416(a6)
mem[R,0x00000000800021B0] -> 0x0000000000000FD7
x31 <- 0x0000000000000FD7


mem[X,0x00000000800008D8] -> 0x5073
mem[X,0x00000000800008DA] -> 0x0020
[571] [M]: 0x00000000800008D8 (0x00205073) csrrwi zero, frm, 0
CSR frm -> 0x0000000000000000
CSR frm <- 0x0000000000000000 (input: 0x0000000000000000)


mem[X,0x00000000800008DC] -> 0xFFD3
mem[X,0x00000000800008DE] -> 0xD22F
[572] [M]: 0x00000000800008DC (0xD22FFFD3) fcvt.d.l ft11, t6, dyn
f31 <- 0x40AFAE0000000000


mem[X,0x00000000800008E0] -> 0x28F3
mem[X,0x00000000800008E2] -> 0x0010
[573] [M]: 0x00000000800008E0 (0x001028F3) csrrs a7, fflags, zero
CSR fflags -> 0x0000000000000001
x17 <- 0x0000000000000001


mem[X,0x00000000800008E4] -> 0xB027
mem[X,0x00000000800008E6] -> 0x19F7
[574] [M]: 0x00000000800008E4 (0x19F7B027) fsd ft11, 384(a5)
mem[0x0000000080002750] <- 0x40AFAE0000000000


mem[X,0x00000000800008E8] -> 0xB423
mem[X,0x00000000800008EA] -> 0x1917
[575] [M]: 0x00000000800008E8 (0x1917B423) sd a7, 392(a5)
mem[0x0000000080002758] <- 0x0000000000000001


mem[X,0x00000000800008EC] -> 0x3F83
mem[X,0x00000000800008EE] -> 0x1A88
[576] [M]: 0x00000000800008EC (0x1A883F83) ld t6, 424(a6)
mem[R,0x00000000800021B8] -> 0x0000000000000446
x31 <- 0x0000000000000446


mem[X,0x00000000800008F0] -> 0x5073
mem[X,0x00000000800008F2] -> 0x0020
[577] [M]: 0x00000000800008F0 (0x00205073) csrrwi zero, frm, 0
CSR frm -> 0x0000000000000000
CSR frm <- 0x0000000000000000 (input: 0x0000000000000000)


mem[X,0x00000000800008F4] -> 0xFFD3
mem[X,0x00000000800008F6] -> 0xD22F
[578] [M]: 0x00000000800008F4 (0xD22FFFD3) fcvt.d.l ft11, t6, dyn
f31 <- 0x4091180000000000


mem[X,0x00000000800008F8] -> 0x28F3
mem[X,0x00000000800008FA] -> 0x0010
[579] [M]: 0x00000000800008F8 (0x001028F3) csrrs a7, fflags, zero
CSR fflags -> 0x0000000000000001
x17 <- 0x0000000000000001


mem[X,0x00000000800008FC] -> 0xB827
mem[X,0x00000000800008FE] -> 0x19F7
[580] [M]: 0x00000000800008FC (0x19F7B827) fsd ft11, 400(a5)
mem[0x0000000080002760] <- 0x4091180000000000


mem[X,0x0000000080000900] -> 0xBC23
mem[X,0x0000000080000902] -> 0x1917
[581] [M]: 0x0000000080000900 (0x1917BC23) sd a7, 408(a5)
mem[0x0000000080002768] <- 0x0000000000000001


mem[X,0x0000000080000904] -> 0x3F83
mem[X,0x0000000080000906] -> 0x1B08
[582] [M]: 0x0000000080000904 (0x1B083F83) ld t6, 432(a6)
mem[R,0x00000000800021C0] -> 0x00000000000002A4
x31 <- 0x00000000000002A4


mem[X,0x0000000080000908] -> 0x5073
mem[X,0x000000008000090A] -> 0x0020
[583] [M]: 0x0000000080000908 (0x00205073) csrrwi zero, frm, 0
CSR frm -> 0x0000000000000000
CSR frm <- 0x0000000000000000 (input: 0x0000000000000000)


mem[X,0x000000008000090C] -> 0xFFD3
mem[X,0x000000008000090E] -> 0xD22F
[584] [M]: 0x000000008000090C (0xD22FFFD3) fcvt.d.l ft11, t6, dyn
f31 <- 0x4085200000000000


mem[X,0x0000000080000910] -> 0x28F3
mem[X,0x0000000080000912] -> 0x0010
[585] [M]: 0x0000000080000910 (0x001028F3) csrrs a7, fflags, zero
CSR fflags -> 0x0000000000000001
x17 <- 0x0000000000000001


mem[X,0x0000000080000914] -> 0xB027
mem[X,0x0000000080000916] -> 0x1BF7
[586] [M]: 0x0000000080000914 (0x1BF7B027) fsd ft11, 416(a5)
mem[0x0000000080002770] <- 0x4085200000000000


mem[X,0x0000000080000918] -> 0xB423
mem[X,0x000000008000091A] -> 0x1B17
[587] [M]: 0x0000000080000918 (0x1B17B423) sd a7, 424(a5)
mem[0x0000000080002778] <- 0x0000000000000001


mem[X,0x000000008000091C] -> 0x3F83
mem[X,0x000000008000091E] -> 0x1B88
[588] [M]: 0x000000008000091C (0x1B883F83) ld t6, 440(a6)
mem[R,0x00000000800021C8] -> 0x000000000000018E
x31 <- 0x000000000000018E


mem[X,0x0000000080000920] -> 0x5073
mem[X,0x0000000080000922] -> 0x0020
[589] [M]: 0x0000000080000920 (0x00205073) csrrwi zero, frm, 0
CSR frm -> 0x0000000000000000
CSR frm <- 0x0000000000000000 (input: 0x0000000000000000)


mem[X,0x0000000080000924] -> 0xFFD3
mem[X,0x0000000080000926] -> 0xD22F
[590] [M]: 0x0000000080000924 (0xD22FFFD3) fcvt.d.l ft11, t6, dyn
f31 <- 0x4078E00000000000


mem[X,0x0000000080000928] -> 0x28F3
mem[X,0x000000008000092A] -> 0x0010
[591] [M]: 0x0000000080000928 (0x001028F3) csrrs a7, fflags, zero
CSR fflags -> 0x0000000000000001
x17 <- 0x0000000000000001


mem[X,0x000000008000092C] -> 0xB827
mem[X,0x000000008000092E] -> 0x1BF7
[592] [M]: 0x000000008000092C (0x1BF7B827) fsd ft11, 432(a5)
mem[0x0000000080002780] <- 0x4078E00000000000


mem[X,0x0000000080000930] -> 0xBC23
mem[X,0x0000000080000932] -> 0x1B17
[593] [M]: 0x0000000080000930 (0x1B17BC23) sd a7, 440(a5)
mem[0x0000000080002788] <- 0x0000000000000001


mem[X,0x0000000080000934] -> 0x3F83
mem[X,0x0000000080000936] -> 0x1C08
[594] [M]: 0x0000000080000934 (0x1C083F83) ld t6, 448(a6)
mem[R,0x00000000800021D0] -> 0x00000000000000FD
x31 <- 0x00000000000000FD


mem[X,0x0000000080000938] -> 0x5073
mem[X,0x000000008000093A] -> 0x0020
[595] [M]: 0x0000000080000938 (0x00205073) csrrwi zero, frm, 0
CSR frm -> 0x0000000000000000
CSR frm <- 0x0000000000000000 (input: 0x0000000000000000)


mem[X,0x000000008000093C] -> 0xFFD3
mem[X,0x000000008000093E] -> 0xD22F
[596] [M]: 0x000000008000093C (0xD22FFFD3) fcvt.d.l ft11, t6, dyn
f31 <- 0x406FA00000000000


mem[X,0x0000000080000940] -> 0x28F3
mem[X,0x0000000080000942] -> 0x0010
[597] [M]: 0x0000000080000940 (0x001028F3) csrrs a7, fflags, zero
CSR fflags -> 0x0000000000000001
x17 <- 0x0000000000000001


mem[X,0x0000000080000944] -> 0xB027
mem[X,0x0000000080000946] -> 0x1DF7
[598] [M]: 0x0000000080000944 (0x1DF7B027) fsd ft11, 448(a5)
mem[0x0000000080002790] <- 0x406FA00000000000


mem[X,0x0000000080000948] -> 0xB423
mem[X,0x000000008000094A] -> 0x1D17
[599] [M]: 0x0000000080000948 (0x1D17B423) sd a7, 456(a5)
mem[0x0000000080002798] <- 0x0000000000000001


clint::tick mtime <- 0x0000000000000006
 clint timer pending at mtime 0x0000000000000006
htif::tick 0x0000000000000000
mem[X,0x000000008000094C] -> 0x3F83
mem[X,0x000000008000094E] -> 0x1C88
[600] [M]: 0x000000008000094C (0x1C883F83) ld t6, 456(a6)
mem[R,0x00000000800021D8] -> 0x000000000000007B
x31 <- 0x000000000000007B


mem[X,0x0000000080000950] -> 0x5073
mem[X,0x0000000080000952] -> 0x0020
[601] [M]: 0x0000000080000950 (0x00205073) csrrwi zero, frm, 0
CSR frm -> 0x0000000000000000
CSR frm <- 0x0000000000000000 (input: 0x0000000000000000)


mem[X,0x0000000080000954] -> 0xFFD3
mem[X,0x0000000080000956] -> 0xD22F
[602] [M]: 0x0000000080000954 (0xD22FFFD3) fcvt.d.l ft11, t6, dyn
f31 <- 0x405EC00000000000


mem[X,0x0000000080000958] -> 0x28F3
mem[X,0x000000008000095A] -> 0x0010
[603] [M]: 0x0000000080000958 (0x001028F3) csrrs a7, fflags, zero
CSR fflags -> 0x0000000000000001
x17 <- 0x0000000000000001


mem[X,0x000000008000095C] -> 0xB827
mem[X,0x000000008000095E] -> 0x1DF7
[604] [M]: 0x000000008000095C (0x1DF7B827) fsd ft11, 464(a5)
mem[0x00000000800027A0] <- 0x405EC00000000000


mem[X,0x0000000080000960] -> 0xBC23
mem[X,0x0000000080000962] -> 0x1D17
[605] [M]: 0x0000000080000960 (0x1D17BC23) sd a7, 472(a5)
mem[0x00000000800027A8] <- 0x0000000000000001


mem[X,0x0000000080000964] -> 0x3F83
mem[X,0x0000000080000966] -> 0x1D08
[606] [M]: 0x0000000080000964 (0x1D083F83) ld t6, 464(a6)
mem[R,0x00000000800021E0] -> 0x000000000000002D
x31 <- 0x000000000000002D


mem[X,0x0000000080000968] -> 0x5073
mem[X,0x000000008000096A] -> 0x0020
[607] [M]: 0x0000000080000968 (0x00205073) csrrwi zero, frm, 0
CSR frm -> 0x0000000000000000
CSR frm <- 0x0000000000000000 (input: 0x0000000000000000)


mem[X,0x000000008000096C] -> 0xFFD3
mem[X,0x000000008000096E] -> 0xD22F
[608] [M]: 0x000000008000096C (0xD22FFFD3) fcvt.d.l ft11, t6, dyn
f31 <- 0x4046800000000000


mem[X,0x0000000080000970] -> 0x28F3
mem[X,0x0000000080000972] -> 0x0010
[609] [M]: 0x0000000080000970 (0x001028F3) csrrs a7, fflags, zero
CSR fflags -> 0x0000000000000001
x17 <- 0x0000000000000001


mem[X,0x0000000080000974] -> 0xB027
mem[X,0x0000000080000976] -> 0x1FF7
[610] [M]: 0x0000000080000974 (0x1FF7B027) fsd ft11, 480(a5)
mem[0x00000000800027B0] <- 0x4046800000000000


mem[X,0x0000000080000978] -> 0xB423
mem[X,0x000000008000097A] -> 0x1F17
[611] [M]: 0x0000000080000978 (0x1F17B423) sd a7, 488(a5)
mem[0x00000000800027B8] <- 0x0000000000000001


mem[X,0x000000008000097C] -> 0x3F83
mem[X,0x000000008000097E] -> 0x1D88
[612] [M]: 0x000000008000097C (0x1D883F83) ld t6, 472(a6)
mem[R,0x00000000800021E8] -> 0x0000000000000010
x31 <- 0x0000000000000010


mem[X,0x0000000080000980] -> 0x5073
mem[X,0x0000000080000982] -> 0x0020
[613] [M]: 0x0000000080000980 (0x00205073) csrrwi zero, frm, 0
CSR frm -> 0x0000000000000000
CSR frm <- 0x0000000000000000 (input: 0x0000000000000000)


mem[X,0x0000000080000984] -> 0xFFD3
mem[X,0x0000000080000986] -> 0xD22F
[614] [M]: 0x0000000080000984 (0xD22FFFD3) fcvt.d.l ft11, t6, dyn
f31 <- 0x4030000000000000


mem[X,0x0000000080000988] -> 0x28F3
mem[X,0x000000008000098A] -> 0x0010
[615] [M]: 0x0000000080000988 (0x001028F3) csrrs a7, fflags, zero
CSR fflags -> 0x0000000000000001
x17 <- 0x0000000000000001


mem[X,0x000000008000098C] -> 0xB827
mem[X,0x000000008000098E] -> 0x1FF7
[616] [M]: 0x000000008000098C (0x1FF7B827) fsd ft11, 496(a5)
mem[0x00000000800027C0] <- 0x4030000000000000


mem[X,0x0000000080000990] -> 0xBC23
mem[X,0x0000000080000992] -> 0x1F17
[617] [M]: 0x0000000080000990 (0x1F17BC23) sd a7, 504(a5)
mem[0x00000000800027C8] <- 0x0000000000000001


mem[X,0x0000000080000994] -> 0x3F83
mem[X,0x0000000080000996] -> 0x1E08
[618] [M]: 0x0000000080000994 (0x1E083F83) ld t6, 480(a6)
mem[R,0x00000000800021F0] -> 0x000000000000000F
x31 <- 0x000000000000000F


mem[X,0x0000000080000998] -> 0x5073
mem[X,0x000000008000099A] -> 0x0020
[619] [M]: 0x0000000080000998 (0x00205073) csrrwi zero, frm, 0
CSR frm -> 0x0000000000000000
CSR frm <- 0x0000000000000000 (input: 0x0000000000000000)


mem[X,0x000000008000099C] -> 0xFFD3
mem[X,0x000000008000099E] -> 0xD22F
[620] [M]: 0x000000008000099C (0xD22FFFD3) fcvt.d.l ft11, t6, dyn
f31 <- 0x402E000000000000


mem[X,0x00000000800009A0] -> 0x28F3
mem[X,0x00000000800009A2] -> 0x0010
[621] [M]: 0x00000000800009A0 (0x001028F3) csrrs a7, fflags, zero
CSR fflags -> 0x0000000000000001
x17 <- 0x0000000000000001


mem[X,0x00000000800009A4] -> 0xB027
mem[X,0x00000000800009A6] -> 0x21F7
[622] [M]: 0x00000000800009A4 (0x21F7B027) fsd ft11, 512(a5)
mem[0x00000000800027D0] <- 0x402E000000000000


mem[X,0x00000000800009A8] -> 0xB423
mem[X,0x00000000800009AA] -> 0x2117
[623] [M]: 0x00000000800009A8 (0x2117B423) sd a7, 520(a5)
mem[0x00000000800027D8] <- 0x0000000000000001


mem[X,0x00000000800009AC] -> 0x3F83
mem[X,0x00000000800009AE] -> 0x1E88
[624] [M]: 0x00000000800009AC (0x1E883F83) ld t6, 488(a6)
mem[R,0x00000000800021F8] -> 0x0000000000000007
x31 <- 0x0000000000000007


mem[X,0x00000000800009B0] -> 0x5073
mem[X,0x00000000800009B2] -> 0x0020
[625] [M]: 0x00000000800009B0 (0x00205073) csrrwi zero, frm, 0
CSR frm -> 0x0000000000000000
CSR frm <- 0x0000000000000000 (input: 0x0000000000000000)


mem[X,0x00000000800009B4] -> 0xFFD3
mem[X,0x00000000800009B6] -> 0xD22F
[626] [M]: 0x00000000800009B4 (0xD22FFFD3) fcvt.d.l ft11, t6, dyn
f31 <- 0x401C000000000000


mem[X,0x00000000800009B8] -> 0x28F3
mem[X,0x00000000800009BA] -> 0x0010
[627] [M]: 0x00000000800009B8 (0x001028F3) csrrs a7, fflags, zero
CSR fflags -> 0x0000000000000001
x17 <- 0x0000000000000001


mem[X,0x00000000800009BC] -> 0xB827
mem[X,0x00000000800009BE] -> 0x21F7
[628] [M]: 0x00000000800009BC (0x21F7B827) fsd ft11, 528(a5)
mem[0x00000000800027E0] <- 0x401C000000000000


mem[X,0x00000000800009C0] -> 0xBC23
mem[X,0x00000000800009C2] -> 0x2117
[629] [M]: 0x00000000800009C0 (0x2117BC23) sd a7, 536(a5)
mem[0x00000000800027E8] <- 0x0000000000000001


mem[X,0x00000000800009C4] -> 0x3F83
mem[X,0x00000000800009C6] -> 0x1F08
[630] [M]: 0x00000000800009C4 (0x1F083F83) ld t6, 496(a6)
mem[R,0x0000000080002200] -> 0x0000000000000002
x31 <- 0x0000000000000002


mem[X,0x00000000800009C8] -> 0x5073
mem[X,0x00000000800009CA] -> 0x0020
[631] [M]: 0x00000000800009C8 (0x00205073) csrrwi zero, frm, 0
CSR frm -> 0x0000000000000000
CSR frm <- 0x0000000000000000 (input: 0x0000000000000000)


mem[X,0x00000000800009CC] -> 0xFFD3
mem[X,0x00000000800009CE] -> 0xD22F
[632] [M]: 0x00000000800009CC (0xD22FFFD3) fcvt.d.l ft11, t6, dyn
f31 <- 0x4000000000000000


mem[X,0x00000000800009D0] -> 0x28F3
mem[X,0x00000000800009D2] -> 0x0010
[633] [M]: 0x00000000800009D0 (0x001028F3) csrrs a7, fflags, zero
CSR fflags -> 0x0000000000000001
x17 <- 0x0000000000000001


mem[X,0x00000000800009D4] -> 0xB027
mem[X,0x00000000800009D6] -> 0x23F7
[634] [M]: 0x00000000800009D4 (0x23F7B027) fsd ft11, 544(a5)
mem[0x00000000800027F0] <- 0x4000000000000000


mem[X,0x00000000800009D8] -> 0xB423
mem[X,0x00000000800009DA] -> 0x2317
[635] [M]: 0x00000000800009D8 (0x2317B423) sd a7, 552(a5)
mem[0x00000000800027F8] <- 0x0000000000000001


mem[X,0x00000000800009DC] -> 0x3F83
mem[X,0x00000000800009DE] -> 0x1F88
[636] [M]: 0x00000000800009DC (0x1F883F83) ld t6, 504(a6)
mem[R,0x0000000080002208] -> 0x0000000000000001
x31 <- 0x0000000000000001


mem[X,0x00000000800009E0] -> 0x5073
mem[X,0x00000000800009E2] -> 0x0020
[637] [M]: 0x00000000800009E0 (0x00205073) csrrwi zero, frm, 0
CSR frm -> 0x0000000000000000
CSR frm <- 0x0000000000000000 (input: 0x0000000000000000)


mem[X,0x00000000800009E4] -> 0xFFD3
mem[X,0x00000000800009E6] -> 0xD22F
[638] [M]: 0x00000000800009E4 (0xD22FFFD3) fcvt.d.l ft11, t6, dyn
f31 <- 0x3FF0000000000000


mem[X,0x00000000800009E8] -> 0x28F3
mem[X,0x00000000800009EA] -> 0x0010
[639] [M]: 0x00000000800009E8 (0x001028F3) csrrs a7, fflags, zero
CSR fflags -> 0x0000000000000001
x17 <- 0x0000000000000001


mem[X,0x00000000800009EC] -> 0xB827
mem[X,0x00000000800009EE] -> 0x23F7
[640] [M]: 0x00000000800009EC (0x23F7B827) fsd ft11, 560(a5)
mem[0x0000000080002800] <- 0x3FF0000000000000


mem[X,0x00000000800009F0] -> 0xBC23
mem[X,0x00000000800009F2] -> 0x2317
[641] [M]: 0x00000000800009F0 (0x2317BC23) sd a7, 568(a5)
mem[0x0000000080002808] <- 0x0000000000000001


mem[X,0x00000000800009F4] -> 0x3F83
mem[X,0x00000000800009F6] -> 0x2008
[642] [M]: 0x00000000800009F4 (0x20083F83) ld t6, 512(a6)
mem[R,0x0000000080002210] -> 0x00568A19C70AFC92
x31 <- 0x00568A19C70AFC92


mem[X,0x00000000800009F8] -> 0x5073
mem[X,0x00000000800009FA] -> 0x0020
[643] [M]: 0x00000000800009F8 (0x00205073) csrrwi zero, frm, 0
CSR frm -> 0x0000000000000000
CSR frm <- 0x0000000000000000 (input: 0x0000000000000000)


mem[X,0x00000000800009FC] -> 0xFFD3
mem[X,0x00000000800009FE] -> 0xD22F
[644] [M]: 0x00000000800009FC (0xD22FFFD3) fcvt.d.l ft11, t6, dyn
f31 <- 0x4355A28671C2BF24


mem[X,0x0000000080000A00] -> 0x28F3
mem[X,0x0000000080000A02] -> 0x0010
[645] [M]: 0x0000000080000A00 (0x001028F3) csrrs a7, fflags, zero
CSR fflags -> 0x0000000000000001
x17 <- 0x0000000000000001


mem[X,0x0000000080000A04] -> 0xB027
mem[X,0x0000000080000A06] -> 0x25F7
[646] [M]: 0x0000000080000A04 (0x25F7B027) fsd ft11, 576(a5)
mem[0x0000000080002810] <- 0x4355A28671C2BF24


mem[X,0x0000000080000A08] -> 0xB423
mem[X,0x0000000080000A0A] -> 0x2517
[647] [M]: 0x0000000080000A08 (0x2517B423) sd a7, 584(a5)
mem[0x0000000080002818] <- 0x0000000000000001


mem[X,0x0000000080000A0C] -> 0x0013
mem[X,0x0000000080000A0E] -> 0x0000
[648] [M]: 0x0000000080000A0C (0x00000013) addi zero, zero, 0


mem[X,0x0000000080000A10] -> 0x0093
mem[X,0x0000000080000A12] -> 0x0010
[649] [M]: 0x0000000080000A10 (0x00100093) addi ra, zero, 1
x1 <- 0x0000000000000001


mem[X,0x0000000080000A14] -> 0x0F17
mem[X,0x0000000080000A16] -> 0x0000
[650] [M]: 0x0000000080000A14 (0x00000F17) auipc t5, 0
x30 <- 0x0000000080000A14


mem[X,0x0000000080000A18] -> 0x2623
mem[X,0x0000000080000A1A] -> 0x5E1F
[651] [M]: 0x0000000080000A18 (0x5E1F2623) sw ra, 1516(t5)
htif[0x0000000080001000] <- 0x00000001


mem[X,0x0000000080000A1C] -> 0xF06F
mem[X,0x0000000080000A1E] -> 0xFF9F
[652] [M]: 0x0000000080000A1C (0xFF9FF06F) jal zero, 2097144


mem[X,0x0000000080000A14] -> 0x0F17
mem[X,0x0000000080000A16] -> 0x0000
[653] [M]: 0x0000000080000A14 (0x00000F17) auipc t5, 0
x30 <- 0x0000000080000A14


mem[X,0x0000000080000A18] -> 0x2623
mem[X,0x0000000080000A1A] -> 0x5E1F
[654] [M]: 0x0000000080000A18 (0x5E1F2623) sw ra, 1516(t5)
htif[0x0000000080001000] <- 0x00000001


mem[X,0x0000000080000A1C] -> 0xF06F
mem[X,0x0000000080000A1E] -> 0xFF9F
[655] [M]: 0x0000000080000A1C (0xFF9FF06F) jal zero, 2097144


mem[X,0x0000000080000A14] -> 0x0F17
mem[X,0x0000000080000A16] -> 0x0000
[656] [M]: 0x0000000080000A14 (0x00000F17) auipc t5, 0
x30 <- 0x0000000080000A14


mem[X,0x0000000080000A18] -> 0x2623
mem[X,0x0000000080000A1A] -> 0x5E1F
[657] [M]: 0x0000000080000A18 (0x5E1F2623) sw ra, 1516(t5)
htif[0x0000000080001000] <- 0x00000001
htif-syscall-proxy cmd: 0x000000000001

SUCCESS
